[2025-02-04T23:19:48.361+0000] {processor.py:186} INFO - Started process (PID=75) to work on /home/airflow/.local/lib/python3.12/site-packages/airflow/example_dags/example_external_task_marker_dag.py
[2025-02-04T23:19:48.364+0000] {processor.py:914} INFO - Processing file /home/airflow/.local/lib/python3.12/site-packages/airflow/example_dags/example_external_task_marker_dag.py for tasks to queue
[2025-02-04T23:19:48.371+0000] {logging_mixin.py:190} INFO - [2025-02-04T23:19:48.369+0000] {dagbag.py:588} INFO - Filling up the DagBag from /home/airflow/.local/lib/python3.12/site-packages/airflow/example_dags/example_external_task_marker_dag.py
[2025-02-04T23:19:48.406+0000] {processor.py:925} INFO - DAG(s) 'example_external_task_marker_child', 'example_external_task_marker_parent' retrieved from /home/airflow/.local/lib/python3.12/site-packages/airflow/example_dags/example_external_task_marker_dag.py
[2025-02-04T23:19:48.605+0000] {logging_mixin.py:190} INFO - [2025-02-04T23:19:48.604+0000] {override.py:1911} INFO - Created Permission View: can edit on DAG:example_external_task_marker_child
[2025-02-04T23:19:48.620+0000] {logging_mixin.py:190} INFO - [2025-02-04T23:19:48.619+0000] {override.py:1911} INFO - Created Permission View: can read on DAG:example_external_task_marker_child
[2025-02-04T23:19:48.630+0000] {logging_mixin.py:190} INFO - [2025-02-04T23:19:48.629+0000] {override.py:1911} INFO - Created Permission View: can delete on DAG:example_external_task_marker_child
[2025-02-04T23:19:48.644+0000] {logging_mixin.py:190} INFO - [2025-02-04T23:19:48.644+0000] {override.py:1911} INFO - Created Permission View: can delete on DAG Run:example_external_task_marker_child
[2025-02-04T23:19:48.655+0000] {logging_mixin.py:190} INFO - [2025-02-04T23:19:48.655+0000] {override.py:1911} INFO - Created Permission View: can read on DAG Run:example_external_task_marker_child
[2025-02-04T23:19:48.665+0000] {logging_mixin.py:190} INFO - [2025-02-04T23:19:48.664+0000] {override.py:1911} INFO - Created Permission View: can create on DAG Run:example_external_task_marker_child
[2025-02-04T23:19:48.676+0000] {logging_mixin.py:190} INFO - [2025-02-04T23:19:48.675+0000] {override.py:1911} INFO - Created Permission View: menu access on DAG Run:example_external_task_marker_child
[2025-02-04T23:19:48.697+0000] {logging_mixin.py:190} INFO - [2025-02-04T23:19:48.696+0000] {override.py:1911} INFO - Created Permission View: can edit on DAG:example_external_task_marker_parent
[2025-02-04T23:19:48.707+0000] {logging_mixin.py:190} INFO - [2025-02-04T23:19:48.707+0000] {override.py:1911} INFO - Created Permission View: can read on DAG:example_external_task_marker_parent
[2025-02-04T23:19:48.718+0000] {logging_mixin.py:190} INFO - [2025-02-04T23:19:48.718+0000] {override.py:1911} INFO - Created Permission View: can delete on DAG:example_external_task_marker_parent
[2025-02-04T23:19:48.734+0000] {logging_mixin.py:190} INFO - [2025-02-04T23:19:48.733+0000] {override.py:1911} INFO - Created Permission View: can delete on DAG Run:example_external_task_marker_parent
[2025-02-04T23:19:48.746+0000] {logging_mixin.py:190} INFO - [2025-02-04T23:19:48.745+0000] {override.py:1911} INFO - Created Permission View: can read on DAG Run:example_external_task_marker_parent
[2025-02-04T23:19:48.757+0000] {logging_mixin.py:190} INFO - [2025-02-04T23:19:48.757+0000] {override.py:1911} INFO - Created Permission View: can create on DAG Run:example_external_task_marker_parent
[2025-02-04T23:19:48.769+0000] {logging_mixin.py:190} INFO - [2025-02-04T23:19:48.769+0000] {override.py:1911} INFO - Created Permission View: menu access on DAG Run:example_external_task_marker_parent
[2025-02-04T23:19:48.770+0000] {logging_mixin.py:190} INFO - [2025-02-04T23:19:48.769+0000] {dag.py:3239} INFO - Sync 2 DAGs
[2025-02-04T23:19:48.796+0000] {logging_mixin.py:190} INFO - [2025-02-04T23:19:48.795+0000] {dag.py:3262} INFO - Creating ORM DAG for example_external_task_marker_parent
[2025-02-04T23:19:48.797+0000] {logging_mixin.py:190} INFO - [2025-02-04T23:19:48.797+0000] {dag.py:3262} INFO - Creating ORM DAG for example_external_task_marker_child
[2025-02-04T23:19:48.798+0000] {logging_mixin.py:190} INFO - [2025-02-04T23:19:48.798+0000] {dag.py:4180} INFO - Setting next_dagrun for example_external_task_marker_child to None, run_after=None
[2025-02-04T23:19:48.799+0000] {logging_mixin.py:190} INFO - [2025-02-04T23:19:48.799+0000] {dag.py:4180} INFO - Setting next_dagrun for example_external_task_marker_parent to None, run_after=None
[2025-02-04T23:19:48.828+0000] {processor.py:208} INFO - Processing /home/airflow/.local/lib/python3.12/site-packages/airflow/example_dags/example_external_task_marker_dag.py took 0.477 seconds
[2025-02-04T23:20:19.419+0000] {processor.py:186} INFO - Started process (PID=137) to work on /home/airflow/.local/lib/python3.12/site-packages/airflow/example_dags/example_external_task_marker_dag.py
[2025-02-04T23:20:19.420+0000] {processor.py:914} INFO - Processing file /home/airflow/.local/lib/python3.12/site-packages/airflow/example_dags/example_external_task_marker_dag.py for tasks to queue
[2025-02-04T23:20:19.423+0000] {logging_mixin.py:190} INFO - [2025-02-04T23:20:19.422+0000] {dagbag.py:588} INFO - Filling up the DagBag from /home/airflow/.local/lib/python3.12/site-packages/airflow/example_dags/example_external_task_marker_dag.py
[2025-02-04T23:20:19.429+0000] {processor.py:925} INFO - DAG(s) 'example_external_task_marker_parent', 'example_external_task_marker_child' retrieved from /home/airflow/.local/lib/python3.12/site-packages/airflow/example_dags/example_external_task_marker_dag.py
[2025-02-04T23:20:19.447+0000] {logging_mixin.py:190} INFO - [2025-02-04T23:20:19.447+0000] {dag.py:3239} INFO - Sync 2 DAGs
[2025-02-04T23:20:19.459+0000] {logging_mixin.py:190} INFO - [2025-02-04T23:20:19.459+0000] {dag.py:4180} INFO - Setting next_dagrun for example_external_task_marker_child to None, run_after=None
[2025-02-04T23:20:19.463+0000] {logging_mixin.py:190} INFO - [2025-02-04T23:20:19.462+0000] {dag.py:4180} INFO - Setting next_dagrun for example_external_task_marker_parent to None, run_after=None
[2025-02-04T23:20:19.478+0000] {processor.py:208} INFO - Processing /home/airflow/.local/lib/python3.12/site-packages/airflow/example_dags/example_external_task_marker_dag.py took 0.064 seconds
[2025-02-04T23:20:50.415+0000] {processor.py:186} INFO - Started process (PID=200) to work on /home/airflow/.local/lib/python3.12/site-packages/airflow/example_dags/example_external_task_marker_dag.py
[2025-02-04T23:20:50.416+0000] {processor.py:914} INFO - Processing file /home/airflow/.local/lib/python3.12/site-packages/airflow/example_dags/example_external_task_marker_dag.py for tasks to queue
[2025-02-04T23:20:50.418+0000] {logging_mixin.py:190} INFO - [2025-02-04T23:20:50.418+0000] {dagbag.py:588} INFO - Filling up the DagBag from /home/airflow/.local/lib/python3.12/site-packages/airflow/example_dags/example_external_task_marker_dag.py
[2025-02-04T23:20:50.426+0000] {processor.py:925} INFO - DAG(s) 'example_external_task_marker_parent', 'example_external_task_marker_child' retrieved from /home/airflow/.local/lib/python3.12/site-packages/airflow/example_dags/example_external_task_marker_dag.py
[2025-02-04T23:20:50.448+0000] {logging_mixin.py:190} INFO - [2025-02-04T23:20:50.447+0000] {dag.py:3239} INFO - Sync 2 DAGs
[2025-02-04T23:20:50.461+0000] {logging_mixin.py:190} INFO - [2025-02-04T23:20:50.461+0000] {dag.py:4180} INFO - Setting next_dagrun for example_external_task_marker_child to None, run_after=None
[2025-02-04T23:20:50.464+0000] {logging_mixin.py:190} INFO - [2025-02-04T23:20:50.464+0000] {dag.py:4180} INFO - Setting next_dagrun for example_external_task_marker_parent to None, run_after=None
[2025-02-04T23:20:50.480+0000] {processor.py:208} INFO - Processing /home/airflow/.local/lib/python3.12/site-packages/airflow/example_dags/example_external_task_marker_dag.py took 0.071 seconds
