[2025-02-04T23:19:54.934+0000] {processor.py:186} INFO - Started process (PID=106) to work on /home/airflow/.local/lib/python3.12/site-packages/airflow/example_dags/example_inlet_event_extra.py
[2025-02-04T23:19:54.934+0000] {processor.py:914} INFO - Processing file /home/airflow/.local/lib/python3.12/site-packages/airflow/example_dags/example_inlet_event_extra.py for tasks to queue
[2025-02-04T23:19:54.937+0000] {logging_mixin.py:190} INFO - [2025-02-04T23:19:54.937+0000] {dagbag.py:588} INFO - Filling up the DagBag from /home/airflow/.local/lib/python3.12/site-packages/airflow/example_dags/example_inlet_event_extra.py
[2025-02-04T23:19:55.509+0000] {processor.py:925} INFO - DAG(s) 'read_dataset_event_from_classic', 'read_dataset_event' retrieved from /home/airflow/.local/lib/python3.12/site-packages/airflow/example_dags/example_inlet_event_extra.py
[2025-02-04T23:19:55.597+0000] {logging_mixin.py:190} INFO - [2025-02-04T23:19:55.597+0000] {override.py:1911} INFO - Created Permission View: can edit on DAG:read_dataset_event_from_classic
[2025-02-04T23:19:55.607+0000] {logging_mixin.py:190} INFO - [2025-02-04T23:19:55.607+0000] {override.py:1911} INFO - Created Permission View: can read on DAG:read_dataset_event_from_classic
[2025-02-04T23:19:55.615+0000] {logging_mixin.py:190} INFO - [2025-02-04T23:19:55.614+0000] {override.py:1911} INFO - Created Permission View: can delete on DAG:read_dataset_event_from_classic
[2025-02-04T23:19:55.627+0000] {logging_mixin.py:190} INFO - [2025-02-04T23:19:55.627+0000] {override.py:1911} INFO - Created Permission View: can delete on DAG Run:read_dataset_event_from_classic
[2025-02-04T23:19:55.635+0000] {logging_mixin.py:190} INFO - [2025-02-04T23:19:55.634+0000] {override.py:1911} INFO - Created Permission View: can read on DAG Run:read_dataset_event_from_classic
[2025-02-04T23:19:55.642+0000] {logging_mixin.py:190} INFO - [2025-02-04T23:19:55.641+0000] {override.py:1911} INFO - Created Permission View: can create on DAG Run:read_dataset_event_from_classic
[2025-02-04T23:19:55.649+0000] {logging_mixin.py:190} INFO - [2025-02-04T23:19:55.648+0000] {override.py:1911} INFO - Created Permission View: menu access on DAG Run:read_dataset_event_from_classic
[2025-02-04T23:19:55.666+0000] {logging_mixin.py:190} INFO - [2025-02-04T23:19:55.665+0000] {override.py:1911} INFO - Created Permission View: can edit on DAG:read_dataset_event
[2025-02-04T23:19:55.674+0000] {logging_mixin.py:190} INFO - [2025-02-04T23:19:55.673+0000] {override.py:1911} INFO - Created Permission View: can read on DAG:read_dataset_event
[2025-02-04T23:19:55.682+0000] {logging_mixin.py:190} INFO - [2025-02-04T23:19:55.682+0000] {override.py:1911} INFO - Created Permission View: can delete on DAG:read_dataset_event
[2025-02-04T23:19:55.695+0000] {logging_mixin.py:190} INFO - [2025-02-04T23:19:55.695+0000] {override.py:1911} INFO - Created Permission View: can delete on DAG Run:read_dataset_event
[2025-02-04T23:19:55.705+0000] {logging_mixin.py:190} INFO - [2025-02-04T23:19:55.705+0000] {override.py:1911} INFO - Created Permission View: can read on DAG Run:read_dataset_event
[2025-02-04T23:19:55.713+0000] {logging_mixin.py:190} INFO - [2025-02-04T23:19:55.712+0000] {override.py:1911} INFO - Created Permission View: can create on DAG Run:read_dataset_event
[2025-02-04T23:19:55.720+0000] {logging_mixin.py:190} INFO - [2025-02-04T23:19:55.720+0000] {override.py:1911} INFO - Created Permission View: menu access on DAG Run:read_dataset_event
[2025-02-04T23:19:55.720+0000] {logging_mixin.py:190} INFO - [2025-02-04T23:19:55.720+0000] {dag.py:3239} INFO - Sync 2 DAGs
[2025-02-04T23:19:55.735+0000] {logging_mixin.py:190} INFO - [2025-02-04T23:19:55.734+0000] {dag.py:3262} INFO - Creating ORM DAG for read_dataset_event_from_classic
[2025-02-04T23:19:55.735+0000] {logging_mixin.py:190} INFO - [2025-02-04T23:19:55.735+0000] {dag.py:3262} INFO - Creating ORM DAG for read_dataset_event
[2025-02-04T23:19:55.745+0000] {logging_mixin.py:190} INFO - [2025-02-04T23:19:55.745+0000] {dag.py:4180} INFO - Setting next_dagrun for read_dataset_event to 2025-02-03 00:00:00+00:00, run_after=2025-02-04 00:00:00+00:00
[2025-02-04T23:19:55.747+0000] {logging_mixin.py:190} INFO - [2025-02-04T23:19:55.747+0000] {dag.py:4180} INFO - Setting next_dagrun for read_dataset_event_from_classic to 2025-02-03 00:00:00+00:00, run_after=2025-02-04 00:00:00+00:00
[2025-02-04T23:19:55.766+0000] {processor.py:208} INFO - Processing /home/airflow/.local/lib/python3.12/site-packages/airflow/example_dags/example_inlet_event_extra.py took 0.838 seconds
[2025-02-04T23:20:26.669+0000] {processor.py:186} INFO - Started process (PID=169) to work on /home/airflow/.local/lib/python3.12/site-packages/airflow/example_dags/example_inlet_event_extra.py
[2025-02-04T23:20:26.670+0000] {processor.py:914} INFO - Processing file /home/airflow/.local/lib/python3.12/site-packages/airflow/example_dags/example_inlet_event_extra.py for tasks to queue
[2025-02-04T23:20:26.674+0000] {logging_mixin.py:190} INFO - [2025-02-04T23:20:26.673+0000] {dagbag.py:588} INFO - Filling up the DagBag from /home/airflow/.local/lib/python3.12/site-packages/airflow/example_dags/example_inlet_event_extra.py
[2025-02-04T23:20:27.819+0000] {processor.py:925} INFO - DAG(s) 'read_dataset_event', 'read_dataset_event_from_classic' retrieved from /home/airflow/.local/lib/python3.12/site-packages/airflow/example_dags/example_inlet_event_extra.py
[2025-02-04T23:20:27.847+0000] {logging_mixin.py:190} INFO - [2025-02-04T23:20:27.847+0000] {dag.py:3239} INFO - Sync 2 DAGs
[2025-02-04T23:20:27.877+0000] {logging_mixin.py:190} INFO - [2025-02-04T23:20:27.877+0000] {dag.py:4180} INFO - Setting next_dagrun for read_dataset_event to 2025-02-03 00:00:00+00:00, run_after=2025-02-04 00:00:00+00:00
[2025-02-04T23:20:27.883+0000] {logging_mixin.py:190} INFO - [2025-02-04T23:20:27.882+0000] {dag.py:4180} INFO - Setting next_dagrun for read_dataset_event_from_classic to 2025-02-03 00:00:00+00:00, run_after=2025-02-04 00:00:00+00:00
[2025-02-04T23:20:27.905+0000] {processor.py:208} INFO - Processing /home/airflow/.local/lib/python3.12/site-packages/airflow/example_dags/example_inlet_event_extra.py took 1.256 seconds
[2025-02-04T23:20:58.469+0000] {processor.py:186} INFO - Started process (PID=232) to work on /home/airflow/.local/lib/python3.12/site-packages/airflow/example_dags/example_inlet_event_extra.py
[2025-02-04T23:20:58.471+0000] {processor.py:914} INFO - Processing file /home/airflow/.local/lib/python3.12/site-packages/airflow/example_dags/example_inlet_event_extra.py for tasks to queue
[2025-02-04T23:20:58.476+0000] {logging_mixin.py:190} INFO - [2025-02-04T23:20:58.475+0000] {dagbag.py:588} INFO - Filling up the DagBag from /home/airflow/.local/lib/python3.12/site-packages/airflow/example_dags/example_inlet_event_extra.py
[2025-02-04T23:21:00.238+0000] {logging_mixin.py:190} INFO - [2025-02-04T23:21:00.237+0000] {process_utils.py:266} INFO - Waiting up to 5 seconds for processes to exit...
