[2025-02-04T23:19:52.293+0000] {processor.py:186} INFO - Started process (PID=87) to work on /home/airflow/.local/lib/python3.12/site-packages/airflow/example_dags/example_time_delta_sensor_async.py
[2025-02-04T23:19:52.294+0000] {processor.py:914} INFO - Processing file /home/airflow/.local/lib/python3.12/site-packages/airflow/example_dags/example_time_delta_sensor_async.py for tasks to queue
[2025-02-04T23:19:52.297+0000] {logging_mixin.py:190} INFO - [2025-02-04T23:19:52.296+0000] {dagbag.py:588} INFO - Filling up the DagBag from /home/airflow/.local/lib/python3.12/site-packages/airflow/example_dags/example_time_delta_sensor_async.py
[2025-02-04T23:19:52.307+0000] {processor.py:925} INFO - DAG(s) 'example_time_delta_sensor_async' retrieved from /home/airflow/.local/lib/python3.12/site-packages/airflow/example_dags/example_time_delta_sensor_async.py
[2025-02-04T23:19:52.406+0000] {logging_mixin.py:190} INFO - [2025-02-04T23:19:52.405+0000] {override.py:1911} INFO - Created Permission View: can edit on DAG:example_time_delta_sensor_async
[2025-02-04T23:19:52.417+0000] {logging_mixin.py:190} INFO - [2025-02-04T23:19:52.417+0000] {override.py:1911} INFO - Created Permission View: can read on DAG:example_time_delta_sensor_async
[2025-02-04T23:19:52.425+0000] {logging_mixin.py:190} INFO - [2025-02-04T23:19:52.424+0000] {override.py:1911} INFO - Created Permission View: can delete on DAG:example_time_delta_sensor_async
[2025-02-04T23:19:52.436+0000] {logging_mixin.py:190} INFO - [2025-02-04T23:19:52.436+0000] {override.py:1911} INFO - Created Permission View: can delete on DAG Run:example_time_delta_sensor_async
[2025-02-04T23:19:52.445+0000] {logging_mixin.py:190} INFO - [2025-02-04T23:19:52.444+0000] {override.py:1911} INFO - Created Permission View: can read on DAG Run:example_time_delta_sensor_async
[2025-02-04T23:19:52.456+0000] {logging_mixin.py:190} INFO - [2025-02-04T23:19:52.455+0000] {override.py:1911} INFO - Created Permission View: can create on DAG Run:example_time_delta_sensor_async
[2025-02-04T23:19:52.465+0000] {logging_mixin.py:190} INFO - [2025-02-04T23:19:52.465+0000] {override.py:1911} INFO - Created Permission View: menu access on DAG Run:example_time_delta_sensor_async
[2025-02-04T23:19:52.465+0000] {logging_mixin.py:190} INFO - [2025-02-04T23:19:52.465+0000] {dag.py:3239} INFO - Sync 1 DAGs
[2025-02-04T23:19:52.482+0000] {logging_mixin.py:190} INFO - [2025-02-04T23:19:52.482+0000] {dag.py:3262} INFO - Creating ORM DAG for example_time_delta_sensor_async
[2025-02-04T23:19:52.483+0000] {logging_mixin.py:190} INFO - [2025-02-04T23:19:52.483+0000] {dag.py:4180} INFO - Setting next_dagrun for example_time_delta_sensor_async to None, run_after=None
[2025-02-04T23:19:52.502+0000] {processor.py:208} INFO - Processing /home/airflow/.local/lib/python3.12/site-packages/airflow/example_dags/example_time_delta_sensor_async.py took 0.216 seconds
[2025-02-04T23:20:23.539+0000] {processor.py:186} INFO - Started process (PID=150) to work on /home/airflow/.local/lib/python3.12/site-packages/airflow/example_dags/example_time_delta_sensor_async.py
[2025-02-04T23:20:23.540+0000] {processor.py:914} INFO - Processing file /home/airflow/.local/lib/python3.12/site-packages/airflow/example_dags/example_time_delta_sensor_async.py for tasks to queue
[2025-02-04T23:20:23.543+0000] {logging_mixin.py:190} INFO - [2025-02-04T23:20:23.542+0000] {dagbag.py:588} INFO - Filling up the DagBag from /home/airflow/.local/lib/python3.12/site-packages/airflow/example_dags/example_time_delta_sensor_async.py
[2025-02-04T23:20:23.551+0000] {processor.py:925} INFO - DAG(s) 'example_time_delta_sensor_async' retrieved from /home/airflow/.local/lib/python3.12/site-packages/airflow/example_dags/example_time_delta_sensor_async.py
[2025-02-04T23:20:23.573+0000] {logging_mixin.py:190} INFO - [2025-02-04T23:20:23.573+0000] {dag.py:3239} INFO - Sync 1 DAGs
[2025-02-04T23:20:23.589+0000] {logging_mixin.py:190} INFO - [2025-02-04T23:20:23.588+0000] {dag.py:4180} INFO - Setting next_dagrun for example_time_delta_sensor_async to None, run_after=None
[2025-02-04T23:20:23.616+0000] {processor.py:208} INFO - Processing /home/airflow/.local/lib/python3.12/site-packages/airflow/example_dags/example_time_delta_sensor_async.py took 0.083 seconds
[2025-02-04T23:20:54.359+0000] {processor.py:186} INFO - Started process (PID=207) to work on /home/airflow/.local/lib/python3.12/site-packages/airflow/example_dags/example_time_delta_sensor_async.py
[2025-02-04T23:20:54.360+0000] {processor.py:914} INFO - Processing file /home/airflow/.local/lib/python3.12/site-packages/airflow/example_dags/example_time_delta_sensor_async.py for tasks to queue
[2025-02-04T23:20:54.363+0000] {logging_mixin.py:190} INFO - [2025-02-04T23:20:54.362+0000] {dagbag.py:588} INFO - Filling up the DagBag from /home/airflow/.local/lib/python3.12/site-packages/airflow/example_dags/example_time_delta_sensor_async.py
[2025-02-04T23:20:54.370+0000] {processor.py:925} INFO - DAG(s) 'example_time_delta_sensor_async' retrieved from /home/airflow/.local/lib/python3.12/site-packages/airflow/example_dags/example_time_delta_sensor_async.py
[2025-02-04T23:20:54.390+0000] {logging_mixin.py:190} INFO - [2025-02-04T23:20:54.389+0000] {dag.py:3239} INFO - Sync 1 DAGs
[2025-02-04T23:20:54.403+0000] {logging_mixin.py:190} INFO - [2025-02-04T23:20:54.402+0000] {dag.py:4180} INFO - Setting next_dagrun for example_time_delta_sensor_async to None, run_after=None
[2025-02-04T23:20:54.422+0000] {processor.py:208} INFO - Processing /home/airflow/.local/lib/python3.12/site-packages/airflow/example_dags/example_time_delta_sensor_async.py took 0.069 seconds
