[2025-02-04T23:19:55.804+0000] {processor.py:186} INFO - Started process (PID=107) to work on /home/airflow/.local/lib/python3.12/site-packages/airflow/example_dags/example_trigger_target_dag.py
[2025-02-04T23:19:55.806+0000] {processor.py:914} INFO - Processing file /home/airflow/.local/lib/python3.12/site-packages/airflow/example_dags/example_trigger_target_dag.py for tasks to queue
[2025-02-04T23:19:55.808+0000] {logging_mixin.py:190} INFO - [2025-02-04T23:19:55.808+0000] {dagbag.py:588} INFO - Filling up the DagBag from /home/airflow/.local/lib/python3.12/site-packages/airflow/example_dags/example_trigger_target_dag.py
[2025-02-04T23:19:55.815+0000] {processor.py:925} INFO - DAG(s) 'example_trigger_target_dag' retrieved from /home/airflow/.local/lib/python3.12/site-packages/airflow/example_dags/example_trigger_target_dag.py
[2025-02-04T23:19:55.908+0000] {logging_mixin.py:190} INFO - [2025-02-04T23:19:55.907+0000] {override.py:1911} INFO - Created Permission View: can edit on DAG:example_trigger_target_dag
[2025-02-04T23:19:55.920+0000] {logging_mixin.py:190} INFO - [2025-02-04T23:19:55.919+0000] {override.py:1911} INFO - Created Permission View: can read on DAG:example_trigger_target_dag
[2025-02-04T23:19:55.929+0000] {logging_mixin.py:190} INFO - [2025-02-04T23:19:55.928+0000] {override.py:1911} INFO - Created Permission View: can delete on DAG:example_trigger_target_dag
[2025-02-04T23:19:55.942+0000] {logging_mixin.py:190} INFO - [2025-02-04T23:19:55.941+0000] {override.py:1911} INFO - Created Permission View: can delete on DAG Run:example_trigger_target_dag
[2025-02-04T23:19:55.950+0000] {logging_mixin.py:190} INFO - [2025-02-04T23:19:55.950+0000] {override.py:1911} INFO - Created Permission View: can read on DAG Run:example_trigger_target_dag
[2025-02-04T23:19:55.958+0000] {logging_mixin.py:190} INFO - [2025-02-04T23:19:55.958+0000] {override.py:1911} INFO - Created Permission View: can create on DAG Run:example_trigger_target_dag
[2025-02-04T23:19:55.966+0000] {logging_mixin.py:190} INFO - [2025-02-04T23:19:55.966+0000] {override.py:1911} INFO - Created Permission View: menu access on DAG Run:example_trigger_target_dag
[2025-02-04T23:19:55.967+0000] {logging_mixin.py:190} INFO - [2025-02-04T23:19:55.966+0000] {dag.py:3239} INFO - Sync 1 DAGs
[2025-02-04T23:19:55.979+0000] {logging_mixin.py:190} INFO - [2025-02-04T23:19:55.979+0000] {dag.py:3262} INFO - Creating ORM DAG for example_trigger_target_dag
[2025-02-04T23:19:55.980+0000] {logging_mixin.py:190} INFO - [2025-02-04T23:19:55.980+0000] {dag.py:4180} INFO - Setting next_dagrun for example_trigger_target_dag to None, run_after=None
[2025-02-04T23:19:55.996+0000] {processor.py:208} INFO - Processing /home/airflow/.local/lib/python3.12/site-packages/airflow/example_dags/example_trigger_target_dag.py took 0.207 seconds
[2025-02-04T23:20:27.932+0000] {processor.py:186} INFO - Started process (PID=170) to work on /home/airflow/.local/lib/python3.12/site-packages/airflow/example_dags/example_trigger_target_dag.py
[2025-02-04T23:20:27.933+0000] {processor.py:914} INFO - Processing file /home/airflow/.local/lib/python3.12/site-packages/airflow/example_dags/example_trigger_target_dag.py for tasks to queue
[2025-02-04T23:20:27.935+0000] {logging_mixin.py:190} INFO - [2025-02-04T23:20:27.935+0000] {dagbag.py:588} INFO - Filling up the DagBag from /home/airflow/.local/lib/python3.12/site-packages/airflow/example_dags/example_trigger_target_dag.py
[2025-02-04T23:20:27.944+0000] {processor.py:925} INFO - DAG(s) 'example_trigger_target_dag' retrieved from /home/airflow/.local/lib/python3.12/site-packages/airflow/example_dags/example_trigger_target_dag.py
[2025-02-04T23:20:27.967+0000] {logging_mixin.py:190} INFO - [2025-02-04T23:20:27.966+0000] {dag.py:3239} INFO - Sync 1 DAGs
[2025-02-04T23:20:27.981+0000] {logging_mixin.py:190} INFO - [2025-02-04T23:20:27.980+0000] {dag.py:4180} INFO - Setting next_dagrun for example_trigger_target_dag to None, run_after=None
[2025-02-04T23:20:28.003+0000] {processor.py:208} INFO - Processing /home/airflow/.local/lib/python3.12/site-packages/airflow/example_dags/example_trigger_target_dag.py took 0.077 seconds
