[2025-02-04T23:19:47.515+0000] {processor.py:186} INFO - Started process (PID=71) to work on /home/airflow/.local/lib/python3.12/site-packages/airflow/example_dags/example_params_ui_tutorial.py
[2025-02-04T23:19:47.516+0000] {processor.py:914} INFO - Processing file /home/airflow/.local/lib/python3.12/site-packages/airflow/example_dags/example_params_ui_tutorial.py for tasks to queue
[2025-02-04T23:19:47.519+0000] {logging_mixin.py:190} INFO - [2025-02-04T23:19:47.519+0000] {dagbag.py:588} INFO - Filling up the DagBag from /home/airflow/.local/lib/python3.12/site-packages/airflow/example_dags/example_params_ui_tutorial.py
[2025-02-04T23:19:47.533+0000] {processor.py:925} INFO - DAG(s) 'example_params_ui_tutorial' retrieved from /home/airflow/.local/lib/python3.12/site-packages/airflow/example_dags/example_params_ui_tutorial.py
[2025-02-04T23:19:47.781+0000] {logging_mixin.py:190} INFO - [2025-02-04T23:19:47.780+0000] {override.py:1911} INFO - Created Permission View: can edit on DAG:example_params_ui_tutorial
[2025-02-04T23:19:47.796+0000] {logging_mixin.py:190} INFO - [2025-02-04T23:19:47.795+0000] {override.py:1911} INFO - Created Permission View: can read on DAG:example_params_ui_tutorial
[2025-02-04T23:19:47.807+0000] {logging_mixin.py:190} INFO - [2025-02-04T23:19:47.806+0000] {override.py:1911} INFO - Created Permission View: can delete on DAG:example_params_ui_tutorial
[2025-02-04T23:19:47.822+0000] {logging_mixin.py:190} INFO - [2025-02-04T23:19:47.822+0000] {override.py:1911} INFO - Created Permission View: can delete on DAG Run:example_params_ui_tutorial
[2025-02-04T23:19:47.834+0000] {logging_mixin.py:190} INFO - [2025-02-04T23:19:47.833+0000] {override.py:1911} INFO - Created Permission View: can read on DAG Run:example_params_ui_tutorial
[2025-02-04T23:19:47.846+0000] {logging_mixin.py:190} INFO - [2025-02-04T23:19:47.846+0000] {override.py:1911} INFO - Created Permission View: can create on DAG Run:example_params_ui_tutorial
[2025-02-04T23:19:47.857+0000] {logging_mixin.py:190} INFO - [2025-02-04T23:19:47.857+0000] {override.py:1911} INFO - Created Permission View: menu access on DAG Run:example_params_ui_tutorial
[2025-02-04T23:19:47.858+0000] {logging_mixin.py:190} INFO - [2025-02-04T23:19:47.858+0000] {dag.py:3239} INFO - Sync 1 DAGs
[2025-02-04T23:19:47.881+0000] {logging_mixin.py:190} INFO - [2025-02-04T23:19:47.880+0000] {dag.py:3262} INFO - Creating ORM DAG for example_params_ui_tutorial
[2025-02-04T23:19:47.882+0000] {logging_mixin.py:190} INFO - [2025-02-04T23:19:47.881+0000] {dag.py:4180} INFO - Setting next_dagrun for example_params_ui_tutorial to None, run_after=None
[2025-02-04T23:19:47.916+0000] {processor.py:208} INFO - Processing /home/airflow/.local/lib/python3.12/site-packages/airflow/example_dags/example_params_ui_tutorial.py took 0.408 seconds
[2025-02-04T23:20:18.224+0000] {processor.py:186} INFO - Started process (PID=134) to work on /home/airflow/.local/lib/python3.12/site-packages/airflow/example_dags/example_params_ui_tutorial.py
[2025-02-04T23:20:18.225+0000] {processor.py:914} INFO - Processing file /home/airflow/.local/lib/python3.12/site-packages/airflow/example_dags/example_params_ui_tutorial.py for tasks to queue
[2025-02-04T23:20:18.226+0000] {logging_mixin.py:190} INFO - [2025-02-04T23:20:18.226+0000] {dagbag.py:588} INFO - Filling up the DagBag from /home/airflow/.local/lib/python3.12/site-packages/airflow/example_dags/example_params_ui_tutorial.py
[2025-02-04T23:20:18.232+0000] {processor.py:925} INFO - DAG(s) 'example_params_ui_tutorial' retrieved from /home/airflow/.local/lib/python3.12/site-packages/airflow/example_dags/example_params_ui_tutorial.py
[2025-02-04T23:20:18.266+0000] {logging_mixin.py:190} INFO - [2025-02-04T23:20:18.266+0000] {dag.py:3239} INFO - Sync 1 DAGs
[2025-02-04T23:20:18.278+0000] {logging_mixin.py:190} INFO - [2025-02-04T23:20:18.278+0000] {dag.py:4180} INFO - Setting next_dagrun for example_params_ui_tutorial to None, run_after=None
[2025-02-04T23:20:18.299+0000] {processor.py:208} INFO - Processing /home/airflow/.local/lib/python3.12/site-packages/airflow/example_dags/example_params_ui_tutorial.py took 0.079 seconds
[2025-02-04T23:20:50.235+0000] {processor.py:186} INFO - Started process (PID=197) to work on /home/airflow/.local/lib/python3.12/site-packages/airflow/example_dags/example_params_ui_tutorial.py
[2025-02-04T23:20:50.236+0000] {processor.py:914} INFO - Processing file /home/airflow/.local/lib/python3.12/site-packages/airflow/example_dags/example_params_ui_tutorial.py for tasks to queue
[2025-02-04T23:20:50.237+0000] {logging_mixin.py:190} INFO - [2025-02-04T23:20:50.237+0000] {dagbag.py:588} INFO - Filling up the DagBag from /home/airflow/.local/lib/python3.12/site-packages/airflow/example_dags/example_params_ui_tutorial.py
[2025-02-04T23:20:50.245+0000] {processor.py:925} INFO - DAG(s) 'example_params_ui_tutorial' retrieved from /home/airflow/.local/lib/python3.12/site-packages/airflow/example_dags/example_params_ui_tutorial.py
[2025-02-04T23:20:50.282+0000] {logging_mixin.py:190} INFO - [2025-02-04T23:20:50.282+0000] {dag.py:3239} INFO - Sync 1 DAGs
[2025-02-04T23:20:50.296+0000] {logging_mixin.py:190} INFO - [2025-02-04T23:20:50.296+0000] {dag.py:4180} INFO - Setting next_dagrun for example_params_ui_tutorial to None, run_after=None
[2025-02-04T23:20:50.315+0000] {processor.py:208} INFO - Processing /home/airflow/.local/lib/python3.12/site-packages/airflow/example_dags/example_params_ui_tutorial.py took 0.086 seconds
