[2025-02-04T23:19:54.665+0000] {processor.py:186} INFO - Started process (PID=103) to work on /home/airflow/.local/lib/python3.12/site-packages/airflow/example_dags/example_complex.py
[2025-02-04T23:19:54.665+0000] {processor.py:914} INFO - Processing file /home/airflow/.local/lib/python3.12/site-packages/airflow/example_dags/example_complex.py for tasks to queue
[2025-02-04T23:19:54.667+0000] {logging_mixin.py:190} INFO - [2025-02-04T23:19:54.667+0000] {dagbag.py:588} INFO - Filling up the DagBag from /home/airflow/.local/lib/python3.12/site-packages/airflow/example_dags/example_complex.py
[2025-02-04T23:19:54.678+0000] {processor.py:925} INFO - DAG(s) 'example_complex' retrieved from /home/airflow/.local/lib/python3.12/site-packages/airflow/example_dags/example_complex.py
[2025-02-04T23:19:54.779+0000] {logging_mixin.py:190} INFO - [2025-02-04T23:19:54.779+0000] {override.py:1911} INFO - Created Permission View: can edit on DAG:example_complex
[2025-02-04T23:19:54.790+0000] {logging_mixin.py:190} INFO - [2025-02-04T23:19:54.790+0000] {override.py:1911} INFO - Created Permission View: can read on DAG:example_complex
[2025-02-04T23:19:54.798+0000] {logging_mixin.py:190} INFO - [2025-02-04T23:19:54.798+0000] {override.py:1911} INFO - Created Permission View: can delete on DAG:example_complex
[2025-02-04T23:19:54.810+0000] {logging_mixin.py:190} INFO - [2025-02-04T23:19:54.810+0000] {override.py:1911} INFO - Created Permission View: can delete on DAG Run:example_complex
[2025-02-04T23:19:54.819+0000] {logging_mixin.py:190} INFO - [2025-02-04T23:19:54.819+0000] {override.py:1911} INFO - Created Permission View: can read on DAG Run:example_complex
[2025-02-04T23:19:54.828+0000] {logging_mixin.py:190} INFO - [2025-02-04T23:19:54.827+0000] {override.py:1911} INFO - Created Permission View: can create on DAG Run:example_complex
[2025-02-04T23:19:54.836+0000] {logging_mixin.py:190} INFO - [2025-02-04T23:19:54.836+0000] {override.py:1911} INFO - Created Permission View: menu access on DAG Run:example_complex
[2025-02-04T23:19:54.837+0000] {logging_mixin.py:190} INFO - [2025-02-04T23:19:54.836+0000] {dag.py:3239} INFO - Sync 1 DAGs
[2025-02-04T23:19:54.847+0000] {logging_mixin.py:190} INFO - [2025-02-04T23:19:54.847+0000] {dag.py:3262} INFO - Creating ORM DAG for example_complex
[2025-02-04T23:19:54.848+0000] {logging_mixin.py:190} INFO - [2025-02-04T23:19:54.848+0000] {dag.py:4180} INFO - Setting next_dagrun for example_complex to None, run_after=None
[2025-02-04T23:19:54.868+0000] {processor.py:208} INFO - Processing /home/airflow/.local/lib/python3.12/site-packages/airflow/example_dags/example_complex.py took 0.209 seconds
[2025-02-04T23:20:25.538+0000] {processor.py:186} INFO - Started process (PID=166) to work on /home/airflow/.local/lib/python3.12/site-packages/airflow/example_dags/example_complex.py
[2025-02-04T23:20:25.539+0000] {processor.py:914} INFO - Processing file /home/airflow/.local/lib/python3.12/site-packages/airflow/example_dags/example_complex.py for tasks to queue
[2025-02-04T23:20:25.541+0000] {logging_mixin.py:190} INFO - [2025-02-04T23:20:25.541+0000] {dagbag.py:588} INFO - Filling up the DagBag from /home/airflow/.local/lib/python3.12/site-packages/airflow/example_dags/example_complex.py
[2025-02-04T23:20:25.551+0000] {processor.py:925} INFO - DAG(s) 'example_complex' retrieved from /home/airflow/.local/lib/python3.12/site-packages/airflow/example_dags/example_complex.py
[2025-02-04T23:20:25.575+0000] {logging_mixin.py:190} INFO - [2025-02-04T23:20:25.574+0000] {dag.py:3239} INFO - Sync 1 DAGs
[2025-02-04T23:20:25.588+0000] {logging_mixin.py:190} INFO - [2025-02-04T23:20:25.588+0000] {dag.py:4180} INFO - Setting next_dagrun for example_complex to None, run_after=None
[2025-02-04T23:20:25.605+0000] {processor.py:208} INFO - Processing /home/airflow/.local/lib/python3.12/site-packages/airflow/example_dags/example_complex.py took 0.074 seconds
[2025-02-04T23:20:56.344+0000] {processor.py:186} INFO - Started process (PID=229) to work on /home/airflow/.local/lib/python3.12/site-packages/airflow/example_dags/example_complex.py
[2025-02-04T23:20:56.345+0000] {processor.py:914} INFO - Processing file /home/airflow/.local/lib/python3.12/site-packages/airflow/example_dags/example_complex.py for tasks to queue
[2025-02-04T23:20:56.347+0000] {logging_mixin.py:190} INFO - [2025-02-04T23:20:56.347+0000] {dagbag.py:588} INFO - Filling up the DagBag from /home/airflow/.local/lib/python3.12/site-packages/airflow/example_dags/example_complex.py
[2025-02-04T23:20:56.357+0000] {processor.py:925} INFO - DAG(s) 'example_complex' retrieved from /home/airflow/.local/lib/python3.12/site-packages/airflow/example_dags/example_complex.py
[2025-02-04T23:20:56.379+0000] {logging_mixin.py:190} INFO - [2025-02-04T23:20:56.378+0000] {dag.py:3239} INFO - Sync 1 DAGs
[2025-02-04T23:20:56.390+0000] {logging_mixin.py:190} INFO - [2025-02-04T23:20:56.390+0000] {dag.py:4180} INFO - Setting next_dagrun for example_complex to None, run_after=None
[2025-02-04T23:20:56.408+0000] {processor.py:208} INFO - Processing /home/airflow/.local/lib/python3.12/site-packages/airflow/example_dags/example_complex.py took 0.069 seconds
