[2025-02-04T23:19:49.296+0000] {processor.py:186} INFO - Started process (PID=77) to work on /home/airflow/.local/lib/python3.12/site-packages/airflow/example_dags/example_dataset_alias_with_no_taskflow.py
[2025-02-04T23:19:49.297+0000] {processor.py:914} INFO - Processing file /home/airflow/.local/lib/python3.12/site-packages/airflow/example_dags/example_dataset_alias_with_no_taskflow.py for tasks to queue
[2025-02-04T23:19:49.300+0000] {logging_mixin.py:190} INFO - [2025-02-04T23:19:49.300+0000] {dagbag.py:588} INFO - Filling up the DagBag from /home/airflow/.local/lib/python3.12/site-packages/airflow/example_dags/example_dataset_alias_with_no_taskflow.py
[2025-02-04T23:19:51.057+0000] {processor.py:925} INFO - DAG(s) 'dataset_s3_bucket_producer_with_no_taskflow', 'dataset_alias_example_alias_producer_with_no_taskflow', 'dataset_s3_bucket_consumer_with_no_taskflow', 'dataset_alias_example_alias_consumer_with_no_taskflow' retrieved from /home/airflow/.local/lib/python3.12/site-packages/airflow/example_dags/example_dataset_alias_with_no_taskflow.py
[2025-02-04T23:19:51.193+0000] {logging_mixin.py:190} INFO - [2025-02-04T23:19:51.191+0000] {override.py:1911} INFO - Created Permission View: can edit on DAG:dataset_s3_bucket_producer_with_no_taskflow
[2025-02-04T23:19:51.209+0000] {logging_mixin.py:190} INFO - [2025-02-04T23:19:51.209+0000] {override.py:1911} INFO - Created Permission View: can read on DAG:dataset_s3_bucket_producer_with_no_taskflow
[2025-02-04T23:19:51.221+0000] {logging_mixin.py:190} INFO - [2025-02-04T23:19:51.220+0000] {override.py:1911} INFO - Created Permission View: can delete on DAG:dataset_s3_bucket_producer_with_no_taskflow
[2025-02-04T23:19:51.237+0000] {logging_mixin.py:190} INFO - [2025-02-04T23:19:51.236+0000] {override.py:1911} INFO - Created Permission View: can delete on DAG Run:dataset_s3_bucket_producer_with_no_taskflow
[2025-02-04T23:19:51.248+0000] {logging_mixin.py:190} INFO - [2025-02-04T23:19:51.247+0000] {override.py:1911} INFO - Created Permission View: can read on DAG Run:dataset_s3_bucket_producer_with_no_taskflow
[2025-02-04T23:19:51.260+0000] {logging_mixin.py:190} INFO - [2025-02-04T23:19:51.259+0000] {override.py:1911} INFO - Created Permission View: can create on DAG Run:dataset_s3_bucket_producer_with_no_taskflow
[2025-02-04T23:19:51.272+0000] {logging_mixin.py:190} INFO - [2025-02-04T23:19:51.271+0000] {override.py:1911} INFO - Created Permission View: menu access on DAG Run:dataset_s3_bucket_producer_with_no_taskflow
[2025-02-04T23:19:51.297+0000] {logging_mixin.py:190} INFO - [2025-02-04T23:19:51.296+0000] {override.py:1911} INFO - Created Permission View: can edit on DAG:dataset_alias_example_alias_producer_with_no_taskflow
[2025-02-04T23:19:51.309+0000] {logging_mixin.py:190} INFO - [2025-02-04T23:19:51.308+0000] {override.py:1911} INFO - Created Permission View: can read on DAG:dataset_alias_example_alias_producer_with_no_taskflow
[2025-02-04T23:19:51.320+0000] {logging_mixin.py:190} INFO - [2025-02-04T23:19:51.320+0000] {override.py:1911} INFO - Created Permission View: can delete on DAG:dataset_alias_example_alias_producer_with_no_taskflow
[2025-02-04T23:19:51.336+0000] {logging_mixin.py:190} INFO - [2025-02-04T23:19:51.335+0000] {override.py:1911} INFO - Created Permission View: can delete on DAG Run:dataset_alias_example_alias_producer_with_no_taskflow
[2025-02-04T23:19:51.348+0000] {logging_mixin.py:190} INFO - [2025-02-04T23:19:51.348+0000] {override.py:1911} INFO - Created Permission View: can read on DAG Run:dataset_alias_example_alias_producer_with_no_taskflow
[2025-02-04T23:19:51.360+0000] {logging_mixin.py:190} INFO - [2025-02-04T23:19:51.359+0000] {override.py:1911} INFO - Created Permission View: can create on DAG Run:dataset_alias_example_alias_producer_with_no_taskflow
[2025-02-04T23:19:51.374+0000] {logging_mixin.py:190} INFO - [2025-02-04T23:19:51.373+0000] {override.py:1911} INFO - Created Permission View: menu access on DAG Run:dataset_alias_example_alias_producer_with_no_taskflow
[2025-02-04T23:19:51.396+0000] {logging_mixin.py:190} INFO - [2025-02-04T23:19:51.395+0000] {override.py:1911} INFO - Created Permission View: can edit on DAG:dataset_s3_bucket_consumer_with_no_taskflow
[2025-02-04T23:19:51.408+0000] {logging_mixin.py:190} INFO - [2025-02-04T23:19:51.407+0000] {override.py:1911} INFO - Created Permission View: can read on DAG:dataset_s3_bucket_consumer_with_no_taskflow
[2025-02-04T23:19:51.419+0000] {logging_mixin.py:190} INFO - [2025-02-04T23:19:51.419+0000] {override.py:1911} INFO - Created Permission View: can delete on DAG:dataset_s3_bucket_consumer_with_no_taskflow
[2025-02-04T23:19:51.434+0000] {logging_mixin.py:190} INFO - [2025-02-04T23:19:51.434+0000] {override.py:1911} INFO - Created Permission View: can delete on DAG Run:dataset_s3_bucket_consumer_with_no_taskflow
[2025-02-04T23:19:51.446+0000] {logging_mixin.py:190} INFO - [2025-02-04T23:19:51.445+0000] {override.py:1911} INFO - Created Permission View: can read on DAG Run:dataset_s3_bucket_consumer_with_no_taskflow
[2025-02-04T23:19:51.458+0000] {logging_mixin.py:190} INFO - [2025-02-04T23:19:51.457+0000] {override.py:1911} INFO - Created Permission View: can create on DAG Run:dataset_s3_bucket_consumer_with_no_taskflow
[2025-02-04T23:19:51.468+0000] {logging_mixin.py:190} INFO - [2025-02-04T23:19:51.468+0000] {override.py:1911} INFO - Created Permission View: menu access on DAG Run:dataset_s3_bucket_consumer_with_no_taskflow
[2025-02-04T23:19:51.488+0000] {logging_mixin.py:190} INFO - [2025-02-04T23:19:51.487+0000] {override.py:1911} INFO - Created Permission View: can edit on DAG:dataset_alias_example_alias_consumer_with_no_taskflow
[2025-02-04T23:19:51.500+0000] {logging_mixin.py:190} INFO - [2025-02-04T23:19:51.500+0000] {override.py:1911} INFO - Created Permission View: can read on DAG:dataset_alias_example_alias_consumer_with_no_taskflow
[2025-02-04T23:19:51.511+0000] {logging_mixin.py:190} INFO - [2025-02-04T23:19:51.511+0000] {override.py:1911} INFO - Created Permission View: can delete on DAG:dataset_alias_example_alias_consumer_with_no_taskflow
[2025-02-04T23:19:51.525+0000] {logging_mixin.py:190} INFO - [2025-02-04T23:19:51.525+0000] {override.py:1911} INFO - Created Permission View: can delete on DAG Run:dataset_alias_example_alias_consumer_with_no_taskflow
[2025-02-04T23:19:51.536+0000] {logging_mixin.py:190} INFO - [2025-02-04T23:19:51.536+0000] {override.py:1911} INFO - Created Permission View: can read on DAG Run:dataset_alias_example_alias_consumer_with_no_taskflow
[2025-02-04T23:19:51.546+0000] {logging_mixin.py:190} INFO - [2025-02-04T23:19:51.545+0000] {override.py:1911} INFO - Created Permission View: can create on DAG Run:dataset_alias_example_alias_consumer_with_no_taskflow
[2025-02-04T23:19:51.556+0000] {logging_mixin.py:190} INFO - [2025-02-04T23:19:51.555+0000] {override.py:1911} INFO - Created Permission View: menu access on DAG Run:dataset_alias_example_alias_consumer_with_no_taskflow
[2025-02-04T23:19:51.557+0000] {logging_mixin.py:190} INFO - [2025-02-04T23:19:51.556+0000] {dag.py:3239} INFO - Sync 4 DAGs
[2025-02-04T23:19:51.573+0000] {logging_mixin.py:190} INFO - [2025-02-04T23:19:51.572+0000] {dag.py:3262} INFO - Creating ORM DAG for dataset_alias_example_alias_producer_with_no_taskflow
[2025-02-04T23:19:51.574+0000] {logging_mixin.py:190} INFO - [2025-02-04T23:19:51.574+0000] {dag.py:3262} INFO - Creating ORM DAG for dataset_s3_bucket_consumer_with_no_taskflow
[2025-02-04T23:19:51.574+0000] {logging_mixin.py:190} INFO - [2025-02-04T23:19:51.574+0000] {dag.py:3262} INFO - Creating ORM DAG for dataset_s3_bucket_producer_with_no_taskflow
[2025-02-04T23:19:51.575+0000] {logging_mixin.py:190} INFO - [2025-02-04T23:19:51.575+0000] {dag.py:3262} INFO - Creating ORM DAG for dataset_alias_example_alias_consumer_with_no_taskflow
[2025-02-04T23:19:51.585+0000] {logging_mixin.py:190} INFO - [2025-02-04T23:19:51.584+0000] {dag.py:4180} INFO - Setting next_dagrun for dataset_alias_example_alias_consumer_with_no_taskflow to None, run_after=None
[2025-02-04T23:19:51.586+0000] {logging_mixin.py:190} INFO - [2025-02-04T23:19:51.585+0000] {dag.py:4180} INFO - Setting next_dagrun for dataset_alias_example_alias_producer_with_no_taskflow to None, run_after=None
[2025-02-04T23:19:51.586+0000] {logging_mixin.py:190} INFO - [2025-02-04T23:19:51.586+0000] {dag.py:4180} INFO - Setting next_dagrun for dataset_s3_bucket_consumer_with_no_taskflow to None, run_after=None
[2025-02-04T23:19:51.587+0000] {logging_mixin.py:190} INFO - [2025-02-04T23:19:51.587+0000] {dag.py:4180} INFO - Setting next_dagrun for dataset_s3_bucket_producer_with_no_taskflow to None, run_after=None
[2025-02-04T23:19:51.624+0000] {processor.py:208} INFO - Processing /home/airflow/.local/lib/python3.12/site-packages/airflow/example_dags/example_dataset_alias_with_no_taskflow.py took 2.336 seconds
[2025-02-04T23:20:22.452+0000] {processor.py:186} INFO - Started process (PID=140) to work on /home/airflow/.local/lib/python3.12/site-packages/airflow/example_dags/example_dataset_alias_with_no_taskflow.py
[2025-02-04T23:20:22.453+0000] {processor.py:914} INFO - Processing file /home/airflow/.local/lib/python3.12/site-packages/airflow/example_dags/example_dataset_alias_with_no_taskflow.py for tasks to queue
[2025-02-04T23:20:22.455+0000] {logging_mixin.py:190} INFO - [2025-02-04T23:20:22.455+0000] {dagbag.py:588} INFO - Filling up the DagBag from /home/airflow/.local/lib/python3.12/site-packages/airflow/example_dags/example_dataset_alias_with_no_taskflow.py
[2025-02-04T23:20:23.342+0000] {processor.py:925} INFO - DAG(s) 'dataset_s3_bucket_consumer_with_no_taskflow', 'dataset_s3_bucket_producer_with_no_taskflow', 'dataset_alias_example_alias_consumer_with_no_taskflow', 'dataset_alias_example_alias_producer_with_no_taskflow' retrieved from /home/airflow/.local/lib/python3.12/site-packages/airflow/example_dags/example_dataset_alias_with_no_taskflow.py
[2025-02-04T23:20:23.364+0000] {logging_mixin.py:190} INFO - [2025-02-04T23:20:23.363+0000] {dag.py:3239} INFO - Sync 4 DAGs
[2025-02-04T23:20:23.388+0000] {logging_mixin.py:190} INFO - [2025-02-04T23:20:23.388+0000] {dag.py:4180} INFO - Setting next_dagrun for dataset_alias_example_alias_consumer_with_no_taskflow to None, run_after=None
[2025-02-04T23:20:23.390+0000] {logging_mixin.py:190} INFO - [2025-02-04T23:20:23.390+0000] {dag.py:4180} INFO - Setting next_dagrun for dataset_alias_example_alias_producer_with_no_taskflow to None, run_after=None
[2025-02-04T23:20:23.392+0000] {logging_mixin.py:190} INFO - [2025-02-04T23:20:23.391+0000] {dag.py:4180} INFO - Setting next_dagrun for dataset_s3_bucket_consumer_with_no_taskflow to None, run_after=None
[2025-02-04T23:20:23.392+0000] {logging_mixin.py:190} INFO - [2025-02-04T23:20:23.392+0000] {dag.py:4180} INFO - Setting next_dagrun for dataset_s3_bucket_producer_with_no_taskflow to None, run_after=None
[2025-02-04T23:20:23.418+0000] {processor.py:208} INFO - Processing /home/airflow/.local/lib/python3.12/site-packages/airflow/example_dags/example_dataset_alias_with_no_taskflow.py took 0.970 seconds
[2025-02-04T23:20:53.525+0000] {processor.py:186} INFO - Started process (PID=203) to work on /home/airflow/.local/lib/python3.12/site-packages/airflow/example_dags/example_dataset_alias_with_no_taskflow.py
[2025-02-04T23:20:53.526+0000] {processor.py:914} INFO - Processing file /home/airflow/.local/lib/python3.12/site-packages/airflow/example_dags/example_dataset_alias_with_no_taskflow.py for tasks to queue
[2025-02-04T23:20:53.527+0000] {logging_mixin.py:190} INFO - [2025-02-04T23:20:53.527+0000] {dagbag.py:588} INFO - Filling up the DagBag from /home/airflow/.local/lib/python3.12/site-packages/airflow/example_dags/example_dataset_alias_with_no_taskflow.py
[2025-02-04T23:20:54.058+0000] {processor.py:925} INFO - DAG(s) 'dataset_s3_bucket_consumer_with_no_taskflow', 'dataset_alias_example_alias_producer_with_no_taskflow', 'dataset_alias_example_alias_consumer_with_no_taskflow', 'dataset_s3_bucket_producer_with_no_taskflow' retrieved from /home/airflow/.local/lib/python3.12/site-packages/airflow/example_dags/example_dataset_alias_with_no_taskflow.py
[2025-02-04T23:20:54.080+0000] {logging_mixin.py:190} INFO - [2025-02-04T23:20:54.080+0000] {dag.py:3239} INFO - Sync 4 DAGs
[2025-02-04T23:20:54.111+0000] {logging_mixin.py:190} INFO - [2025-02-04T23:20:54.111+0000] {dag.py:4180} INFO - Setting next_dagrun for dataset_alias_example_alias_consumer_with_no_taskflow to None, run_after=None
[2025-02-04T23:20:54.114+0000] {logging_mixin.py:190} INFO - [2025-02-04T23:20:54.114+0000] {dag.py:4180} INFO - Setting next_dagrun for dataset_alias_example_alias_producer_with_no_taskflow to None, run_after=None
[2025-02-04T23:20:54.116+0000] {logging_mixin.py:190} INFO - [2025-02-04T23:20:54.115+0000] {dag.py:4180} INFO - Setting next_dagrun for dataset_s3_bucket_consumer_with_no_taskflow to None, run_after=None
[2025-02-04T23:20:54.117+0000] {logging_mixin.py:190} INFO - [2025-02-04T23:20:54.117+0000] {dag.py:4180} INFO - Setting next_dagrun for dataset_s3_bucket_producer_with_no_taskflow to None, run_after=None
[2025-02-04T23:20:54.143+0000] {processor.py:208} INFO - Processing /home/airflow/.local/lib/python3.12/site-packages/airflow/example_dags/example_dataset_alias_with_no_taskflow.py took 0.622 seconds
