[2025-02-04T23:19:52.034+0000] {processor.py:186} INFO - Started process (PID=86) to work on /home/airflow/.local/lib/python3.12/site-packages/airflow/example_dags/example_sensors.py
[2025-02-04T23:19:52.036+0000] {processor.py:914} INFO - Processing file /home/airflow/.local/lib/python3.12/site-packages/airflow/example_dags/example_sensors.py for tasks to queue
[2025-02-04T23:19:52.039+0000] {logging_mixin.py:190} INFO - [2025-02-04T23:19:52.039+0000] {dagbag.py:588} INFO - Filling up the DagBag from /home/airflow/.local/lib/python3.12/site-packages/airflow/example_dags/example_sensors.py
[2025-02-04T23:19:52.056+0000] {processor.py:925} INFO - DAG(s) 'example_sensors' retrieved from /home/airflow/.local/lib/python3.12/site-packages/airflow/example_dags/example_sensors.py
[2025-02-04T23:19:52.186+0000] {logging_mixin.py:190} INFO - [2025-02-04T23:19:52.185+0000] {override.py:1911} INFO - Created Permission View: can edit on DAG:example_sensors
[2025-02-04T23:19:52.196+0000] {logging_mixin.py:190} INFO - [2025-02-04T23:19:52.196+0000] {override.py:1911} INFO - Created Permission View: can read on DAG:example_sensors
[2025-02-04T23:19:52.204+0000] {logging_mixin.py:190} INFO - [2025-02-04T23:19:52.204+0000] {override.py:1911} INFO - Created Permission View: can delete on DAG:example_sensors
[2025-02-04T23:19:52.215+0000] {logging_mixin.py:190} INFO - [2025-02-04T23:19:52.215+0000] {override.py:1911} INFO - Created Permission View: can delete on DAG Run:example_sensors
[2025-02-04T23:19:52.223+0000] {logging_mixin.py:190} INFO - [2025-02-04T23:19:52.222+0000] {override.py:1911} INFO - Created Permission View: can read on DAG Run:example_sensors
[2025-02-04T23:19:52.231+0000] {logging_mixin.py:190} INFO - [2025-02-04T23:19:52.231+0000] {override.py:1911} INFO - Created Permission View: can create on DAG Run:example_sensors
[2025-02-04T23:19:52.239+0000] {logging_mixin.py:190} INFO - [2025-02-04T23:19:52.238+0000] {override.py:1911} INFO - Created Permission View: menu access on DAG Run:example_sensors
[2025-02-04T23:19:52.239+0000] {logging_mixin.py:190} INFO - [2025-02-04T23:19:52.239+0000] {dag.py:3239} INFO - Sync 1 DAGs
[2025-02-04T23:19:52.249+0000] {logging_mixin.py:190} INFO - [2025-02-04T23:19:52.249+0000] {dag.py:3262} INFO - Creating ORM DAG for example_sensors
[2025-02-04T23:19:52.250+0000] {logging_mixin.py:190} INFO - [2025-02-04T23:19:52.250+0000] {dag.py:4180} INFO - Setting next_dagrun for example_sensors to None, run_after=None
[2025-02-04T23:19:52.269+0000] {processor.py:208} INFO - Processing /home/airflow/.local/lib/python3.12/site-packages/airflow/example_dags/example_sensors.py took 0.244 seconds
[2025-02-04T23:20:23.448+0000] {processor.py:186} INFO - Started process (PID=148) to work on /home/airflow/.local/lib/python3.12/site-packages/airflow/example_dags/example_sensors.py
[2025-02-04T23:20:23.449+0000] {processor.py:914} INFO - Processing file /home/airflow/.local/lib/python3.12/site-packages/airflow/example_dags/example_sensors.py for tasks to queue
[2025-02-04T23:20:23.451+0000] {logging_mixin.py:190} INFO - [2025-02-04T23:20:23.450+0000] {dagbag.py:588} INFO - Filling up the DagBag from /home/airflow/.local/lib/python3.12/site-packages/airflow/example_dags/example_sensors.py
[2025-02-04T23:20:23.459+0000] {processor.py:925} INFO - DAG(s) 'example_sensors' retrieved from /home/airflow/.local/lib/python3.12/site-packages/airflow/example_dags/example_sensors.py
[2025-02-04T23:20:23.490+0000] {logging_mixin.py:190} INFO - [2025-02-04T23:20:23.489+0000] {dag.py:3239} INFO - Sync 1 DAGs
[2025-02-04T23:20:23.500+0000] {logging_mixin.py:190} INFO - [2025-02-04T23:20:23.500+0000] {dag.py:4180} INFO - Setting next_dagrun for example_sensors to None, run_after=None
[2025-02-04T23:20:23.516+0000] {processor.py:208} INFO - Processing /home/airflow/.local/lib/python3.12/site-packages/airflow/example_dags/example_sensors.py took 0.078 seconds
[2025-02-04T23:20:54.267+0000] {processor.py:186} INFO - Started process (PID=206) to work on /home/airflow/.local/lib/python3.12/site-packages/airflow/example_dags/example_sensors.py
[2025-02-04T23:20:54.268+0000] {processor.py:914} INFO - Processing file /home/airflow/.local/lib/python3.12/site-packages/airflow/example_dags/example_sensors.py for tasks to queue
[2025-02-04T23:20:54.270+0000] {logging_mixin.py:190} INFO - [2025-02-04T23:20:54.270+0000] {dagbag.py:588} INFO - Filling up the DagBag from /home/airflow/.local/lib/python3.12/site-packages/airflow/example_dags/example_sensors.py
[2025-02-04T23:20:54.280+0000] {processor.py:925} INFO - DAG(s) 'example_sensors' retrieved from /home/airflow/.local/lib/python3.12/site-packages/airflow/example_dags/example_sensors.py
[2025-02-04T23:20:54.303+0000] {logging_mixin.py:190} INFO - [2025-02-04T23:20:54.303+0000] {dag.py:3239} INFO - Sync 1 DAGs
[2025-02-04T23:20:54.315+0000] {logging_mixin.py:190} INFO - [2025-02-04T23:20:54.315+0000] {dag.py:4180} INFO - Setting next_dagrun for example_sensors to None, run_after=None
[2025-02-04T23:20:54.334+0000] {processor.py:208} INFO - Processing /home/airflow/.local/lib/python3.12/site-packages/airflow/example_dags/example_sensors.py took 0.073 seconds
