[2025-02-04T23:19:56.727+0000] {processor.py:186} INFO - Started process (PID=113) to work on /home/airflow/.local/lib/python3.12/site-packages/airflow/example_dags/example_local_kubernetes_executor.py
[2025-02-04T23:19:56.728+0000] {processor.py:914} INFO - Processing file /home/airflow/.local/lib/python3.12/site-packages/airflow/example_dags/example_local_kubernetes_executor.py for tasks to queue
[2025-02-04T23:19:56.730+0000] {logging_mixin.py:190} INFO - [2025-02-04T23:19:56.729+0000] {dagbag.py:588} INFO - Filling up the DagBag from /home/airflow/.local/lib/python3.12/site-packages/airflow/example_dags/example_local_kubernetes_executor.py
[2025-02-04T23:19:56.740+0000] {processor.py:925} INFO - DAG(s) 'example_local_kubernetes_executor' retrieved from /home/airflow/.local/lib/python3.12/site-packages/airflow/example_dags/example_local_kubernetes_executor.py
[2025-02-04T23:19:56.827+0000] {logging_mixin.py:190} INFO - [2025-02-04T23:19:56.827+0000] {override.py:1911} INFO - Created Permission View: can edit on DAG:example_local_kubernetes_executor
[2025-02-04T23:19:56.837+0000] {logging_mixin.py:190} INFO - [2025-02-04T23:19:56.836+0000] {override.py:1911} INFO - Created Permission View: can read on DAG:example_local_kubernetes_executor
[2025-02-04T23:19:56.844+0000] {logging_mixin.py:190} INFO - [2025-02-04T23:19:56.844+0000] {override.py:1911} INFO - Created Permission View: can delete on DAG:example_local_kubernetes_executor
[2025-02-04T23:19:56.854+0000] {logging_mixin.py:190} INFO - [2025-02-04T23:19:56.853+0000] {override.py:1911} INFO - Created Permission View: can delete on DAG Run:example_local_kubernetes_executor
[2025-02-04T23:19:56.860+0000] {logging_mixin.py:190} INFO - [2025-02-04T23:19:56.860+0000] {override.py:1911} INFO - Created Permission View: can read on DAG Run:example_local_kubernetes_executor
[2025-02-04T23:19:56.867+0000] {logging_mixin.py:190} INFO - [2025-02-04T23:19:56.867+0000] {override.py:1911} INFO - Created Permission View: can create on DAG Run:example_local_kubernetes_executor
[2025-02-04T23:19:56.874+0000] {logging_mixin.py:190} INFO - [2025-02-04T23:19:56.874+0000] {override.py:1911} INFO - Created Permission View: menu access on DAG Run:example_local_kubernetes_executor
[2025-02-04T23:19:56.875+0000] {logging_mixin.py:190} INFO - [2025-02-04T23:19:56.875+0000] {dag.py:3239} INFO - Sync 1 DAGs
[2025-02-04T23:19:56.885+0000] {logging_mixin.py:190} INFO - [2025-02-04T23:19:56.885+0000] {dag.py:3262} INFO - Creating ORM DAG for example_local_kubernetes_executor
[2025-02-04T23:19:56.886+0000] {logging_mixin.py:190} INFO - [2025-02-04T23:19:56.886+0000] {dag.py:4180} INFO - Setting next_dagrun for example_local_kubernetes_executor to None, run_after=None
[2025-02-04T23:19:56.901+0000] {processor.py:208} INFO - Processing /home/airflow/.local/lib/python3.12/site-packages/airflow/example_dags/example_local_kubernetes_executor.py took 0.180 seconds
[2025-02-04T23:20:28.380+0000] {processor.py:186} INFO - Started process (PID=176) to work on /home/airflow/.local/lib/python3.12/site-packages/airflow/example_dags/example_local_kubernetes_executor.py
[2025-02-04T23:20:28.382+0000] {processor.py:914} INFO - Processing file /home/airflow/.local/lib/python3.12/site-packages/airflow/example_dags/example_local_kubernetes_executor.py for tasks to queue
[2025-02-04T23:20:28.385+0000] {logging_mixin.py:190} INFO - [2025-02-04T23:20:28.384+0000] {dagbag.py:588} INFO - Filling up the DagBag from /home/airflow/.local/lib/python3.12/site-packages/airflow/example_dags/example_local_kubernetes_executor.py
[2025-02-04T23:20:28.397+0000] {processor.py:925} INFO - DAG(s) 'example_local_kubernetes_executor' retrieved from /home/airflow/.local/lib/python3.12/site-packages/airflow/example_dags/example_local_kubernetes_executor.py
[2025-02-04T23:20:28.420+0000] {logging_mixin.py:190} INFO - [2025-02-04T23:20:28.419+0000] {dag.py:3239} INFO - Sync 1 DAGs
[2025-02-04T23:20:28.435+0000] {logging_mixin.py:190} INFO - [2025-02-04T23:20:28.435+0000] {dag.py:4180} INFO - Setting next_dagrun for example_local_kubernetes_executor to None, run_after=None
[2025-02-04T23:20:28.463+0000] {processor.py:208} INFO - Processing /home/airflow/.local/lib/python3.12/site-packages/airflow/example_dags/example_local_kubernetes_executor.py took 0.089 seconds
