[2025-02-04T23:19:54.892+0000] {processor.py:186} INFO - Started process (PID=105) to work on /home/airflow/.local/lib/python3.12/site-packages/airflow/example_dags/example_datasets.py
[2025-02-04T23:19:54.893+0000] {processor.py:914} INFO - Processing file /home/airflow/.local/lib/python3.12/site-packages/airflow/example_dags/example_datasets.py for tasks to queue
[2025-02-04T23:19:54.895+0000] {logging_mixin.py:190} INFO - [2025-02-04T23:19:54.894+0000] {dagbag.py:588} INFO - Filling up the DagBag from /home/airflow/.local/lib/python3.12/site-packages/airflow/example_dags/example_datasets.py
[2025-02-04T23:19:55.505+0000] {processor.py:925} INFO - DAG(s) 'consume_1_and_2_with_dataset_expressions', 'dataset_consumes_1', 'dataset_produces_2', 'consume_1_or_both_2_and_3_with_dataset_expressions', 'dataset_consumes_unknown_never_scheduled', 'conditional_dataset_and_time_based_timetable', 'consume_1_or_2_with_dataset_expressions', 'dataset_consumes_1_never_scheduled', 'dataset_produces_1', 'dataset_consumes_1_and_2' retrieved from /home/airflow/.local/lib/python3.12/site-packages/airflow/example_dags/example_datasets.py
[2025-02-04T23:19:55.600+0000] {logging_mixin.py:190} INFO - [2025-02-04T23:19:55.599+0000] {override.py:1911} INFO - Created Permission View: can edit on DAG:consume_1_and_2_with_dataset_expressions
[2025-02-04T23:19:55.611+0000] {logging_mixin.py:190} INFO - [2025-02-04T23:19:55.610+0000] {override.py:1911} INFO - Created Permission View: can read on DAG:consume_1_and_2_with_dataset_expressions
[2025-02-04T23:19:55.618+0000] {logging_mixin.py:190} INFO - [2025-02-04T23:19:55.618+0000] {override.py:1911} INFO - Created Permission View: can delete on DAG:consume_1_and_2_with_dataset_expressions
[2025-02-04T23:19:55.630+0000] {logging_mixin.py:190} INFO - [2025-02-04T23:19:55.629+0000] {override.py:1911} INFO - Created Permission View: can delete on DAG Run:consume_1_and_2_with_dataset_expressions
[2025-02-04T23:19:55.638+0000] {logging_mixin.py:190} INFO - [2025-02-04T23:19:55.637+0000] {override.py:1911} INFO - Created Permission View: can read on DAG Run:consume_1_and_2_with_dataset_expressions
[2025-02-04T23:19:55.645+0000] {logging_mixin.py:190} INFO - [2025-02-04T23:19:55.645+0000] {override.py:1911} INFO - Created Permission View: can create on DAG Run:consume_1_and_2_with_dataset_expressions
[2025-02-04T23:19:55.652+0000] {logging_mixin.py:190} INFO - [2025-02-04T23:19:55.652+0000] {override.py:1911} INFO - Created Permission View: menu access on DAG Run:consume_1_and_2_with_dataset_expressions
[2025-02-04T23:19:55.668+0000] {logging_mixin.py:190} INFO - [2025-02-04T23:19:55.668+0000] {override.py:1911} INFO - Created Permission View: can edit on DAG:dataset_consumes_1
[2025-02-04T23:19:55.676+0000] {logging_mixin.py:190} INFO - [2025-02-04T23:19:55.676+0000] {override.py:1911} INFO - Created Permission View: can read on DAG:dataset_consumes_1
[2025-02-04T23:19:55.686+0000] {logging_mixin.py:190} INFO - [2025-02-04T23:19:55.686+0000] {override.py:1911} INFO - Created Permission View: can delete on DAG:dataset_consumes_1
[2025-02-04T23:19:55.698+0000] {logging_mixin.py:190} INFO - [2025-02-04T23:19:55.698+0000] {override.py:1911} INFO - Created Permission View: can delete on DAG Run:dataset_consumes_1
[2025-02-04T23:19:55.708+0000] {logging_mixin.py:190} INFO - [2025-02-04T23:19:55.707+0000] {override.py:1911} INFO - Created Permission View: can read on DAG Run:dataset_consumes_1
[2025-02-04T23:19:55.715+0000] {logging_mixin.py:190} INFO - [2025-02-04T23:19:55.715+0000] {override.py:1911} INFO - Created Permission View: can create on DAG Run:dataset_consumes_1
[2025-02-04T23:19:55.723+0000] {logging_mixin.py:190} INFO - [2025-02-04T23:19:55.723+0000] {override.py:1911} INFO - Created Permission View: menu access on DAG Run:dataset_consumes_1
[2025-02-04T23:19:55.737+0000] {logging_mixin.py:190} INFO - [2025-02-04T23:19:55.737+0000] {override.py:1911} INFO - Created Permission View: can edit on DAG:dataset_produces_2
[2025-02-04T23:19:55.744+0000] {logging_mixin.py:190} INFO - [2025-02-04T23:19:55.744+0000] {override.py:1911} INFO - Created Permission View: can read on DAG:dataset_produces_2
[2025-02-04T23:19:55.751+0000] {logging_mixin.py:190} INFO - [2025-02-04T23:19:55.751+0000] {override.py:1911} INFO - Created Permission View: can delete on DAG:dataset_produces_2
[2025-02-04T23:19:55.763+0000] {logging_mixin.py:190} INFO - [2025-02-04T23:19:55.763+0000] {override.py:1911} INFO - Created Permission View: can delete on DAG Run:dataset_produces_2
[2025-02-04T23:19:55.770+0000] {logging_mixin.py:190} INFO - [2025-02-04T23:19:55.770+0000] {override.py:1911} INFO - Created Permission View: can read on DAG Run:dataset_produces_2
[2025-02-04T23:19:55.778+0000] {logging_mixin.py:190} INFO - [2025-02-04T23:19:55.777+0000] {override.py:1911} INFO - Created Permission View: can create on DAG Run:dataset_produces_2
[2025-02-04T23:19:55.785+0000] {logging_mixin.py:190} INFO - [2025-02-04T23:19:55.784+0000] {override.py:1911} INFO - Created Permission View: menu access on DAG Run:dataset_produces_2
[2025-02-04T23:19:55.798+0000] {logging_mixin.py:190} INFO - [2025-02-04T23:19:55.797+0000] {override.py:1911} INFO - Created Permission View: can edit on DAG:consume_1_or_both_2_and_3_with_dataset_expressions
[2025-02-04T23:19:55.805+0000] {logging_mixin.py:190} INFO - [2025-02-04T23:19:55.804+0000] {override.py:1911} INFO - Created Permission View: can read on DAG:consume_1_or_both_2_and_3_with_dataset_expressions
[2025-02-04T23:19:55.811+0000] {logging_mixin.py:190} INFO - [2025-02-04T23:19:55.811+0000] {override.py:1911} INFO - Created Permission View: can delete on DAG:consume_1_or_both_2_and_3_with_dataset_expressions
[2025-02-04T23:19:55.824+0000] {logging_mixin.py:190} INFO - [2025-02-04T23:19:55.824+0000] {override.py:1911} INFO - Created Permission View: can delete on DAG Run:consume_1_or_both_2_and_3_with_dataset_expressions
[2025-02-04T23:19:55.831+0000] {logging_mixin.py:190} INFO - [2025-02-04T23:19:55.831+0000] {override.py:1911} INFO - Created Permission View: can read on DAG Run:consume_1_or_both_2_and_3_with_dataset_expressions
[2025-02-04T23:19:55.838+0000] {logging_mixin.py:190} INFO - [2025-02-04T23:19:55.838+0000] {override.py:1911} INFO - Created Permission View: can create on DAG Run:consume_1_or_both_2_and_3_with_dataset_expressions
[2025-02-04T23:19:55.846+0000] {logging_mixin.py:190} INFO - [2025-02-04T23:19:55.846+0000] {override.py:1911} INFO - Created Permission View: menu access on DAG Run:consume_1_or_both_2_and_3_with_dataset_expressions
[2025-02-04T23:19:55.863+0000] {logging_mixin.py:190} INFO - [2025-02-04T23:19:55.862+0000] {override.py:1911} INFO - Created Permission View: can edit on DAG:dataset_consumes_unknown_never_scheduled
[2025-02-04T23:19:55.873+0000] {logging_mixin.py:190} INFO - [2025-02-04T23:19:55.872+0000] {override.py:1911} INFO - Created Permission View: can read on DAG:dataset_consumes_unknown_never_scheduled
[2025-02-04T23:19:55.881+0000] {logging_mixin.py:190} INFO - [2025-02-04T23:19:55.881+0000] {override.py:1911} INFO - Created Permission View: can delete on DAG:dataset_consumes_unknown_never_scheduled
[2025-02-04T23:19:55.894+0000] {logging_mixin.py:190} INFO - [2025-02-04T23:19:55.894+0000] {override.py:1911} INFO - Created Permission View: can delete on DAG Run:dataset_consumes_unknown_never_scheduled
[2025-02-04T23:19:55.904+0000] {logging_mixin.py:190} INFO - [2025-02-04T23:19:55.904+0000] {override.py:1911} INFO - Created Permission View: can read on DAG Run:dataset_consumes_unknown_never_scheduled
[2025-02-04T23:19:55.915+0000] {logging_mixin.py:190} INFO - [2025-02-04T23:19:55.915+0000] {override.py:1911} INFO - Created Permission View: can create on DAG Run:dataset_consumes_unknown_never_scheduled
[2025-02-04T23:19:55.926+0000] {logging_mixin.py:190} INFO - [2025-02-04T23:19:55.925+0000] {override.py:1911} INFO - Created Permission View: menu access on DAG Run:dataset_consumes_unknown_never_scheduled
[2025-02-04T23:19:55.945+0000] {logging_mixin.py:190} INFO - [2025-02-04T23:19:55.944+0000] {override.py:1911} INFO - Created Permission View: can edit on DAG:conditional_dataset_and_time_based_timetable
[2025-02-04T23:19:55.953+0000] {logging_mixin.py:190} INFO - [2025-02-04T23:19:55.953+0000] {override.py:1911} INFO - Created Permission View: can read on DAG:conditional_dataset_and_time_based_timetable
[2025-02-04T23:19:55.961+0000] {logging_mixin.py:190} INFO - [2025-02-04T23:19:55.961+0000] {override.py:1911} INFO - Created Permission View: can delete on DAG:conditional_dataset_and_time_based_timetable
[2025-02-04T23:19:55.974+0000] {logging_mixin.py:190} INFO - [2025-02-04T23:19:55.974+0000] {override.py:1911} INFO - Created Permission View: can delete on DAG Run:conditional_dataset_and_time_based_timetable
[2025-02-04T23:19:55.982+0000] {logging_mixin.py:190} INFO - [2025-02-04T23:19:55.982+0000] {override.py:1911} INFO - Created Permission View: can read on DAG Run:conditional_dataset_and_time_based_timetable
[2025-02-04T23:19:55.992+0000] {logging_mixin.py:190} INFO - [2025-02-04T23:19:55.992+0000] {override.py:1911} INFO - Created Permission View: can create on DAG Run:conditional_dataset_and_time_based_timetable
[2025-02-04T23:19:56.000+0000] {logging_mixin.py:190} INFO - [2025-02-04T23:19:56.000+0000] {override.py:1911} INFO - Created Permission View: menu access on DAG Run:conditional_dataset_and_time_based_timetable
[2025-02-04T23:19:56.016+0000] {logging_mixin.py:190} INFO - [2025-02-04T23:19:56.016+0000] {override.py:1911} INFO - Created Permission View: can edit on DAG:consume_1_or_2_with_dataset_expressions
[2025-02-04T23:19:56.025+0000] {logging_mixin.py:190} INFO - [2025-02-04T23:19:56.024+0000] {override.py:1911} INFO - Created Permission View: can read on DAG:consume_1_or_2_with_dataset_expressions
[2025-02-04T23:19:56.033+0000] {logging_mixin.py:190} INFO - [2025-02-04T23:19:56.033+0000] {override.py:1911} INFO - Created Permission View: can delete on DAG:consume_1_or_2_with_dataset_expressions
[2025-02-04T23:19:56.045+0000] {logging_mixin.py:190} INFO - [2025-02-04T23:19:56.044+0000] {override.py:1911} INFO - Created Permission View: can delete on DAG Run:consume_1_or_2_with_dataset_expressions
[2025-02-04T23:19:56.052+0000] {logging_mixin.py:190} INFO - [2025-02-04T23:19:56.052+0000] {override.py:1911} INFO - Created Permission View: can read on DAG Run:consume_1_or_2_with_dataset_expressions
[2025-02-04T23:19:56.060+0000] {logging_mixin.py:190} INFO - [2025-02-04T23:19:56.060+0000] {override.py:1911} INFO - Created Permission View: can create on DAG Run:consume_1_or_2_with_dataset_expressions
[2025-02-04T23:19:56.067+0000] {logging_mixin.py:190} INFO - [2025-02-04T23:19:56.067+0000] {override.py:1911} INFO - Created Permission View: menu access on DAG Run:consume_1_or_2_with_dataset_expressions
[2025-02-04T23:19:56.081+0000] {logging_mixin.py:190} INFO - [2025-02-04T23:19:56.081+0000] {override.py:1911} INFO - Created Permission View: can edit on DAG:dataset_consumes_1_never_scheduled
[2025-02-04T23:19:56.088+0000] {logging_mixin.py:190} INFO - [2025-02-04T23:19:56.087+0000] {override.py:1911} INFO - Created Permission View: can read on DAG:dataset_consumes_1_never_scheduled
[2025-02-04T23:19:56.094+0000] {logging_mixin.py:190} INFO - [2025-02-04T23:19:56.094+0000] {override.py:1911} INFO - Created Permission View: can delete on DAG:dataset_consumes_1_never_scheduled
[2025-02-04T23:19:56.104+0000] {logging_mixin.py:190} INFO - [2025-02-04T23:19:56.104+0000] {override.py:1911} INFO - Created Permission View: can delete on DAG Run:dataset_consumes_1_never_scheduled
[2025-02-04T23:19:56.111+0000] {logging_mixin.py:190} INFO - [2025-02-04T23:19:56.111+0000] {override.py:1911} INFO - Created Permission View: can read on DAG Run:dataset_consumes_1_never_scheduled
[2025-02-04T23:19:56.118+0000] {logging_mixin.py:190} INFO - [2025-02-04T23:19:56.117+0000] {override.py:1911} INFO - Created Permission View: can create on DAG Run:dataset_consumes_1_never_scheduled
[2025-02-04T23:19:56.125+0000] {logging_mixin.py:190} INFO - [2025-02-04T23:19:56.124+0000] {override.py:1911} INFO - Created Permission View: menu access on DAG Run:dataset_consumes_1_never_scheduled
[2025-02-04T23:19:56.143+0000] {logging_mixin.py:190} INFO - [2025-02-04T23:19:56.143+0000] {override.py:1911} INFO - Created Permission View: can edit on DAG:dataset_produces_1
[2025-02-04T23:19:56.153+0000] {logging_mixin.py:190} INFO - [2025-02-04T23:19:56.153+0000] {override.py:1911} INFO - Created Permission View: can read on DAG:dataset_produces_1
[2025-02-04T23:19:56.161+0000] {logging_mixin.py:190} INFO - [2025-02-04T23:19:56.160+0000] {override.py:1911} INFO - Created Permission View: can delete on DAG:dataset_produces_1
[2025-02-04T23:19:56.171+0000] {logging_mixin.py:190} INFO - [2025-02-04T23:19:56.171+0000] {override.py:1911} INFO - Created Permission View: can delete on DAG Run:dataset_produces_1
[2025-02-04T23:19:56.179+0000] {logging_mixin.py:190} INFO - [2025-02-04T23:19:56.178+0000] {override.py:1911} INFO - Created Permission View: can read on DAG Run:dataset_produces_1
[2025-02-04T23:19:56.186+0000] {logging_mixin.py:190} INFO - [2025-02-04T23:19:56.186+0000] {override.py:1911} INFO - Created Permission View: can create on DAG Run:dataset_produces_1
[2025-02-04T23:19:56.193+0000] {logging_mixin.py:190} INFO - [2025-02-04T23:19:56.193+0000] {override.py:1911} INFO - Created Permission View: menu access on DAG Run:dataset_produces_1
[2025-02-04T23:19:56.207+0000] {logging_mixin.py:190} INFO - [2025-02-04T23:19:56.207+0000] {override.py:1911} INFO - Created Permission View: can edit on DAG:dataset_consumes_1_and_2
[2025-02-04T23:19:56.214+0000] {logging_mixin.py:190} INFO - [2025-02-04T23:19:56.214+0000] {override.py:1911} INFO - Created Permission View: can read on DAG:dataset_consumes_1_and_2
[2025-02-04T23:19:56.222+0000] {logging_mixin.py:190} INFO - [2025-02-04T23:19:56.222+0000] {override.py:1911} INFO - Created Permission View: can delete on DAG:dataset_consumes_1_and_2
[2025-02-04T23:19:56.233+0000] {logging_mixin.py:190} INFO - [2025-02-04T23:19:56.233+0000] {override.py:1911} INFO - Created Permission View: can delete on DAG Run:dataset_consumes_1_and_2
[2025-02-04T23:19:56.241+0000] {logging_mixin.py:190} INFO - [2025-02-04T23:19:56.241+0000] {override.py:1911} INFO - Created Permission View: can read on DAG Run:dataset_consumes_1_and_2
[2025-02-04T23:19:56.249+0000] {logging_mixin.py:190} INFO - [2025-02-04T23:19:56.248+0000] {override.py:1911} INFO - Created Permission View: can create on DAG Run:dataset_consumes_1_and_2
[2025-02-04T23:19:56.256+0000] {logging_mixin.py:190} INFO - [2025-02-04T23:19:56.256+0000] {override.py:1911} INFO - Created Permission View: menu access on DAG Run:dataset_consumes_1_and_2
[2025-02-04T23:19:56.257+0000] {logging_mixin.py:190} INFO - [2025-02-04T23:19:56.257+0000] {dag.py:3239} INFO - Sync 10 DAGs
[2025-02-04T23:19:56.269+0000] {logging_mixin.py:190} INFO - [2025-02-04T23:19:56.268+0000] {dag.py:3262} INFO - Creating ORM DAG for conditional_dataset_and_time_based_timetable
[2025-02-04T23:19:56.270+0000] {logging_mixin.py:190} INFO - [2025-02-04T23:19:56.270+0000] {dag.py:3262} INFO - Creating ORM DAG for dataset_consumes_unknown_never_scheduled
[2025-02-04T23:19:56.270+0000] {logging_mixin.py:190} INFO - [2025-02-04T23:19:56.270+0000] {dag.py:3262} INFO - Creating ORM DAG for consume_1_or_2_with_dataset_expressions
[2025-02-04T23:19:56.270+0000] {logging_mixin.py:190} INFO - [2025-02-04T23:19:56.270+0000] {dag.py:3262} INFO - Creating ORM DAG for dataset_consumes_1_and_2
[2025-02-04T23:19:56.271+0000] {logging_mixin.py:190} INFO - [2025-02-04T23:19:56.271+0000] {dag.py:3262} INFO - Creating ORM DAG for consume_1_and_2_with_dataset_expressions
[2025-02-04T23:19:56.271+0000] {logging_mixin.py:190} INFO - [2025-02-04T23:19:56.271+0000] {dag.py:3262} INFO - Creating ORM DAG for dataset_consumes_1
[2025-02-04T23:19:56.272+0000] {logging_mixin.py:190} INFO - [2025-02-04T23:19:56.272+0000] {dag.py:3262} INFO - Creating ORM DAG for consume_1_or_both_2_and_3_with_dataset_expressions
[2025-02-04T23:19:56.272+0000] {logging_mixin.py:190} INFO - [2025-02-04T23:19:56.272+0000] {dag.py:3262} INFO - Creating ORM DAG for dataset_produces_1
[2025-02-04T23:19:56.272+0000] {logging_mixin.py:190} INFO - [2025-02-04T23:19:56.272+0000] {dag.py:3262} INFO - Creating ORM DAG for dataset_consumes_1_never_scheduled
[2025-02-04T23:19:56.273+0000] {logging_mixin.py:190} INFO - [2025-02-04T23:19:56.273+0000] {dag.py:3262} INFO - Creating ORM DAG for dataset_produces_2
[2025-02-04T23:19:56.282+0000] {logging_mixin.py:190} INFO - [2025-02-04T23:19:56.282+0000] {dag.py:4180} INFO - Setting next_dagrun for conditional_dataset_and_time_based_timetable to 2025-01-29 01:00:00+00:00, run_after=2025-01-29 01:00:00+00:00
[2025-02-04T23:19:56.283+0000] {logging_mixin.py:190} INFO - [2025-02-04T23:19:56.283+0000] {dag.py:4180} INFO - Setting next_dagrun for consume_1_and_2_with_dataset_expressions to None, run_after=None
[2025-02-04T23:19:56.284+0000] {logging_mixin.py:190} INFO - [2025-02-04T23:19:56.284+0000] {dag.py:4180} INFO - Setting next_dagrun for consume_1_or_2_with_dataset_expressions to None, run_after=None
[2025-02-04T23:19:56.285+0000] {logging_mixin.py:190} INFO - [2025-02-04T23:19:56.285+0000] {dag.py:4180} INFO - Setting next_dagrun for consume_1_or_both_2_and_3_with_dataset_expressions to None, run_after=None
[2025-02-04T23:19:56.285+0000] {logging_mixin.py:190} INFO - [2025-02-04T23:19:56.285+0000] {dag.py:4180} INFO - Setting next_dagrun for dataset_consumes_1 to None, run_after=None
[2025-02-04T23:19:56.286+0000] {logging_mixin.py:190} INFO - [2025-02-04T23:19:56.286+0000] {dag.py:4180} INFO - Setting next_dagrun for dataset_consumes_1_and_2 to None, run_after=None
[2025-02-04T23:19:56.287+0000] {logging_mixin.py:190} INFO - [2025-02-04T23:19:56.287+0000] {dag.py:4180} INFO - Setting next_dagrun for dataset_consumes_1_never_scheduled to None, run_after=None
[2025-02-04T23:19:56.288+0000] {logging_mixin.py:190} INFO - [2025-02-04T23:19:56.288+0000] {dag.py:4180} INFO - Setting next_dagrun for dataset_consumes_unknown_never_scheduled to None, run_after=None
[2025-02-04T23:19:56.291+0000] {logging_mixin.py:190} INFO - [2025-02-04T23:19:56.291+0000] {dag.py:4180} INFO - Setting next_dagrun for dataset_produces_1 to 2025-02-03 00:00:00+00:00, run_after=2025-02-04 00:00:00+00:00
[2025-02-04T23:19:56.292+0000] {logging_mixin.py:190} INFO - [2025-02-04T23:19:56.291+0000] {dag.py:4180} INFO - Setting next_dagrun for dataset_produces_2 to None, run_after=None
[2025-02-04T23:19:56.334+0000] {processor.py:208} INFO - Processing /home/airflow/.local/lib/python3.12/site-packages/airflow/example_dags/example_datasets.py took 1.447 seconds
[2025-02-04T23:20:26.656+0000] {processor.py:186} INFO - Started process (PID=168) to work on /home/airflow/.local/lib/python3.12/site-packages/airflow/example_dags/example_datasets.py
[2025-02-04T23:20:26.659+0000] {processor.py:914} INFO - Processing file /home/airflow/.local/lib/python3.12/site-packages/airflow/example_dags/example_datasets.py for tasks to queue
[2025-02-04T23:20:26.669+0000] {logging_mixin.py:190} INFO - [2025-02-04T23:20:26.668+0000] {dagbag.py:588} INFO - Filling up the DagBag from /home/airflow/.local/lib/python3.12/site-packages/airflow/example_dags/example_datasets.py
[2025-02-04T23:20:27.762+0000] {processor.py:925} INFO - DAG(s) 'conditional_dataset_and_time_based_timetable', 'dataset_consumes_1_never_scheduled', 'dataset_consumes_1', 'consume_1_or_both_2_and_3_with_dataset_expressions', 'dataset_produces_1', 'consume_1_or_2_with_dataset_expressions', 'consume_1_and_2_with_dataset_expressions', 'dataset_consumes_1_and_2', 'dataset_produces_2', 'dataset_consumes_unknown_never_scheduled' retrieved from /home/airflow/.local/lib/python3.12/site-packages/airflow/example_dags/example_datasets.py
[2025-02-04T23:20:27.825+0000] {logging_mixin.py:190} INFO - [2025-02-04T23:20:27.825+0000] {dag.py:3239} INFO - Sync 10 DAGs
[2025-02-04T23:20:27.863+0000] {logging_mixin.py:190} INFO - [2025-02-04T23:20:27.863+0000] {dag.py:4180} INFO - Setting next_dagrun for conditional_dataset_and_time_based_timetable to 2025-01-29 01:00:00+00:00, run_after=2025-01-29 01:00:00+00:00
[2025-02-04T23:20:27.867+0000] {logging_mixin.py:190} INFO - [2025-02-04T23:20:27.867+0000] {dag.py:4180} INFO - Setting next_dagrun for consume_1_and_2_with_dataset_expressions to None, run_after=None
[2025-02-04T23:20:27.868+0000] {logging_mixin.py:190} INFO - [2025-02-04T23:20:27.868+0000] {dag.py:4180} INFO - Setting next_dagrun for consume_1_or_2_with_dataset_expressions to None, run_after=None
[2025-02-04T23:20:27.869+0000] {logging_mixin.py:190} INFO - [2025-02-04T23:20:27.869+0000] {dag.py:4180} INFO - Setting next_dagrun for consume_1_or_both_2_and_3_with_dataset_expressions to None, run_after=None
[2025-02-04T23:20:27.870+0000] {logging_mixin.py:190} INFO - [2025-02-04T23:20:27.870+0000] {dag.py:4180} INFO - Setting next_dagrun for dataset_consumes_1 to None, run_after=None
[2025-02-04T23:20:27.871+0000] {logging_mixin.py:190} INFO - [2025-02-04T23:20:27.871+0000] {dag.py:4180} INFO - Setting next_dagrun for dataset_consumes_1_and_2 to None, run_after=None
[2025-02-04T23:20:27.872+0000] {logging_mixin.py:190} INFO - [2025-02-04T23:20:27.872+0000] {dag.py:4180} INFO - Setting next_dagrun for dataset_consumes_1_never_scheduled to None, run_after=None
[2025-02-04T23:20:27.873+0000] {logging_mixin.py:190} INFO - [2025-02-04T23:20:27.873+0000] {dag.py:4180} INFO - Setting next_dagrun for dataset_consumes_unknown_never_scheduled to None, run_after=None
[2025-02-04T23:20:27.874+0000] {logging_mixin.py:190} INFO - [2025-02-04T23:20:27.874+0000] {dag.py:4180} INFO - Setting next_dagrun for dataset_produces_1 to 2025-02-03 00:00:00+00:00, run_after=2025-02-04 00:00:00+00:00
[2025-02-04T23:20:27.875+0000] {logging_mixin.py:190} INFO - [2025-02-04T23:20:27.875+0000] {dag.py:4180} INFO - Setting next_dagrun for dataset_produces_2 to None, run_after=None
[2025-02-04T23:20:27.915+0000] {processor.py:208} INFO - Processing /home/airflow/.local/lib/python3.12/site-packages/airflow/example_dags/example_datasets.py took 1.278 seconds
[2025-02-04T23:20:58.457+0000] {processor.py:186} INFO - Started process (PID=231) to work on /home/airflow/.local/lib/python3.12/site-packages/airflow/example_dags/example_datasets.py
[2025-02-04T23:20:58.460+0000] {processor.py:914} INFO - Processing file /home/airflow/.local/lib/python3.12/site-packages/airflow/example_dags/example_datasets.py for tasks to queue
[2025-02-04T23:20:58.463+0000] {logging_mixin.py:190} INFO - [2025-02-04T23:20:58.463+0000] {dagbag.py:588} INFO - Filling up the DagBag from /home/airflow/.local/lib/python3.12/site-packages/airflow/example_dags/example_datasets.py
