[2025-02-04T23:19:48.286+0000] {processor.py:186} INFO - Started process (PID=74) to work on /home/airflow/.local/lib/python3.12/site-packages/airflow/example_dags/example_outlet_event_extra.py
[2025-02-04T23:19:48.287+0000] {processor.py:914} INFO - Processing file /home/airflow/.local/lib/python3.12/site-packages/airflow/example_dags/example_outlet_event_extra.py for tasks to queue
[2025-02-04T23:19:48.290+0000] {logging_mixin.py:190} INFO - [2025-02-04T23:19:48.289+0000] {dagbag.py:588} INFO - Filling up the DagBag from /home/airflow/.local/lib/python3.12/site-packages/airflow/example_dags/example_outlet_event_extra.py
[2025-02-04T23:19:51.048+0000] {processor.py:925} INFO - DAG(s) 'dataset_with_extra_by_context', 'dataset_with_extra_by_yield', 'dataset_with_extra_from_classic_operator' retrieved from /home/airflow/.local/lib/python3.12/site-packages/airflow/example_dags/example_outlet_event_extra.py
[2025-02-04T23:19:51.188+0000] {logging_mixin.py:190} INFO - [2025-02-04T23:19:51.187+0000] {override.py:1911} INFO - Created Permission View: can edit on DAG:dataset_with_extra_by_context
[2025-02-04T23:19:51.204+0000] {logging_mixin.py:190} INFO - [2025-02-04T23:19:51.204+0000] {override.py:1911} INFO - Created Permission View: can read on DAG:dataset_with_extra_by_context
[2025-02-04T23:19:51.215+0000] {logging_mixin.py:190} INFO - [2025-02-04T23:19:51.215+0000] {override.py:1911} INFO - Created Permission View: can delete on DAG:dataset_with_extra_by_context
[2025-02-04T23:19:51.233+0000] {logging_mixin.py:190} INFO - [2025-02-04T23:19:51.232+0000] {override.py:1911} INFO - Created Permission View: can delete on DAG Run:dataset_with_extra_by_context
[2025-02-04T23:19:51.245+0000] {logging_mixin.py:190} INFO - [2025-02-04T23:19:51.244+0000] {override.py:1911} INFO - Created Permission View: can read on DAG Run:dataset_with_extra_by_context
[2025-02-04T23:19:51.257+0000] {logging_mixin.py:190} INFO - [2025-02-04T23:19:51.256+0000] {override.py:1911} INFO - Created Permission View: can create on DAG Run:dataset_with_extra_by_context
[2025-02-04T23:19:51.268+0000] {logging_mixin.py:190} INFO - [2025-02-04T23:19:51.268+0000] {override.py:1911} INFO - Created Permission View: menu access on DAG Run:dataset_with_extra_by_context
[2025-02-04T23:19:51.293+0000] {logging_mixin.py:190} INFO - [2025-02-04T23:19:51.292+0000] {override.py:1911} INFO - Created Permission View: can edit on DAG:dataset_with_extra_by_yield
[2025-02-04T23:19:51.305+0000] {logging_mixin.py:190} INFO - [2025-02-04T23:19:51.305+0000] {override.py:1911} INFO - Created Permission View: can read on DAG:dataset_with_extra_by_yield
[2025-02-04T23:19:51.317+0000] {logging_mixin.py:190} INFO - [2025-02-04T23:19:51.317+0000] {override.py:1911} INFO - Created Permission View: can delete on DAG:dataset_with_extra_by_yield
[2025-02-04T23:19:51.333+0000] {logging_mixin.py:190} INFO - [2025-02-04T23:19:51.332+0000] {override.py:1911} INFO - Created Permission View: can delete on DAG Run:dataset_with_extra_by_yield
[2025-02-04T23:19:51.344+0000] {logging_mixin.py:190} INFO - [2025-02-04T23:19:51.343+0000] {override.py:1911} INFO - Created Permission View: can read on DAG Run:dataset_with_extra_by_yield
[2025-02-04T23:19:51.356+0000] {logging_mixin.py:190} INFO - [2025-02-04T23:19:51.355+0000] {override.py:1911} INFO - Created Permission View: can create on DAG Run:dataset_with_extra_by_yield
[2025-02-04T23:19:51.368+0000] {logging_mixin.py:190} INFO - [2025-02-04T23:19:51.367+0000] {override.py:1911} INFO - Created Permission View: menu access on DAG Run:dataset_with_extra_by_yield
[2025-02-04T23:19:51.392+0000] {logging_mixin.py:190} INFO - [2025-02-04T23:19:51.391+0000] {override.py:1911} INFO - Created Permission View: can edit on DAG:dataset_with_extra_from_classic_operator
[2025-02-04T23:19:51.403+0000] {logging_mixin.py:190} INFO - [2025-02-04T23:19:51.403+0000] {override.py:1911} INFO - Created Permission View: can read on DAG:dataset_with_extra_from_classic_operator
[2025-02-04T23:19:51.415+0000] {logging_mixin.py:190} INFO - [2025-02-04T23:19:51.415+0000] {override.py:1911} INFO - Created Permission View: can delete on DAG:dataset_with_extra_from_classic_operator
[2025-02-04T23:19:51.431+0000] {logging_mixin.py:190} INFO - [2025-02-04T23:19:51.430+0000] {override.py:1911} INFO - Created Permission View: can delete on DAG Run:dataset_with_extra_from_classic_operator
[2025-02-04T23:19:51.442+0000] {logging_mixin.py:190} INFO - [2025-02-04T23:19:51.442+0000] {override.py:1911} INFO - Created Permission View: can read on DAG Run:dataset_with_extra_from_classic_operator
[2025-02-04T23:19:51.454+0000] {logging_mixin.py:190} INFO - [2025-02-04T23:19:51.454+0000] {override.py:1911} INFO - Created Permission View: can create on DAG Run:dataset_with_extra_from_classic_operator
[2025-02-04T23:19:51.465+0000] {logging_mixin.py:190} INFO - [2025-02-04T23:19:51.465+0000] {override.py:1911} INFO - Created Permission View: menu access on DAG Run:dataset_with_extra_from_classic_operator
[2025-02-04T23:19:51.466+0000] {logging_mixin.py:190} INFO - [2025-02-04T23:19:51.465+0000] {dag.py:3239} INFO - Sync 3 DAGs
[2025-02-04T23:19:51.485+0000] {logging_mixin.py:190} INFO - [2025-02-04T23:19:51.484+0000] {dag.py:3262} INFO - Creating ORM DAG for dataset_with_extra_by_yield
[2025-02-04T23:19:51.486+0000] {logging_mixin.py:190} INFO - [2025-02-04T23:19:51.486+0000] {dag.py:3262} INFO - Creating ORM DAG for dataset_with_extra_from_classic_operator
[2025-02-04T23:19:51.487+0000] {logging_mixin.py:190} INFO - [2025-02-04T23:19:51.486+0000] {dag.py:3262} INFO - Creating ORM DAG for dataset_with_extra_by_context
[2025-02-04T23:19:51.504+0000] {logging_mixin.py:190} INFO - [2025-02-04T23:19:51.504+0000] {dag.py:4180} INFO - Setting next_dagrun for dataset_with_extra_by_context to 2025-02-03 00:00:00+00:00, run_after=2025-02-04 00:00:00+00:00
[2025-02-04T23:19:51.507+0000] {logging_mixin.py:190} INFO - [2025-02-04T23:19:51.506+0000] {dag.py:4180} INFO - Setting next_dagrun for dataset_with_extra_by_yield to 2025-02-03 00:00:00+00:00, run_after=2025-02-04 00:00:00+00:00
[2025-02-04T23:19:51.509+0000] {logging_mixin.py:190} INFO - [2025-02-04T23:19:51.508+0000] {dag.py:4180} INFO - Setting next_dagrun for dataset_with_extra_from_classic_operator to 2025-02-03 00:00:00+00:00, run_after=2025-02-04 00:00:00+00:00
[2025-02-04T23:19:51.541+0000] {processor.py:208} INFO - Processing /home/airflow/.local/lib/python3.12/site-packages/airflow/example_dags/example_outlet_event_extra.py took 3.261 seconds
[2025-02-04T23:20:22.449+0000] {processor.py:186} INFO - Started process (PID=139) to work on /home/airflow/.local/lib/python3.12/site-packages/airflow/example_dags/example_outlet_event_extra.py
[2025-02-04T23:20:22.450+0000] {processor.py:914} INFO - Processing file /home/airflow/.local/lib/python3.12/site-packages/airflow/example_dags/example_outlet_event_extra.py for tasks to queue
[2025-02-04T23:20:22.453+0000] {logging_mixin.py:190} INFO - [2025-02-04T23:20:22.452+0000] {dagbag.py:588} INFO - Filling up the DagBag from /home/airflow/.local/lib/python3.12/site-packages/airflow/example_dags/example_outlet_event_extra.py
[2025-02-04T23:20:23.315+0000] {processor.py:925} INFO - DAG(s) 'dataset_with_extra_by_yield', 'dataset_with_extra_by_context', 'dataset_with_extra_from_classic_operator' retrieved from /home/airflow/.local/lib/python3.12/site-packages/airflow/example_dags/example_outlet_event_extra.py
[2025-02-04T23:20:23.342+0000] {logging_mixin.py:190} INFO - [2025-02-04T23:20:23.342+0000] {dag.py:3239} INFO - Sync 3 DAGs
[2025-02-04T23:20:23.373+0000] {logging_mixin.py:190} INFO - [2025-02-04T23:20:23.373+0000] {dag.py:4180} INFO - Setting next_dagrun for dataset_with_extra_by_context to 2025-02-03 00:00:00+00:00, run_after=2025-02-04 00:00:00+00:00
[2025-02-04T23:20:23.378+0000] {logging_mixin.py:190} INFO - [2025-02-04T23:20:23.378+0000] {dag.py:4180} INFO - Setting next_dagrun for dataset_with_extra_by_yield to 2025-02-03 00:00:00+00:00, run_after=2025-02-04 00:00:00+00:00
[2025-02-04T23:20:23.380+0000] {logging_mixin.py:190} INFO - [2025-02-04T23:20:23.380+0000] {dag.py:4180} INFO - Setting next_dagrun for dataset_with_extra_from_classic_operator to 2025-02-03 00:00:00+00:00, run_after=2025-02-04 00:00:00+00:00
[2025-02-04T23:20:23.404+0000] {processor.py:208} INFO - Processing /home/airflow/.local/lib/python3.12/site-packages/airflow/example_dags/example_outlet_event_extra.py took 0.961 seconds
[2025-02-04T23:20:53.520+0000] {processor.py:186} INFO - Started process (PID=202) to work on /home/airflow/.local/lib/python3.12/site-packages/airflow/example_dags/example_outlet_event_extra.py
[2025-02-04T23:20:53.521+0000] {processor.py:914} INFO - Processing file /home/airflow/.local/lib/python3.12/site-packages/airflow/example_dags/example_outlet_event_extra.py for tasks to queue
[2025-02-04T23:20:53.523+0000] {logging_mixin.py:190} INFO - [2025-02-04T23:20:53.523+0000] {dagbag.py:588} INFO - Filling up the DagBag from /home/airflow/.local/lib/python3.12/site-packages/airflow/example_dags/example_outlet_event_extra.py
[2025-02-04T23:20:54.038+0000] {processor.py:925} INFO - DAG(s) 'dataset_with_extra_by_context', 'dataset_with_extra_by_yield', 'dataset_with_extra_from_classic_operator' retrieved from /home/airflow/.local/lib/python3.12/site-packages/airflow/example_dags/example_outlet_event_extra.py
[2025-02-04T23:20:54.068+0000] {logging_mixin.py:190} INFO - [2025-02-04T23:20:54.068+0000] {dag.py:3239} INFO - Sync 3 DAGs
[2025-02-04T23:20:54.103+0000] {logging_mixin.py:190} INFO - [2025-02-04T23:20:54.103+0000] {dag.py:4180} INFO - Setting next_dagrun for dataset_with_extra_by_context to 2025-02-03 00:00:00+00:00, run_after=2025-02-04 00:00:00+00:00
[2025-02-04T23:20:54.109+0000] {logging_mixin.py:190} INFO - [2025-02-04T23:20:54.109+0000] {dag.py:4180} INFO - Setting next_dagrun for dataset_with_extra_by_yield to 2025-02-03 00:00:00+00:00, run_after=2025-02-04 00:00:00+00:00
[2025-02-04T23:20:54.112+0000] {logging_mixin.py:190} INFO - [2025-02-04T23:20:54.111+0000] {dag.py:4180} INFO - Setting next_dagrun for dataset_with_extra_from_classic_operator to 2025-02-03 00:00:00+00:00, run_after=2025-02-04 00:00:00+00:00
[2025-02-04T23:20:54.141+0000] {processor.py:208} INFO - Processing /home/airflow/.local/lib/python3.12/site-packages/airflow/example_dags/example_outlet_event_extra.py took 0.625 seconds
