[2025-02-04T23:19:53.737+0000] {processor.py:186} INFO - Started process (PID=96) to work on /home/airflow/.local/lib/python3.12/site-packages/airflow/example_dags/example_setup_teardown_taskflow.py
[2025-02-04T23:19:53.738+0000] {processor.py:914} INFO - Processing file /home/airflow/.local/lib/python3.12/site-packages/airflow/example_dags/example_setup_teardown_taskflow.py for tasks to queue
[2025-02-04T23:19:53.740+0000] {logging_mixin.py:190} INFO - [2025-02-04T23:19:53.740+0000] {dagbag.py:588} INFO - Filling up the DagBag from /home/airflow/.local/lib/python3.12/site-packages/airflow/example_dags/example_setup_teardown_taskflow.py
[2025-02-04T23:19:53.756+0000] {processor.py:925} INFO - DAG(s) 'example_setup_teardown_taskflow' retrieved from /home/airflow/.local/lib/python3.12/site-packages/airflow/example_dags/example_setup_teardown_taskflow.py
[2025-02-04T23:19:53.886+0000] {logging_mixin.py:190} INFO - [2025-02-04T23:19:53.885+0000] {override.py:1911} INFO - Created Permission View: can edit on DAG:example_setup_teardown_taskflow
[2025-02-04T23:19:53.898+0000] {logging_mixin.py:190} INFO - [2025-02-04T23:19:53.897+0000] {override.py:1911} INFO - Created Permission View: can read on DAG:example_setup_teardown_taskflow
[2025-02-04T23:19:53.907+0000] {logging_mixin.py:190} INFO - [2025-02-04T23:19:53.907+0000] {override.py:1911} INFO - Created Permission View: can delete on DAG:example_setup_teardown_taskflow
[2025-02-04T23:19:53.922+0000] {logging_mixin.py:190} INFO - [2025-02-04T23:19:53.922+0000] {override.py:1911} INFO - Created Permission View: can delete on DAG Run:example_setup_teardown_taskflow
[2025-02-04T23:19:53.931+0000] {logging_mixin.py:190} INFO - [2025-02-04T23:19:53.930+0000] {override.py:1911} INFO - Created Permission View: can read on DAG Run:example_setup_teardown_taskflow
[2025-02-04T23:19:53.941+0000] {logging_mixin.py:190} INFO - [2025-02-04T23:19:53.941+0000] {override.py:1911} INFO - Created Permission View: can create on DAG Run:example_setup_teardown_taskflow
[2025-02-04T23:19:53.951+0000] {logging_mixin.py:190} INFO - [2025-02-04T23:19:53.950+0000] {override.py:1911} INFO - Created Permission View: menu access on DAG Run:example_setup_teardown_taskflow
[2025-02-04T23:19:53.951+0000] {logging_mixin.py:190} INFO - [2025-02-04T23:19:53.951+0000] {dag.py:3239} INFO - Sync 1 DAGs
[2025-02-04T23:19:53.965+0000] {logging_mixin.py:190} INFO - [2025-02-04T23:19:53.965+0000] {dag.py:3262} INFO - Creating ORM DAG for example_setup_teardown_taskflow
[2025-02-04T23:19:53.966+0000] {logging_mixin.py:190} INFO - [2025-02-04T23:19:53.966+0000] {dag.py:4180} INFO - Setting next_dagrun for example_setup_teardown_taskflow to None, run_after=None
[2025-02-04T23:19:53.990+0000] {processor.py:208} INFO - Processing /home/airflow/.local/lib/python3.12/site-packages/airflow/example_dags/example_setup_teardown_taskflow.py took 0.259 seconds
[2025-02-04T23:20:24.316+0000] {processor.py:186} INFO - Started process (PID=159) to work on /home/airflow/.local/lib/python3.12/site-packages/airflow/example_dags/example_setup_teardown_taskflow.py
[2025-02-04T23:20:24.317+0000] {processor.py:914} INFO - Processing file /home/airflow/.local/lib/python3.12/site-packages/airflow/example_dags/example_setup_teardown_taskflow.py for tasks to queue
[2025-02-04T23:20:24.318+0000] {logging_mixin.py:190} INFO - [2025-02-04T23:20:24.318+0000] {dagbag.py:588} INFO - Filling up the DagBag from /home/airflow/.local/lib/python3.12/site-packages/airflow/example_dags/example_setup_teardown_taskflow.py
[2025-02-04T23:20:24.326+0000] {processor.py:925} INFO - DAG(s) 'example_setup_teardown_taskflow' retrieved from /home/airflow/.local/lib/python3.12/site-packages/airflow/example_dags/example_setup_teardown_taskflow.py
[2025-02-04T23:20:24.341+0000] {logging_mixin.py:190} INFO - [2025-02-04T23:20:24.341+0000] {dag.py:3239} INFO - Sync 1 DAGs
[2025-02-04T23:20:24.350+0000] {logging_mixin.py:190} INFO - [2025-02-04T23:20:24.350+0000] {dag.py:4180} INFO - Setting next_dagrun for example_setup_teardown_taskflow to None, run_after=None
[2025-02-04T23:20:24.365+0000] {processor.py:208} INFO - Processing /home/airflow/.local/lib/python3.12/site-packages/airflow/example_dags/example_setup_teardown_taskflow.py took 0.054 seconds
[2025-02-04T23:20:55.068+0000] {processor.py:186} INFO - Started process (PID=216) to work on /home/airflow/.local/lib/python3.12/site-packages/airflow/example_dags/example_setup_teardown_taskflow.py
[2025-02-04T23:20:55.069+0000] {processor.py:914} INFO - Processing file /home/airflow/.local/lib/python3.12/site-packages/airflow/example_dags/example_setup_teardown_taskflow.py for tasks to queue
[2025-02-04T23:20:55.071+0000] {logging_mixin.py:190} INFO - [2025-02-04T23:20:55.071+0000] {dagbag.py:588} INFO - Filling up the DagBag from /home/airflow/.local/lib/python3.12/site-packages/airflow/example_dags/example_setup_teardown_taskflow.py
[2025-02-04T23:20:55.081+0000] {processor.py:925} INFO - DAG(s) 'example_setup_teardown_taskflow' retrieved from /home/airflow/.local/lib/python3.12/site-packages/airflow/example_dags/example_setup_teardown_taskflow.py
[2025-02-04T23:20:55.104+0000] {logging_mixin.py:190} INFO - [2025-02-04T23:20:55.104+0000] {dag.py:3239} INFO - Sync 1 DAGs
[2025-02-04T23:20:55.120+0000] {logging_mixin.py:190} INFO - [2025-02-04T23:20:55.120+0000] {dag.py:4180} INFO - Setting next_dagrun for example_setup_teardown_taskflow to None, run_after=None
[2025-02-04T23:20:55.141+0000] {processor.py:208} INFO - Processing /home/airflow/.local/lib/python3.12/site-packages/airflow/example_dags/example_setup_teardown_taskflow.py took 0.078 seconds
