[2025-02-04T23:19:53.200+0000] {processor.py:186} INFO - Started process (PID=92) to work on /home/airflow/.local/lib/python3.12/site-packages/airflow/example_dags/example_kubernetes_executor.py
[2025-02-04T23:19:53.201+0000] {processor.py:914} INFO - Processing file /home/airflow/.local/lib/python3.12/site-packages/airflow/example_dags/example_kubernetes_executor.py for tasks to queue
[2025-02-04T23:19:53.204+0000] {logging_mixin.py:190} INFO - [2025-02-04T23:19:53.203+0000] {dagbag.py:588} INFO - Filling up the DagBag from /home/airflow/.local/lib/python3.12/site-packages/airflow/example_dags/example_kubernetes_executor.py
[2025-02-04T23:19:53.220+0000] {processor.py:925} INFO - DAG(s) 'example_kubernetes_executor' retrieved from /home/airflow/.local/lib/python3.12/site-packages/airflow/example_dags/example_kubernetes_executor.py
[2025-02-04T23:19:53.326+0000] {logging_mixin.py:190} INFO - [2025-02-04T23:19:53.325+0000] {override.py:1911} INFO - Created Permission View: can edit on DAG:example_kubernetes_executor
[2025-02-04T23:19:53.337+0000] {logging_mixin.py:190} INFO - [2025-02-04T23:19:53.337+0000] {override.py:1911} INFO - Created Permission View: can read on DAG:example_kubernetes_executor
[2025-02-04T23:19:53.345+0000] {logging_mixin.py:190} INFO - [2025-02-04T23:19:53.345+0000] {override.py:1911} INFO - Created Permission View: can delete on DAG:example_kubernetes_executor
[2025-02-04T23:19:53.356+0000] {logging_mixin.py:190} INFO - [2025-02-04T23:19:53.355+0000] {override.py:1911} INFO - Created Permission View: can delete on DAG Run:example_kubernetes_executor
[2025-02-04T23:19:53.364+0000] {logging_mixin.py:190} INFO - [2025-02-04T23:19:53.364+0000] {override.py:1911} INFO - Created Permission View: can read on DAG Run:example_kubernetes_executor
[2025-02-04T23:19:53.375+0000] {logging_mixin.py:190} INFO - [2025-02-04T23:19:53.375+0000] {override.py:1911} INFO - Created Permission View: can create on DAG Run:example_kubernetes_executor
[2025-02-04T23:19:53.384+0000] {logging_mixin.py:190} INFO - [2025-02-04T23:19:53.384+0000] {override.py:1911} INFO - Created Permission View: menu access on DAG Run:example_kubernetes_executor
[2025-02-04T23:19:53.385+0000] {logging_mixin.py:190} INFO - [2025-02-04T23:19:53.384+0000] {dag.py:3239} INFO - Sync 1 DAGs
[2025-02-04T23:19:53.399+0000] {logging_mixin.py:190} INFO - [2025-02-04T23:19:53.399+0000] {dag.py:3262} INFO - Creating ORM DAG for example_kubernetes_executor
[2025-02-04T23:19:53.399+0000] {logging_mixin.py:190} INFO - [2025-02-04T23:19:53.399+0000] {dag.py:4180} INFO - Setting next_dagrun for example_kubernetes_executor to None, run_after=None
[2025-02-04T23:19:53.418+0000] {processor.py:208} INFO - Processing /home/airflow/.local/lib/python3.12/site-packages/airflow/example_dags/example_kubernetes_executor.py took 0.224 seconds
[2025-02-04T23:20:24.085+0000] {processor.py:186} INFO - Started process (PID=155) to work on /home/airflow/.local/lib/python3.12/site-packages/airflow/example_dags/example_kubernetes_executor.py
[2025-02-04T23:20:24.086+0000] {processor.py:914} INFO - Processing file /home/airflow/.local/lib/python3.12/site-packages/airflow/example_dags/example_kubernetes_executor.py for tasks to queue
[2025-02-04T23:20:24.088+0000] {logging_mixin.py:190} INFO - [2025-02-04T23:20:24.088+0000] {dagbag.py:588} INFO - Filling up the DagBag from /home/airflow/.local/lib/python3.12/site-packages/airflow/example_dags/example_kubernetes_executor.py
[2025-02-04T23:20:24.099+0000] {processor.py:925} INFO - DAG(s) 'example_kubernetes_executor' retrieved from /home/airflow/.local/lib/python3.12/site-packages/airflow/example_dags/example_kubernetes_executor.py
[2025-02-04T23:20:24.121+0000] {logging_mixin.py:190} INFO - [2025-02-04T23:20:24.121+0000] {dag.py:3239} INFO - Sync 1 DAGs
[2025-02-04T23:20:24.132+0000] {logging_mixin.py:190} INFO - [2025-02-04T23:20:24.132+0000] {dag.py:4180} INFO - Setting next_dagrun for example_kubernetes_executor to None, run_after=None
[2025-02-04T23:20:24.151+0000] {processor.py:208} INFO - Processing /home/airflow/.local/lib/python3.12/site-packages/airflow/example_dags/example_kubernetes_executor.py took 0.071 seconds
[2025-02-04T23:20:54.886+0000] {processor.py:186} INFO - Started process (PID=212) to work on /home/airflow/.local/lib/python3.12/site-packages/airflow/example_dags/example_kubernetes_executor.py
[2025-02-04T23:20:54.887+0000] {processor.py:914} INFO - Processing file /home/airflow/.local/lib/python3.12/site-packages/airflow/example_dags/example_kubernetes_executor.py for tasks to queue
[2025-02-04T23:20:54.889+0000] {logging_mixin.py:190} INFO - [2025-02-04T23:20:54.889+0000] {dagbag.py:588} INFO - Filling up the DagBag from /home/airflow/.local/lib/python3.12/site-packages/airflow/example_dags/example_kubernetes_executor.py
[2025-02-04T23:20:54.901+0000] {processor.py:925} INFO - DAG(s) 'example_kubernetes_executor' retrieved from /home/airflow/.local/lib/python3.12/site-packages/airflow/example_dags/example_kubernetes_executor.py
[2025-02-04T23:20:54.921+0000] {logging_mixin.py:190} INFO - [2025-02-04T23:20:54.921+0000] {dag.py:3239} INFO - Sync 1 DAGs
[2025-02-04T23:20:54.933+0000] {logging_mixin.py:190} INFO - [2025-02-04T23:20:54.933+0000] {dag.py:4180} INFO - Setting next_dagrun for example_kubernetes_executor to None, run_after=None
[2025-02-04T23:20:54.951+0000] {processor.py:208} INFO - Processing /home/airflow/.local/lib/python3.12/site-packages/airflow/example_dags/example_kubernetes_executor.py took 0.071 seconds
