[2025-02-04T23:19:53.115+0000] {processor.py:186} INFO - Started process (PID=91) to work on /home/airflow/.local/lib/python3.12/site-packages/airflow/example_dags/example_workday_timetable.py
[2025-02-04T23:19:53.116+0000] {processor.py:914} INFO - Processing file /home/airflow/.local/lib/python3.12/site-packages/airflow/example_dags/example_workday_timetable.py for tasks to queue
[2025-02-04T23:19:53.119+0000] {logging_mixin.py:190} INFO - [2025-02-04T23:19:53.118+0000] {dagbag.py:588} INFO - Filling up the DagBag from /home/airflow/.local/lib/python3.12/site-packages/airflow/example_dags/example_workday_timetable.py
[2025-02-04T23:19:53.127+0000] {processor.py:925} INFO - DAG(s) 'example_workday_timetable' retrieved from /home/airflow/.local/lib/python3.12/site-packages/airflow/example_dags/example_workday_timetable.py
[2025-02-04T23:19:53.233+0000] {logging_mixin.py:190} INFO - [2025-02-04T23:19:53.232+0000] {override.py:1911} INFO - Created Permission View: can edit on DAG:example_workday_timetable
[2025-02-04T23:19:53.244+0000] {logging_mixin.py:190} INFO - [2025-02-04T23:19:53.243+0000] {override.py:1911} INFO - Created Permission View: can read on DAG:example_workday_timetable
[2025-02-04T23:19:53.253+0000] {logging_mixin.py:190} INFO - [2025-02-04T23:19:53.253+0000] {override.py:1911} INFO - Created Permission View: can delete on DAG:example_workday_timetable
[2025-02-04T23:19:53.266+0000] {logging_mixin.py:190} INFO - [2025-02-04T23:19:53.266+0000] {override.py:1911} INFO - Created Permission View: can delete on DAG Run:example_workday_timetable
[2025-02-04T23:19:53.275+0000] {logging_mixin.py:190} INFO - [2025-02-04T23:19:53.275+0000] {override.py:1911} INFO - Created Permission View: can read on DAG Run:example_workday_timetable
[2025-02-04T23:19:53.284+0000] {logging_mixin.py:190} INFO - [2025-02-04T23:19:53.283+0000] {override.py:1911} INFO - Created Permission View: can create on DAG Run:example_workday_timetable
[2025-02-04T23:19:53.292+0000] {logging_mixin.py:190} INFO - [2025-02-04T23:19:53.292+0000] {override.py:1911} INFO - Created Permission View: menu access on DAG Run:example_workday_timetable
[2025-02-04T23:19:53.293+0000] {logging_mixin.py:190} INFO - [2025-02-04T23:19:53.293+0000] {dag.py:3239} INFO - Sync 1 DAGs
[2025-02-04T23:19:53.307+0000] {logging_mixin.py:190} INFO - [2025-02-04T23:19:53.306+0000] {dag.py:3262} INFO - Creating ORM DAG for example_workday_timetable
[2025-02-04T23:19:53.359+0000] {logging_mixin.py:190} INFO - [2025-02-04T23:19:53.359+0000] {dag.py:4180} INFO - Setting next_dagrun for example_workday_timetable to 2021-01-04 00:00:00+00:00, run_after=2021-01-05 00:00:00+00:00
[2025-02-04T23:19:53.382+0000] {processor.py:208} INFO - Processing /home/airflow/.local/lib/python3.12/site-packages/airflow/example_dags/example_workday_timetable.py took 0.273 seconds
[2025-02-04T23:20:23.963+0000] {processor.py:186} INFO - Started process (PID=154) to work on /home/airflow/.local/lib/python3.12/site-packages/airflow/example_dags/example_workday_timetable.py
[2025-02-04T23:20:23.964+0000] {processor.py:914} INFO - Processing file /home/airflow/.local/lib/python3.12/site-packages/airflow/example_dags/example_workday_timetable.py for tasks to queue
[2025-02-04T23:20:23.966+0000] {logging_mixin.py:190} INFO - [2025-02-04T23:20:23.966+0000] {dagbag.py:588} INFO - Filling up the DagBag from /home/airflow/.local/lib/python3.12/site-packages/airflow/example_dags/example_workday_timetable.py
[2025-02-04T23:20:23.972+0000] {processor.py:925} INFO - DAG(s) 'example_workday_timetable' retrieved from /home/airflow/.local/lib/python3.12/site-packages/airflow/example_dags/example_workday_timetable.py
[2025-02-04T23:20:23.988+0000] {logging_mixin.py:190} INFO - [2025-02-04T23:20:23.988+0000] {dag.py:3239} INFO - Sync 1 DAGs
[2025-02-04T23:20:24.040+0000] {logging_mixin.py:190} INFO - [2025-02-04T23:20:24.040+0000] {dag.py:4180} INFO - Setting next_dagrun for example_workday_timetable to 2021-01-04 00:00:00+00:00, run_after=2021-01-05 00:00:00+00:00
[2025-02-04T23:20:24.062+0000] {processor.py:208} INFO - Processing /home/airflow/.local/lib/python3.12/site-packages/airflow/example_dags/example_workday_timetable.py took 0.105 seconds
[2025-02-04T23:20:54.753+0000] {processor.py:186} INFO - Started process (PID=211) to work on /home/airflow/.local/lib/python3.12/site-packages/airflow/example_dags/example_workday_timetable.py
[2025-02-04T23:20:54.754+0000] {processor.py:914} INFO - Processing file /home/airflow/.local/lib/python3.12/site-packages/airflow/example_dags/example_workday_timetable.py for tasks to queue
[2025-02-04T23:20:54.757+0000] {logging_mixin.py:190} INFO - [2025-02-04T23:20:54.756+0000] {dagbag.py:588} INFO - Filling up the DagBag from /home/airflow/.local/lib/python3.12/site-packages/airflow/example_dags/example_workday_timetable.py
[2025-02-04T23:20:54.763+0000] {processor.py:925} INFO - DAG(s) 'example_workday_timetable' retrieved from /home/airflow/.local/lib/python3.12/site-packages/airflow/example_dags/example_workday_timetable.py
[2025-02-04T23:20:54.783+0000] {logging_mixin.py:190} INFO - [2025-02-04T23:20:54.782+0000] {dag.py:3239} INFO - Sync 1 DAGs
[2025-02-04T23:20:54.840+0000] {logging_mixin.py:190} INFO - [2025-02-04T23:20:54.840+0000] {dag.py:4180} INFO - Setting next_dagrun for example_workday_timetable to 2021-01-04 00:00:00+00:00, run_after=2021-01-05 00:00:00+00:00
[2025-02-04T23:20:54.864+0000] {processor.py:208} INFO - Processing /home/airflow/.local/lib/python3.12/site-packages/airflow/example_dags/example_workday_timetable.py took 0.116 seconds
