[2025-02-04T23:19:54.020+0000] {processor.py:186} INFO - Started process (PID=98) to work on /home/airflow/.local/lib/python3.12/site-packages/airflow/example_dags/example_short_circuit_decorator.py
[2025-02-04T23:19:54.021+0000] {processor.py:914} INFO - Processing file /home/airflow/.local/lib/python3.12/site-packages/airflow/example_dags/example_short_circuit_decorator.py for tasks to queue
[2025-02-04T23:19:54.024+0000] {logging_mixin.py:190} INFO - [2025-02-04T23:19:54.024+0000] {dagbag.py:588} INFO - Filling up the DagBag from /home/airflow/.local/lib/python3.12/site-packages/airflow/example_dags/example_short_circuit_decorator.py
[2025-02-04T23:19:54.035+0000] {processor.py:925} INFO - DAG(s) 'example_short_circuit_decorator' retrieved from /home/airflow/.local/lib/python3.12/site-packages/airflow/example_dags/example_short_circuit_decorator.py
[2025-02-04T23:19:54.158+0000] {logging_mixin.py:190} INFO - [2025-02-04T23:19:54.157+0000] {override.py:1911} INFO - Created Permission View: can edit on DAG:example_short_circuit_decorator
[2025-02-04T23:19:54.168+0000] {logging_mixin.py:190} INFO - [2025-02-04T23:19:54.168+0000] {override.py:1911} INFO - Created Permission View: can read on DAG:example_short_circuit_decorator
[2025-02-04T23:19:54.176+0000] {logging_mixin.py:190} INFO - [2025-02-04T23:19:54.176+0000] {override.py:1911} INFO - Created Permission View: can delete on DAG:example_short_circuit_decorator
[2025-02-04T23:19:54.189+0000] {logging_mixin.py:190} INFO - [2025-02-04T23:19:54.189+0000] {override.py:1911} INFO - Created Permission View: can delete on DAG Run:example_short_circuit_decorator
[2025-02-04T23:19:54.196+0000] {logging_mixin.py:190} INFO - [2025-02-04T23:19:54.196+0000] {override.py:1911} INFO - Created Permission View: can read on DAG Run:example_short_circuit_decorator
[2025-02-04T23:19:54.204+0000] {logging_mixin.py:190} INFO - [2025-02-04T23:19:54.204+0000] {override.py:1911} INFO - Created Permission View: can create on DAG Run:example_short_circuit_decorator
[2025-02-04T23:19:54.212+0000] {logging_mixin.py:190} INFO - [2025-02-04T23:19:54.211+0000] {override.py:1911} INFO - Created Permission View: menu access on DAG Run:example_short_circuit_decorator
[2025-02-04T23:19:54.212+0000] {logging_mixin.py:190} INFO - [2025-02-04T23:19:54.212+0000] {dag.py:3239} INFO - Sync 1 DAGs
[2025-02-04T23:19:54.223+0000] {logging_mixin.py:190} INFO - [2025-02-04T23:19:54.222+0000] {dag.py:3262} INFO - Creating ORM DAG for example_short_circuit_decorator
[2025-02-04T23:19:54.223+0000] {logging_mixin.py:190} INFO - [2025-02-04T23:19:54.223+0000] {dag.py:4180} INFO - Setting next_dagrun for example_short_circuit_decorator to None, run_after=None
[2025-02-04T23:19:54.238+0000] {processor.py:208} INFO - Processing /home/airflow/.local/lib/python3.12/site-packages/airflow/example_dags/example_short_circuit_decorator.py took 0.225 seconds
[2025-02-04T23:20:24.384+0000] {processor.py:186} INFO - Started process (PID=161) to work on /home/airflow/.local/lib/python3.12/site-packages/airflow/example_dags/example_short_circuit_decorator.py
[2025-02-04T23:20:24.385+0000] {processor.py:914} INFO - Processing file /home/airflow/.local/lib/python3.12/site-packages/airflow/example_dags/example_short_circuit_decorator.py for tasks to queue
[2025-02-04T23:20:24.387+0000] {logging_mixin.py:190} INFO - [2025-02-04T23:20:24.387+0000] {dagbag.py:588} INFO - Filling up the DagBag from /home/airflow/.local/lib/python3.12/site-packages/airflow/example_dags/example_short_circuit_decorator.py
[2025-02-04T23:20:24.393+0000] {processor.py:925} INFO - DAG(s) 'example_short_circuit_decorator' retrieved from /home/airflow/.local/lib/python3.12/site-packages/airflow/example_dags/example_short_circuit_decorator.py
[2025-02-04T23:20:24.410+0000] {logging_mixin.py:190} INFO - [2025-02-04T23:20:24.410+0000] {dag.py:3239} INFO - Sync 1 DAGs
[2025-02-04T23:20:24.419+0000] {logging_mixin.py:190} INFO - [2025-02-04T23:20:24.419+0000] {dag.py:4180} INFO - Setting next_dagrun for example_short_circuit_decorator to None, run_after=None
[2025-02-04T23:20:24.437+0000] {processor.py:208} INFO - Processing /home/airflow/.local/lib/python3.12/site-packages/airflow/example_dags/example_short_circuit_decorator.py took 0.056 seconds
[2025-02-04T23:20:55.165+0000] {processor.py:186} INFO - Started process (PID=218) to work on /home/airflow/.local/lib/python3.12/site-packages/airflow/example_dags/example_short_circuit_decorator.py
[2025-02-04T23:20:55.166+0000] {processor.py:914} INFO - Processing file /home/airflow/.local/lib/python3.12/site-packages/airflow/example_dags/example_short_circuit_decorator.py for tasks to queue
[2025-02-04T23:20:55.169+0000] {logging_mixin.py:190} INFO - [2025-02-04T23:20:55.169+0000] {dagbag.py:588} INFO - Filling up the DagBag from /home/airflow/.local/lib/python3.12/site-packages/airflow/example_dags/example_short_circuit_decorator.py
[2025-02-04T23:20:55.179+0000] {processor.py:925} INFO - DAG(s) 'example_short_circuit_decorator' retrieved from /home/airflow/.local/lib/python3.12/site-packages/airflow/example_dags/example_short_circuit_decorator.py
[2025-02-04T23:20:55.201+0000] {logging_mixin.py:190} INFO - [2025-02-04T23:20:55.201+0000] {dag.py:3239} INFO - Sync 1 DAGs
[2025-02-04T23:20:55.215+0000] {logging_mixin.py:190} INFO - [2025-02-04T23:20:55.214+0000] {dag.py:4180} INFO - Setting next_dagrun for example_short_circuit_decorator to None, run_after=None
[2025-02-04T23:20:55.234+0000] {processor.py:208} INFO - Processing /home/airflow/.local/lib/python3.12/site-packages/airflow/example_dags/example_short_circuit_decorator.py took 0.075 seconds
