[2025-02-04T23:19:56.241+0000] {processor.py:186} INFO - Started process (PID=109) to work on /home/airflow/.local/lib/python3.12/site-packages/airflow/example_dags/example_branch_operator_decorator.py
[2025-02-04T23:19:56.241+0000] {processor.py:914} INFO - Processing file /home/airflow/.local/lib/python3.12/site-packages/airflow/example_dags/example_branch_operator_decorator.py for tasks to queue
[2025-02-04T23:19:56.243+0000] {logging_mixin.py:190} INFO - [2025-02-04T23:19:56.243+0000] {dagbag.py:588} INFO - Filling up the DagBag from /home/airflow/.local/lib/python3.12/site-packages/airflow/example_dags/example_branch_operator_decorator.py
[2025-02-04T23:19:56.263+0000] {processor.py:925} INFO - DAG(s) 'example_branch_python_operator_decorator' retrieved from /home/airflow/.local/lib/python3.12/site-packages/airflow/example_dags/example_branch_operator_decorator.py
[2025-02-04T23:19:56.375+0000] {logging_mixin.py:190} INFO - [2025-02-04T23:19:56.374+0000] {override.py:1911} INFO - Created Permission View: can edit on DAG:example_branch_python_operator_decorator
[2025-02-04T23:19:56.385+0000] {logging_mixin.py:190} INFO - [2025-02-04T23:19:56.385+0000] {override.py:1911} INFO - Created Permission View: can read on DAG:example_branch_python_operator_decorator
[2025-02-04T23:19:56.392+0000] {logging_mixin.py:190} INFO - [2025-02-04T23:19:56.392+0000] {override.py:1911} INFO - Created Permission View: can delete on DAG:example_branch_python_operator_decorator
[2025-02-04T23:19:56.403+0000] {logging_mixin.py:190} INFO - [2025-02-04T23:19:56.403+0000] {override.py:1911} INFO - Created Permission View: can delete on DAG Run:example_branch_python_operator_decorator
[2025-02-04T23:19:56.410+0000] {logging_mixin.py:190} INFO - [2025-02-04T23:19:56.410+0000] {override.py:1911} INFO - Created Permission View: can read on DAG Run:example_branch_python_operator_decorator
[2025-02-04T23:19:56.418+0000] {logging_mixin.py:190} INFO - [2025-02-04T23:19:56.418+0000] {override.py:1911} INFO - Created Permission View: can create on DAG Run:example_branch_python_operator_decorator
[2025-02-04T23:19:56.427+0000] {logging_mixin.py:190} INFO - [2025-02-04T23:19:56.426+0000] {override.py:1911} INFO - Created Permission View: menu access on DAG Run:example_branch_python_operator_decorator
[2025-02-04T23:19:56.427+0000] {logging_mixin.py:190} INFO - [2025-02-04T23:19:56.427+0000] {dag.py:3239} INFO - Sync 1 DAGs
[2025-02-04T23:19:56.440+0000] {logging_mixin.py:190} INFO - [2025-02-04T23:19:56.440+0000] {dag.py:3262} INFO - Creating ORM DAG for example_branch_python_operator_decorator
[2025-02-04T23:19:56.451+0000] {logging_mixin.py:190} INFO - [2025-02-04T23:19:56.451+0000] {dag.py:4180} INFO - Setting next_dagrun for example_branch_python_operator_decorator to 2025-02-03 00:00:00+00:00, run_after=2025-02-04 00:00:00+00:00
[2025-02-04T23:19:56.470+0000] {processor.py:208} INFO - Processing /home/airflow/.local/lib/python3.12/site-packages/airflow/example_dags/example_branch_operator_decorator.py took 0.234 seconds
[2025-02-04T23:20:28.031+0000] {processor.py:186} INFO - Started process (PID=172) to work on /home/airflow/.local/lib/python3.12/site-packages/airflow/example_dags/example_branch_operator_decorator.py
[2025-02-04T23:20:28.032+0000] {processor.py:914} INFO - Processing file /home/airflow/.local/lib/python3.12/site-packages/airflow/example_dags/example_branch_operator_decorator.py for tasks to queue
[2025-02-04T23:20:28.035+0000] {logging_mixin.py:190} INFO - [2025-02-04T23:20:28.035+0000] {dagbag.py:588} INFO - Filling up the DagBag from /home/airflow/.local/lib/python3.12/site-packages/airflow/example_dags/example_branch_operator_decorator.py
[2025-02-04T23:20:28.060+0000] {processor.py:925} INFO - DAG(s) 'example_branch_python_operator_decorator' retrieved from /home/airflow/.local/lib/python3.12/site-packages/airflow/example_dags/example_branch_operator_decorator.py
[2025-02-04T23:20:28.090+0000] {logging_mixin.py:190} INFO - [2025-02-04T23:20:28.090+0000] {dag.py:3239} INFO - Sync 1 DAGs
[2025-02-04T23:20:28.117+0000] {logging_mixin.py:190} INFO - [2025-02-04T23:20:28.117+0000] {dag.py:4180} INFO - Setting next_dagrun for example_branch_python_operator_decorator to 2025-02-03 00:00:00+00:00, run_after=2025-02-04 00:00:00+00:00
[2025-02-04T23:20:28.138+0000] {processor.py:208} INFO - Processing /home/airflow/.local/lib/python3.12/site-packages/airflow/example_dags/example_branch_operator_decorator.py took 0.114 seconds
