[2025-02-04T23:19:54.005+0000] {processor.py:186} INFO - Started process (PID=97) to work on /home/airflow/.local/lib/python3.12/site-packages/airflow/example_dags/example_trigger_controller_dag.py
[2025-02-04T23:19:54.006+0000] {processor.py:914} INFO - Processing file /home/airflow/.local/lib/python3.12/site-packages/airflow/example_dags/example_trigger_controller_dag.py for tasks to queue
[2025-02-04T23:19:54.009+0000] {logging_mixin.py:190} INFO - [2025-02-04T23:19:54.008+0000] {dagbag.py:588} INFO - Filling up the DagBag from /home/airflow/.local/lib/python3.12/site-packages/airflow/example_dags/example_trigger_controller_dag.py
[2025-02-04T23:19:54.017+0000] {processor.py:925} INFO - DAG(s) 'example_trigger_controller_dag' retrieved from /home/airflow/.local/lib/python3.12/site-packages/airflow/example_dags/example_trigger_controller_dag.py
[2025-02-04T23:19:54.133+0000] {logging_mixin.py:190} INFO - [2025-02-04T23:19:54.133+0000] {override.py:1911} INFO - Created Permission View: can edit on DAG:example_trigger_controller_dag
[2025-02-04T23:19:54.146+0000] {logging_mixin.py:190} INFO - [2025-02-04T23:19:54.146+0000] {override.py:1911} INFO - Created Permission View: can read on DAG:example_trigger_controller_dag
[2025-02-04T23:19:54.154+0000] {logging_mixin.py:190} INFO - [2025-02-04T23:19:54.154+0000] {override.py:1911} INFO - Created Permission View: can delete on DAG:example_trigger_controller_dag
[2025-02-04T23:19:54.165+0000] {logging_mixin.py:190} INFO - [2025-02-04T23:19:54.165+0000] {override.py:1911} INFO - Created Permission View: can delete on DAG Run:example_trigger_controller_dag
[2025-02-04T23:19:54.173+0000] {logging_mixin.py:190} INFO - [2025-02-04T23:19:54.173+0000] {override.py:1911} INFO - Created Permission View: can read on DAG Run:example_trigger_controller_dag
[2025-02-04T23:19:54.181+0000] {logging_mixin.py:190} INFO - [2025-02-04T23:19:54.181+0000] {override.py:1911} INFO - Created Permission View: can create on DAG Run:example_trigger_controller_dag
[2025-02-04T23:19:54.192+0000] {logging_mixin.py:190} INFO - [2025-02-04T23:19:54.191+0000] {override.py:1911} INFO - Created Permission View: menu access on DAG Run:example_trigger_controller_dag
[2025-02-04T23:19:54.192+0000] {logging_mixin.py:190} INFO - [2025-02-04T23:19:54.192+0000] {dag.py:3239} INFO - Sync 1 DAGs
[2025-02-04T23:19:54.203+0000] {logging_mixin.py:190} INFO - [2025-02-04T23:19:54.202+0000] {dag.py:3262} INFO - Creating ORM DAG for example_trigger_controller_dag
[2025-02-04T23:19:54.210+0000] {logging_mixin.py:190} INFO - [2025-02-04T23:19:54.210+0000] {dag.py:4180} INFO - Setting next_dagrun for example_trigger_controller_dag to 2021-01-01 00:00:00+00:00, run_after=2021-01-01 00:00:00+00:00
[2025-02-04T23:19:54.226+0000] {processor.py:208} INFO - Processing /home/airflow/.local/lib/python3.12/site-packages/airflow/example_dags/example_trigger_controller_dag.py took 0.229 seconds
[2025-02-04T23:20:24.381+0000] {processor.py:186} INFO - Started process (PID=160) to work on /home/airflow/.local/lib/python3.12/site-packages/airflow/example_dags/example_trigger_controller_dag.py
[2025-02-04T23:20:24.382+0000] {processor.py:914} INFO - Processing file /home/airflow/.local/lib/python3.12/site-packages/airflow/example_dags/example_trigger_controller_dag.py for tasks to queue
[2025-02-04T23:20:24.384+0000] {logging_mixin.py:190} INFO - [2025-02-04T23:20:24.384+0000] {dagbag.py:588} INFO - Filling up the DagBag from /home/airflow/.local/lib/python3.12/site-packages/airflow/example_dags/example_trigger_controller_dag.py
[2025-02-04T23:20:24.389+0000] {processor.py:925} INFO - DAG(s) 'example_trigger_controller_dag' retrieved from /home/airflow/.local/lib/python3.12/site-packages/airflow/example_dags/example_trigger_controller_dag.py
[2025-02-04T23:20:24.404+0000] {logging_mixin.py:190} INFO - [2025-02-04T23:20:24.404+0000] {dag.py:3239} INFO - Sync 1 DAGs
[2025-02-04T23:20:24.418+0000] {logging_mixin.py:190} INFO - [2025-02-04T23:20:24.418+0000] {dag.py:4180} INFO - Setting next_dagrun for example_trigger_controller_dag to 2021-01-01 00:00:00+00:00, run_after=2021-01-01 00:00:00+00:00
[2025-02-04T23:20:24.433+0000] {processor.py:208} INFO - Processing /home/airflow/.local/lib/python3.12/site-packages/airflow/example_dags/example_trigger_controller_dag.py took 0.056 seconds
[2025-02-04T23:20:55.085+0000] {processor.py:186} INFO - Started process (PID=217) to work on /home/airflow/.local/lib/python3.12/site-packages/airflow/example_dags/example_trigger_controller_dag.py
[2025-02-04T23:20:55.086+0000] {processor.py:914} INFO - Processing file /home/airflow/.local/lib/python3.12/site-packages/airflow/example_dags/example_trigger_controller_dag.py for tasks to queue
[2025-02-04T23:20:55.088+0000] {logging_mixin.py:190} INFO - [2025-02-04T23:20:55.088+0000] {dagbag.py:588} INFO - Filling up the DagBag from /home/airflow/.local/lib/python3.12/site-packages/airflow/example_dags/example_trigger_controller_dag.py
[2025-02-04T23:20:55.095+0000] {processor.py:925} INFO - DAG(s) 'example_trigger_controller_dag' retrieved from /home/airflow/.local/lib/python3.12/site-packages/airflow/example_dags/example_trigger_controller_dag.py
[2025-02-04T23:20:55.120+0000] {logging_mixin.py:190} INFO - [2025-02-04T23:20:55.119+0000] {dag.py:3239} INFO - Sync 1 DAGs
[2025-02-04T23:20:55.143+0000] {logging_mixin.py:190} INFO - [2025-02-04T23:20:55.142+0000] {dag.py:4180} INFO - Setting next_dagrun for example_trigger_controller_dag to 2021-01-01 00:00:00+00:00, run_after=2021-01-01 00:00:00+00:00
[2025-02-04T23:20:55.163+0000] {processor.py:208} INFO - Processing /home/airflow/.local/lib/python3.12/site-packages/airflow/example_dags/example_trigger_controller_dag.py took 0.083 seconds
