[2025-02-04T23:19:57.069+0000] {processor.py:186} INFO - Started process (PID=116) to work on /home/airflow/.local/lib/python3.12/site-packages/airflow/example_dags/example_sla_dag.py
[2025-02-04T23:19:57.070+0000] {processor.py:914} INFO - Processing file /home/airflow/.local/lib/python3.12/site-packages/airflow/example_dags/example_sla_dag.py for tasks to queue
[2025-02-04T23:19:57.073+0000] {logging_mixin.py:190} INFO - [2025-02-04T23:19:57.072+0000] {dagbag.py:588} INFO - Filling up the DagBag from /home/airflow/.local/lib/python3.12/site-packages/airflow/example_dags/example_sla_dag.py
[2025-02-04T23:19:57.083+0000] {processor.py:925} INFO - DAG(s) 'example_sla_dag' retrieved from /home/airflow/.local/lib/python3.12/site-packages/airflow/example_dags/example_sla_dag.py
[2025-02-04T23:19:57.186+0000] {logging_mixin.py:190} INFO - [2025-02-04T23:19:57.185+0000] {override.py:1911} INFO - Created Permission View: can edit on DAG:example_sla_dag
[2025-02-04T23:19:57.196+0000] {logging_mixin.py:190} INFO - [2025-02-04T23:19:57.196+0000] {override.py:1911} INFO - Created Permission View: can read on DAG:example_sla_dag
[2025-02-04T23:19:57.204+0000] {logging_mixin.py:190} INFO - [2025-02-04T23:19:57.204+0000] {override.py:1911} INFO - Created Permission View: can delete on DAG:example_sla_dag
[2025-02-04T23:19:57.215+0000] {logging_mixin.py:190} INFO - [2025-02-04T23:19:57.215+0000] {override.py:1911} INFO - Created Permission View: can delete on DAG Run:example_sla_dag
[2025-02-04T23:19:57.222+0000] {logging_mixin.py:190} INFO - [2025-02-04T23:19:57.222+0000] {override.py:1911} INFO - Created Permission View: can read on DAG Run:example_sla_dag
[2025-02-04T23:19:57.229+0000] {logging_mixin.py:190} INFO - [2025-02-04T23:19:57.229+0000] {override.py:1911} INFO - Created Permission View: can create on DAG Run:example_sla_dag
[2025-02-04T23:19:57.236+0000] {logging_mixin.py:190} INFO - [2025-02-04T23:19:57.236+0000] {override.py:1911} INFO - Created Permission View: menu access on DAG Run:example_sla_dag
[2025-02-04T23:19:57.236+0000] {logging_mixin.py:190} INFO - [2025-02-04T23:19:57.236+0000] {dag.py:3239} INFO - Sync 1 DAGs
[2025-02-04T23:19:57.247+0000] {logging_mixin.py:190} INFO - [2025-02-04T23:19:57.246+0000] {dag.py:3262} INFO - Creating ORM DAG for example_sla_dag
[2025-02-04T23:19:57.255+0000] {logging_mixin.py:190} INFO - [2025-02-04T23:19:57.255+0000] {dag.py:4180} INFO - Setting next_dagrun for example_sla_dag to 2025-02-04 23:16:00+00:00, run_after=2025-02-04 23:18:00+00:00
[2025-02-04T23:19:57.270+0000] {processor.py:208} INFO - Processing /home/airflow/.local/lib/python3.12/site-packages/airflow/example_dags/example_sla_dag.py took 0.206 seconds
[2025-02-04T23:20:28.518+0000] {processor.py:186} INFO - Started process (PID=179) to work on /home/airflow/.local/lib/python3.12/site-packages/airflow/example_dags/example_sla_dag.py
[2025-02-04T23:20:28.519+0000] {processor.py:914} INFO - Processing file /home/airflow/.local/lib/python3.12/site-packages/airflow/example_dags/example_sla_dag.py for tasks to queue
[2025-02-04T23:20:28.522+0000] {logging_mixin.py:190} INFO - [2025-02-04T23:20:28.522+0000] {dagbag.py:588} INFO - Filling up the DagBag from /home/airflow/.local/lib/python3.12/site-packages/airflow/example_dags/example_sla_dag.py
[2025-02-04T23:20:28.536+0000] {processor.py:925} INFO - DAG(s) 'example_sla_dag' retrieved from /home/airflow/.local/lib/python3.12/site-packages/airflow/example_dags/example_sla_dag.py
[2025-02-04T23:20:28.556+0000] {logging_mixin.py:190} INFO - [2025-02-04T23:20:28.556+0000] {dag.py:3239} INFO - Sync 1 DAGs
[2025-02-04T23:20:28.582+0000] {logging_mixin.py:190} INFO - [2025-02-04T23:20:28.582+0000] {dag.py:4180} INFO - Setting next_dagrun for example_sla_dag to 2025-02-04 23:18:00+00:00, run_after=2025-02-04 23:20:00+00:00
[2025-02-04T23:20:28.605+0000] {processor.py:208} INFO - Processing /home/airflow/.local/lib/python3.12/site-packages/airflow/example_dags/example_sla_dag.py took 0.095 seconds
