[2025-02-04T23:19:52.526+0000] {processor.py:186} INFO - Started process (PID=88) to work on /home/airflow/.local/lib/python3.12/site-packages/airflow/example_dags/example_python_decorator.py
[2025-02-04T23:19:52.527+0000] {processor.py:914} INFO - Processing file /home/airflow/.local/lib/python3.12/site-packages/airflow/example_dags/example_python_decorator.py for tasks to queue
[2025-02-04T23:19:52.529+0000] {logging_mixin.py:190} INFO - [2025-02-04T23:19:52.529+0000] {dagbag.py:588} INFO - Filling up the DagBag from /home/airflow/.local/lib/python3.12/site-packages/airflow/example_dags/example_python_decorator.py
[2025-02-04T23:19:52.544+0000] {processor.py:925} INFO - DAG(s) 'example_python_decorator' retrieved from /home/airflow/.local/lib/python3.12/site-packages/airflow/example_dags/example_python_decorator.py
[2025-02-04T23:19:52.651+0000] {logging_mixin.py:190} INFO - [2025-02-04T23:19:52.650+0000] {override.py:1911} INFO - Created Permission View: can edit on DAG:example_python_decorator
[2025-02-04T23:19:52.663+0000] {logging_mixin.py:190} INFO - [2025-02-04T23:19:52.663+0000] {override.py:1911} INFO - Created Permission View: can read on DAG:example_python_decorator
[2025-02-04T23:19:52.672+0000] {logging_mixin.py:190} INFO - [2025-02-04T23:19:52.672+0000] {override.py:1911} INFO - Created Permission View: can delete on DAG:example_python_decorator
[2025-02-04T23:19:52.685+0000] {logging_mixin.py:190} INFO - [2025-02-04T23:19:52.685+0000] {override.py:1911} INFO - Created Permission View: can delete on DAG Run:example_python_decorator
[2025-02-04T23:19:52.693+0000] {logging_mixin.py:190} INFO - [2025-02-04T23:19:52.692+0000] {override.py:1911} INFO - Created Permission View: can read on DAG Run:example_python_decorator
[2025-02-04T23:19:52.701+0000] {logging_mixin.py:190} INFO - [2025-02-04T23:19:52.700+0000] {override.py:1911} INFO - Created Permission View: can create on DAG Run:example_python_decorator
[2025-02-04T23:19:52.708+0000] {logging_mixin.py:190} INFO - [2025-02-04T23:19:52.708+0000] {override.py:1911} INFO - Created Permission View: menu access on DAG Run:example_python_decorator
[2025-02-04T23:19:52.708+0000] {logging_mixin.py:190} INFO - [2025-02-04T23:19:52.708+0000] {dag.py:3239} INFO - Sync 1 DAGs
[2025-02-04T23:19:52.719+0000] {logging_mixin.py:190} INFO - [2025-02-04T23:19:52.719+0000] {dag.py:3262} INFO - Creating ORM DAG for example_python_decorator
[2025-02-04T23:19:52.719+0000] {logging_mixin.py:190} INFO - [2025-02-04T23:19:52.719+0000] {dag.py:4180} INFO - Setting next_dagrun for example_python_decorator to None, run_after=None
[2025-02-04T23:19:52.735+0000] {processor.py:208} INFO - Processing /home/airflow/.local/lib/python3.12/site-packages/airflow/example_dags/example_python_decorator.py took 0.216 seconds
[2025-02-04T23:20:23.640+0000] {processor.py:186} INFO - Started process (PID=151) to work on /home/airflow/.local/lib/python3.12/site-packages/airflow/example_dags/example_python_decorator.py
[2025-02-04T23:20:23.641+0000] {processor.py:914} INFO - Processing file /home/airflow/.local/lib/python3.12/site-packages/airflow/example_dags/example_python_decorator.py for tasks to queue
[2025-02-04T23:20:23.644+0000] {logging_mixin.py:190} INFO - [2025-02-04T23:20:23.643+0000] {dagbag.py:588} INFO - Filling up the DagBag from /home/airflow/.local/lib/python3.12/site-packages/airflow/example_dags/example_python_decorator.py
[2025-02-04T23:20:23.658+0000] {processor.py:925} INFO - DAG(s) 'example_python_decorator' retrieved from /home/airflow/.local/lib/python3.12/site-packages/airflow/example_dags/example_python_decorator.py
[2025-02-04T23:20:23.679+0000] {logging_mixin.py:190} INFO - [2025-02-04T23:20:23.679+0000] {dag.py:3239} INFO - Sync 1 DAGs
[2025-02-04T23:20:23.692+0000] {logging_mixin.py:190} INFO - [2025-02-04T23:20:23.692+0000] {dag.py:4180} INFO - Setting next_dagrun for example_python_decorator to None, run_after=None
[2025-02-04T23:20:23.713+0000] {processor.py:208} INFO - Processing /home/airflow/.local/lib/python3.12/site-packages/airflow/example_dags/example_python_decorator.py took 0.079 seconds
[2025-02-04T23:20:54.444+0000] {processor.py:186} INFO - Started process (PID=208) to work on /home/airflow/.local/lib/python3.12/site-packages/airflow/example_dags/example_python_decorator.py
[2025-02-04T23:20:54.444+0000] {processor.py:914} INFO - Processing file /home/airflow/.local/lib/python3.12/site-packages/airflow/example_dags/example_python_decorator.py for tasks to queue
[2025-02-04T23:20:54.447+0000] {logging_mixin.py:190} INFO - [2025-02-04T23:20:54.446+0000] {dagbag.py:588} INFO - Filling up the DagBag from /home/airflow/.local/lib/python3.12/site-packages/airflow/example_dags/example_python_decorator.py
[2025-02-04T23:20:54.459+0000] {processor.py:925} INFO - DAG(s) 'example_python_decorator' retrieved from /home/airflow/.local/lib/python3.12/site-packages/airflow/example_dags/example_python_decorator.py
[2025-02-04T23:20:54.479+0000] {logging_mixin.py:190} INFO - [2025-02-04T23:20:54.479+0000] {dag.py:3239} INFO - Sync 1 DAGs
[2025-02-04T23:20:54.492+0000] {logging_mixin.py:190} INFO - [2025-02-04T23:20:54.491+0000] {dag.py:4180} INFO - Setting next_dagrun for example_python_decorator to None, run_after=None
[2025-02-04T23:20:54.512+0000] {processor.py:208} INFO - Processing /home/airflow/.local/lib/python3.12/site-packages/airflow/example_dags/example_python_decorator.py took 0.074 seconds
