[2025-02-04T23:19:57.144+0000] {processor.py:186} INFO - Started process (PID=117) to work on /home/airflow/.local/lib/python3.12/site-packages/airflow/example_dags/example_short_circuit_operator.py
[2025-02-04T23:19:57.144+0000] {processor.py:914} INFO - Processing file /home/airflow/.local/lib/python3.12/site-packages/airflow/example_dags/example_short_circuit_operator.py for tasks to queue
[2025-02-04T23:19:57.147+0000] {logging_mixin.py:190} INFO - [2025-02-04T23:19:57.147+0000] {dagbag.py:588} INFO - Filling up the DagBag from /home/airflow/.local/lib/python3.12/site-packages/airflow/example_dags/example_short_circuit_operator.py
[2025-02-04T23:19:57.157+0000] {processor.py:925} INFO - DAG(s) 'example_short_circuit_operator' retrieved from /home/airflow/.local/lib/python3.12/site-packages/airflow/example_dags/example_short_circuit_operator.py
[2025-02-04T23:19:57.251+0000] {logging_mixin.py:190} INFO - [2025-02-04T23:19:57.250+0000] {override.py:1911} INFO - Created Permission View: can edit on DAG:example_short_circuit_operator
[2025-02-04T23:19:57.261+0000] {logging_mixin.py:190} INFO - [2025-02-04T23:19:57.261+0000] {override.py:1911} INFO - Created Permission View: can read on DAG:example_short_circuit_operator
[2025-02-04T23:19:57.269+0000] {logging_mixin.py:190} INFO - [2025-02-04T23:19:57.269+0000] {override.py:1911} INFO - Created Permission View: can delete on DAG:example_short_circuit_operator
[2025-02-04T23:19:57.282+0000] {logging_mixin.py:190} INFO - [2025-02-04T23:19:57.281+0000] {override.py:1911} INFO - Created Permission View: can delete on DAG Run:example_short_circuit_operator
[2025-02-04T23:19:57.290+0000] {logging_mixin.py:190} INFO - [2025-02-04T23:19:57.290+0000] {override.py:1911} INFO - Created Permission View: can read on DAG Run:example_short_circuit_operator
[2025-02-04T23:19:57.300+0000] {logging_mixin.py:190} INFO - [2025-02-04T23:19:57.299+0000] {override.py:1911} INFO - Created Permission View: can create on DAG Run:example_short_circuit_operator
[2025-02-04T23:19:57.309+0000] {logging_mixin.py:190} INFO - [2025-02-04T23:19:57.309+0000] {override.py:1911} INFO - Created Permission View: menu access on DAG Run:example_short_circuit_operator
[2025-02-04T23:19:57.309+0000] {logging_mixin.py:190} INFO - [2025-02-04T23:19:57.309+0000] {dag.py:3239} INFO - Sync 1 DAGs
[2025-02-04T23:19:57.325+0000] {logging_mixin.py:190} INFO - [2025-02-04T23:19:57.325+0000] {dag.py:3262} INFO - Creating ORM DAG for example_short_circuit_operator
[2025-02-04T23:19:57.326+0000] {logging_mixin.py:190} INFO - [2025-02-04T23:19:57.326+0000] {dag.py:4180} INFO - Setting next_dagrun for example_short_circuit_operator to None, run_after=None
[2025-02-04T23:19:57.346+0000] {processor.py:208} INFO - Processing /home/airflow/.local/lib/python3.12/site-packages/airflow/example_dags/example_short_circuit_operator.py took 0.208 seconds
[2025-02-04T23:20:28.598+0000] {processor.py:186} INFO - Started process (PID=180) to work on /home/airflow/.local/lib/python3.12/site-packages/airflow/example_dags/example_short_circuit_operator.py
[2025-02-04T23:20:28.599+0000] {processor.py:914} INFO - Processing file /home/airflow/.local/lib/python3.12/site-packages/airflow/example_dags/example_short_circuit_operator.py for tasks to queue
[2025-02-04T23:20:28.602+0000] {logging_mixin.py:190} INFO - [2025-02-04T23:20:28.601+0000] {dagbag.py:588} INFO - Filling up the DagBag from /home/airflow/.local/lib/python3.12/site-packages/airflow/example_dags/example_short_circuit_operator.py
[2025-02-04T23:20:28.611+0000] {processor.py:925} INFO - DAG(s) 'example_short_circuit_operator' retrieved from /home/airflow/.local/lib/python3.12/site-packages/airflow/example_dags/example_short_circuit_operator.py
[2025-02-04T23:20:28.635+0000] {logging_mixin.py:190} INFO - [2025-02-04T23:20:28.635+0000] {dag.py:3239} INFO - Sync 1 DAGs
[2025-02-04T23:20:28.650+0000] {logging_mixin.py:190} INFO - [2025-02-04T23:20:28.650+0000] {dag.py:4180} INFO - Setting next_dagrun for example_short_circuit_operator to None, run_after=None
[2025-02-04T23:20:28.672+0000] {processor.py:208} INFO - Processing /home/airflow/.local/lib/python3.12/site-packages/airflow/example_dags/example_short_circuit_operator.py took 0.081 seconds
