[2025-02-04T23:19:56.797+0000] {processor.py:186} INFO - Started process (PID=114) to work on /home/airflow/.local/lib/python3.12/site-packages/airflow/example_dags/example_xcomargs.py
[2025-02-04T23:19:56.797+0000] {processor.py:914} INFO - Processing file /home/airflow/.local/lib/python3.12/site-packages/airflow/example_dags/example_xcomargs.py for tasks to queue
[2025-02-04T23:19:56.799+0000] {logging_mixin.py:190} INFO - [2025-02-04T23:19:56.799+0000] {dagbag.py:588} INFO - Filling up the DagBag from /home/airflow/.local/lib/python3.12/site-packages/airflow/example_dags/example_xcomargs.py
[2025-02-04T23:19:56.810+0000] {processor.py:925} INFO - DAG(s) 'example_xcom_args', 'example_xcom_args_with_operators' retrieved from /home/airflow/.local/lib/python3.12/site-packages/airflow/example_dags/example_xcomargs.py
[2025-02-04T23:19:56.899+0000] {logging_mixin.py:190} INFO - [2025-02-04T23:19:56.898+0000] {override.py:1911} INFO - Created Permission View: can edit on DAG:example_xcom_args
[2025-02-04T23:19:56.909+0000] {logging_mixin.py:190} INFO - [2025-02-04T23:19:56.909+0000] {override.py:1911} INFO - Created Permission View: can read on DAG:example_xcom_args
[2025-02-04T23:19:56.918+0000] {logging_mixin.py:190} INFO - [2025-02-04T23:19:56.917+0000] {override.py:1911} INFO - Created Permission View: can delete on DAG:example_xcom_args
[2025-02-04T23:19:56.929+0000] {logging_mixin.py:190} INFO - [2025-02-04T23:19:56.929+0000] {override.py:1911} INFO - Created Permission View: can delete on DAG Run:example_xcom_args
[2025-02-04T23:19:56.937+0000] {logging_mixin.py:190} INFO - [2025-02-04T23:19:56.937+0000] {override.py:1911} INFO - Created Permission View: can read on DAG Run:example_xcom_args
[2025-02-04T23:19:56.945+0000] {logging_mixin.py:190} INFO - [2025-02-04T23:19:56.945+0000] {override.py:1911} INFO - Created Permission View: can create on DAG Run:example_xcom_args
[2025-02-04T23:19:56.952+0000] {logging_mixin.py:190} INFO - [2025-02-04T23:19:56.952+0000] {override.py:1911} INFO - Created Permission View: menu access on DAG Run:example_xcom_args
[2025-02-04T23:19:56.968+0000] {logging_mixin.py:190} INFO - [2025-02-04T23:19:56.968+0000] {override.py:1911} INFO - Created Permission View: can edit on DAG:example_xcom_args_with_operators
[2025-02-04T23:19:56.977+0000] {logging_mixin.py:190} INFO - [2025-02-04T23:19:56.976+0000] {override.py:1911} INFO - Created Permission View: can read on DAG:example_xcom_args_with_operators
[2025-02-04T23:19:56.985+0000] {logging_mixin.py:190} INFO - [2025-02-04T23:19:56.985+0000] {override.py:1911} INFO - Created Permission View: can delete on DAG:example_xcom_args_with_operators
[2025-02-04T23:19:56.997+0000] {logging_mixin.py:190} INFO - [2025-02-04T23:19:56.997+0000] {override.py:1911} INFO - Created Permission View: can delete on DAG Run:example_xcom_args_with_operators
[2025-02-04T23:19:57.005+0000] {logging_mixin.py:190} INFO - [2025-02-04T23:19:57.005+0000] {override.py:1911} INFO - Created Permission View: can read on DAG Run:example_xcom_args_with_operators
[2025-02-04T23:19:57.012+0000] {logging_mixin.py:190} INFO - [2025-02-04T23:19:57.012+0000] {override.py:1911} INFO - Created Permission View: can create on DAG Run:example_xcom_args_with_operators
[2025-02-04T23:19:57.019+0000] {logging_mixin.py:190} INFO - [2025-02-04T23:19:57.019+0000] {override.py:1911} INFO - Created Permission View: menu access on DAG Run:example_xcom_args_with_operators
[2025-02-04T23:19:57.020+0000] {logging_mixin.py:190} INFO - [2025-02-04T23:19:57.019+0000] {dag.py:3239} INFO - Sync 2 DAGs
[2025-02-04T23:19:57.031+0000] {logging_mixin.py:190} INFO - [2025-02-04T23:19:57.031+0000] {dag.py:3262} INFO - Creating ORM DAG for example_xcom_args
[2025-02-04T23:19:57.031+0000] {logging_mixin.py:190} INFO - [2025-02-04T23:19:57.031+0000] {dag.py:3262} INFO - Creating ORM DAG for example_xcom_args_with_operators
[2025-02-04T23:19:57.032+0000] {logging_mixin.py:190} INFO - [2025-02-04T23:19:57.032+0000] {dag.py:4180} INFO - Setting next_dagrun for example_xcom_args to None, run_after=None
[2025-02-04T23:19:57.032+0000] {logging_mixin.py:190} INFO - [2025-02-04T23:19:57.032+0000] {dag.py:4180} INFO - Setting next_dagrun for example_xcom_args_with_operators to None, run_after=None
[2025-02-04T23:19:57.048+0000] {processor.py:208} INFO - Processing /home/airflow/.local/lib/python3.12/site-packages/airflow/example_dags/example_xcomargs.py took 0.257 seconds
[2025-02-04T23:20:28.403+0000] {processor.py:186} INFO - Started process (PID=177) to work on /home/airflow/.local/lib/python3.12/site-packages/airflow/example_dags/example_xcomargs.py
[2025-02-04T23:20:28.405+0000] {processor.py:914} INFO - Processing file /home/airflow/.local/lib/python3.12/site-packages/airflow/example_dags/example_xcomargs.py for tasks to queue
[2025-02-04T23:20:28.407+0000] {logging_mixin.py:190} INFO - [2025-02-04T23:20:28.407+0000] {dagbag.py:588} INFO - Filling up the DagBag from /home/airflow/.local/lib/python3.12/site-packages/airflow/example_dags/example_xcomargs.py
[2025-02-04T23:20:28.420+0000] {processor.py:925} INFO - DAG(s) 'example_xcom_args', 'example_xcom_args_with_operators' retrieved from /home/airflow/.local/lib/python3.12/site-packages/airflow/example_dags/example_xcomargs.py
[2025-02-04T23:20:28.449+0000] {logging_mixin.py:190} INFO - [2025-02-04T23:20:28.448+0000] {dag.py:3239} INFO - Sync 2 DAGs
[2025-02-04T23:20:28.464+0000] {logging_mixin.py:190} INFO - [2025-02-04T23:20:28.464+0000] {dag.py:4180} INFO - Setting next_dagrun for example_xcom_args to None, run_after=None
[2025-02-04T23:20:28.469+0000] {logging_mixin.py:190} INFO - [2025-02-04T23:20:28.469+0000] {dag.py:4180} INFO - Setting next_dagrun for example_xcom_args_with_operators to None, run_after=None
[2025-02-04T23:20:28.490+0000] {processor.py:208} INFO - Processing /home/airflow/.local/lib/python3.12/site-packages/airflow/example_dags/example_xcomargs.py took 0.094 seconds
