[2025-02-04T23:19:56.924+0000] {processor.py:186} INFO - Started process (PID=115) to work on /home/airflow/.local/lib/python3.12/site-packages/airflow/example_dags/example_latest_only.py
[2025-02-04T23:19:56.925+0000] {processor.py:914} INFO - Processing file /home/airflow/.local/lib/python3.12/site-packages/airflow/example_dags/example_latest_only.py for tasks to queue
[2025-02-04T23:19:56.927+0000] {logging_mixin.py:190} INFO - [2025-02-04T23:19:56.927+0000] {dagbag.py:588} INFO - Filling up the DagBag from /home/airflow/.local/lib/python3.12/site-packages/airflow/example_dags/example_latest_only.py
[2025-02-04T23:19:56.935+0000] {processor.py:925} INFO - DAG(s) 'latest_only' retrieved from /home/airflow/.local/lib/python3.12/site-packages/airflow/example_dags/example_latest_only.py
[2025-02-04T23:19:57.028+0000] {logging_mixin.py:190} INFO - [2025-02-04T23:19:57.028+0000] {override.py:1911} INFO - Created Permission View: can edit on DAG:latest_only
[2025-02-04T23:19:57.038+0000] {logging_mixin.py:190} INFO - [2025-02-04T23:19:57.038+0000] {override.py:1911} INFO - Created Permission View: can read on DAG:latest_only
[2025-02-04T23:19:57.046+0000] {logging_mixin.py:190} INFO - [2025-02-04T23:19:57.046+0000] {override.py:1911} INFO - Created Permission View: can delete on DAG:latest_only
[2025-02-04T23:19:57.056+0000] {logging_mixin.py:190} INFO - [2025-02-04T23:19:57.056+0000] {override.py:1911} INFO - Created Permission View: can delete on DAG Run:latest_only
[2025-02-04T23:19:57.064+0000] {logging_mixin.py:190} INFO - [2025-02-04T23:19:57.063+0000] {override.py:1911} INFO - Created Permission View: can read on DAG Run:latest_only
[2025-02-04T23:19:57.072+0000] {logging_mixin.py:190} INFO - [2025-02-04T23:19:57.071+0000] {override.py:1911} INFO - Created Permission View: can create on DAG Run:latest_only
[2025-02-04T23:19:57.079+0000] {logging_mixin.py:190} INFO - [2025-02-04T23:19:57.079+0000] {override.py:1911} INFO - Created Permission View: menu access on DAG Run:latest_only
[2025-02-04T23:19:57.080+0000] {logging_mixin.py:190} INFO - [2025-02-04T23:19:57.080+0000] {dag.py:3239} INFO - Sync 1 DAGs
[2025-02-04T23:19:57.092+0000] {logging_mixin.py:190} INFO - [2025-02-04T23:19:57.091+0000] {dag.py:3262} INFO - Creating ORM DAG for latest_only
[2025-02-04T23:19:57.100+0000] {logging_mixin.py:190} INFO - [2025-02-04T23:19:57.100+0000] {dag.py:4180} INFO - Setting next_dagrun for latest_only to 2025-02-04 16:00:00+00:00, run_after=2025-02-04 20:00:00+00:00
[2025-02-04T23:19:57.119+0000] {processor.py:208} INFO - Processing /home/airflow/.local/lib/python3.12/site-packages/airflow/example_dags/example_latest_only.py took 0.201 seconds
[2025-02-04T23:20:28.489+0000] {processor.py:186} INFO - Started process (PID=178) to work on /home/airflow/.local/lib/python3.12/site-packages/airflow/example_dags/example_latest_only.py
[2025-02-04T23:20:28.491+0000] {processor.py:914} INFO - Processing file /home/airflow/.local/lib/python3.12/site-packages/airflow/example_dags/example_latest_only.py for tasks to queue
[2025-02-04T23:20:28.493+0000] {logging_mixin.py:190} INFO - [2025-02-04T23:20:28.493+0000] {dagbag.py:588} INFO - Filling up the DagBag from /home/airflow/.local/lib/python3.12/site-packages/airflow/example_dags/example_latest_only.py
[2025-02-04T23:20:28.502+0000] {processor.py:925} INFO - DAG(s) 'latest_only' retrieved from /home/airflow/.local/lib/python3.12/site-packages/airflow/example_dags/example_latest_only.py
[2025-02-04T23:20:28.524+0000] {logging_mixin.py:190} INFO - [2025-02-04T23:20:28.523+0000] {dag.py:3239} INFO - Sync 1 DAGs
[2025-02-04T23:20:28.548+0000] {logging_mixin.py:190} INFO - [2025-02-04T23:20:28.548+0000] {dag.py:4180} INFO - Setting next_dagrun for latest_only to 2025-02-04 16:00:00+00:00, run_after=2025-02-04 20:00:00+00:00
[2025-02-04T23:20:28.571+0000] {processor.py:208} INFO - Processing /home/airflow/.local/lib/python3.12/site-packages/airflow/example_dags/example_latest_only.py took 0.088 seconds
