[2025-02-04T23:19:47.505+0000] {processor.py:186} INFO - Started process (PID=70) to work on /home/airflow/.local/lib/python3.12/site-packages/airflow/example_dags/example_nested_branch_dag.py
[2025-02-04T23:19:47.506+0000] {processor.py:914} INFO - Processing file /home/airflow/.local/lib/python3.12/site-packages/airflow/example_dags/example_nested_branch_dag.py for tasks to queue
[2025-02-04T23:19:47.509+0000] {logging_mixin.py:190} INFO - [2025-02-04T23:19:47.509+0000] {dagbag.py:588} INFO - Filling up the DagBag from /home/airflow/.local/lib/python3.12/site-packages/airflow/example_dags/example_nested_branch_dag.py
[2025-02-04T23:19:47.525+0000] {processor.py:925} INFO - DAG(s) 'example_nested_branch_dag' retrieved from /home/airflow/.local/lib/python3.12/site-packages/airflow/example_dags/example_nested_branch_dag.py
[2025-02-04T23:19:47.746+0000] {logging_mixin.py:190} INFO - [2025-02-04T23:19:47.743+0000] {override.py:1911} INFO - Created Permission View: can edit on DAG:example_nested_branch_dag
[2025-02-04T23:19:47.762+0000] {logging_mixin.py:190} INFO - [2025-02-04T23:19:47.761+0000] {override.py:1911} INFO - Created Permission View: can read on DAG:example_nested_branch_dag
[2025-02-04T23:19:47.776+0000] {logging_mixin.py:190} INFO - [2025-02-04T23:19:47.775+0000] {override.py:1911} INFO - Created Permission View: can delete on DAG:example_nested_branch_dag
[2025-02-04T23:19:47.791+0000] {logging_mixin.py:190} INFO - [2025-02-04T23:19:47.790+0000] {override.py:1911} INFO - Created Permission View: can delete on DAG Run:example_nested_branch_dag
[2025-02-04T23:19:47.801+0000] {logging_mixin.py:190} INFO - [2025-02-04T23:19:47.800+0000] {override.py:1911} INFO - Created Permission View: can read on DAG Run:example_nested_branch_dag
[2025-02-04T23:19:47.812+0000] {logging_mixin.py:190} INFO - [2025-02-04T23:19:47.812+0000] {override.py:1911} INFO - Created Permission View: can create on DAG Run:example_nested_branch_dag
[2025-02-04T23:19:47.826+0000] {logging_mixin.py:190} INFO - [2025-02-04T23:19:47.826+0000] {override.py:1911} INFO - Created Permission View: menu access on DAG Run:example_nested_branch_dag
[2025-02-04T23:19:47.827+0000] {logging_mixin.py:190} INFO - [2025-02-04T23:19:47.827+0000] {dag.py:3239} INFO - Sync 1 DAGs
[2025-02-04T23:19:47.851+0000] {logging_mixin.py:190} INFO - [2025-02-04T23:19:47.851+0000] {dag.py:3262} INFO - Creating ORM DAG for example_nested_branch_dag
[2025-02-04T23:19:47.868+0000] {logging_mixin.py:190} INFO - [2025-02-04T23:19:47.868+0000] {dag.py:4180} INFO - Setting next_dagrun for example_nested_branch_dag to 2025-02-03 00:00:00+00:00, run_after=2025-02-04 00:00:00+00:00
[2025-02-04T23:19:47.893+0000] {processor.py:208} INFO - Processing /home/airflow/.local/lib/python3.12/site-packages/airflow/example_dags/example_nested_branch_dag.py took 0.397 seconds
[2025-02-04T23:20:18.218+0000] {processor.py:186} INFO - Started process (PID=133) to work on /home/airflow/.local/lib/python3.12/site-packages/airflow/example_dags/example_nested_branch_dag.py
[2025-02-04T23:20:18.219+0000] {processor.py:914} INFO - Processing file /home/airflow/.local/lib/python3.12/site-packages/airflow/example_dags/example_nested_branch_dag.py for tasks to queue
[2025-02-04T23:20:18.221+0000] {logging_mixin.py:190} INFO - [2025-02-04T23:20:18.220+0000] {dagbag.py:588} INFO - Filling up the DagBag from /home/airflow/.local/lib/python3.12/site-packages/airflow/example_dags/example_nested_branch_dag.py
[2025-02-04T23:20:18.228+0000] {processor.py:925} INFO - DAG(s) 'example_nested_branch_dag' retrieved from /home/airflow/.local/lib/python3.12/site-packages/airflow/example_dags/example_nested_branch_dag.py
[2025-02-04T23:20:18.247+0000] {logging_mixin.py:190} INFO - [2025-02-04T23:20:18.247+0000] {dag.py:3239} INFO - Sync 1 DAGs
[2025-02-04T23:20:18.267+0000] {logging_mixin.py:190} INFO - [2025-02-04T23:20:18.267+0000] {dag.py:4180} INFO - Setting next_dagrun for example_nested_branch_dag to 2025-02-03 00:00:00+00:00, run_after=2025-02-04 00:00:00+00:00
[2025-02-04T23:20:18.287+0000] {processor.py:208} INFO - Processing /home/airflow/.local/lib/python3.12/site-packages/airflow/example_dags/example_nested_branch_dag.py took 0.073 seconds
[2025-02-04T23:20:50.228+0000] {processor.py:186} INFO - Started process (PID=196) to work on /home/airflow/.local/lib/python3.12/site-packages/airflow/example_dags/example_nested_branch_dag.py
[2025-02-04T23:20:50.229+0000] {processor.py:914} INFO - Processing file /home/airflow/.local/lib/python3.12/site-packages/airflow/example_dags/example_nested_branch_dag.py for tasks to queue
[2025-02-04T23:20:50.231+0000] {logging_mixin.py:190} INFO - [2025-02-04T23:20:50.231+0000] {dagbag.py:588} INFO - Filling up the DagBag from /home/airflow/.local/lib/python3.12/site-packages/airflow/example_dags/example_nested_branch_dag.py
[2025-02-04T23:20:50.241+0000] {processor.py:925} INFO - DAG(s) 'example_nested_branch_dag' retrieved from /home/airflow/.local/lib/python3.12/site-packages/airflow/example_dags/example_nested_branch_dag.py
[2025-02-04T23:20:50.260+0000] {logging_mixin.py:190} INFO - [2025-02-04T23:20:50.260+0000] {dag.py:3239} INFO - Sync 1 DAGs
[2025-02-04T23:20:50.283+0000] {logging_mixin.py:190} INFO - [2025-02-04T23:20:50.283+0000] {dag.py:4180} INFO - Setting next_dagrun for example_nested_branch_dag to 2025-02-03 00:00:00+00:00, run_after=2025-02-04 00:00:00+00:00
[2025-02-04T23:20:50.304+0000] {processor.py:208} INFO - Processing /home/airflow/.local/lib/python3.12/site-packages/airflow/example_dags/example_nested_branch_dag.py took 0.081 seconds
