[2025-02-04T23:19:47.927+0000] {processor.py:186} INFO - Started process (PID=72) to work on /home/airflow/.local/lib/python3.12/site-packages/airflow/example_dags/example_latest_only_with_trigger.py
[2025-02-04T23:19:47.928+0000] {processor.py:914} INFO - Processing file /home/airflow/.local/lib/python3.12/site-packages/airflow/example_dags/example_latest_only_with_trigger.py for tasks to queue
[2025-02-04T23:19:47.931+0000] {logging_mixin.py:190} INFO - [2025-02-04T23:19:47.931+0000] {dagbag.py:588} INFO - Filling up the DagBag from /home/airflow/.local/lib/python3.12/site-packages/airflow/example_dags/example_latest_only_with_trigger.py
[2025-02-04T23:19:47.947+0000] {processor.py:925} INFO - DAG(s) 'latest_only_with_trigger' retrieved from /home/airflow/.local/lib/python3.12/site-packages/airflow/example_dags/example_latest_only_with_trigger.py
[2025-02-04T23:19:48.127+0000] {logging_mixin.py:190} INFO - [2025-02-04T23:19:48.126+0000] {override.py:1911} INFO - Created Permission View: can edit on DAG:latest_only_with_trigger
[2025-02-04T23:19:48.144+0000] {logging_mixin.py:190} INFO - [2025-02-04T23:19:48.143+0000] {override.py:1911} INFO - Created Permission View: can read on DAG:latest_only_with_trigger
[2025-02-04T23:19:48.155+0000] {logging_mixin.py:190} INFO - [2025-02-04T23:19:48.154+0000] {override.py:1911} INFO - Created Permission View: can delete on DAG:latest_only_with_trigger
[2025-02-04T23:19:48.169+0000] {logging_mixin.py:190} INFO - [2025-02-04T23:19:48.169+0000] {override.py:1911} INFO - Created Permission View: can delete on DAG Run:latest_only_with_trigger
[2025-02-04T23:19:48.179+0000] {logging_mixin.py:190} INFO - [2025-02-04T23:19:48.179+0000] {override.py:1911} INFO - Created Permission View: can read on DAG Run:latest_only_with_trigger
[2025-02-04T23:19:48.189+0000] {logging_mixin.py:190} INFO - [2025-02-04T23:19:48.189+0000] {override.py:1911} INFO - Created Permission View: can create on DAG Run:latest_only_with_trigger
[2025-02-04T23:19:48.200+0000] {logging_mixin.py:190} INFO - [2025-02-04T23:19:48.199+0000] {override.py:1911} INFO - Created Permission View: menu access on DAG Run:latest_only_with_trigger
[2025-02-04T23:19:48.200+0000] {logging_mixin.py:190} INFO - [2025-02-04T23:19:48.200+0000] {dag.py:3239} INFO - Sync 1 DAGs
[2025-02-04T23:19:48.216+0000] {logging_mixin.py:190} INFO - [2025-02-04T23:19:48.215+0000] {dag.py:3262} INFO - Creating ORM DAG for latest_only_with_trigger
[2025-02-04T23:19:48.230+0000] {logging_mixin.py:190} INFO - [2025-02-04T23:19:48.230+0000] {dag.py:4180} INFO - Setting next_dagrun for latest_only_with_trigger to 2025-02-04 16:00:00+00:00, run_after=2025-02-04 20:00:00+00:00
[2025-02-04T23:19:48.255+0000] {processor.py:208} INFO - Processing /home/airflow/.local/lib/python3.12/site-packages/airflow/example_dags/example_latest_only_with_trigger.py took 0.336 seconds
[2025-02-04T23:20:18.315+0000] {processor.py:186} INFO - Started process (PID=135) to work on /home/airflow/.local/lib/python3.12/site-packages/airflow/example_dags/example_latest_only_with_trigger.py
[2025-02-04T23:20:18.317+0000] {processor.py:914} INFO - Processing file /home/airflow/.local/lib/python3.12/site-packages/airflow/example_dags/example_latest_only_with_trigger.py for tasks to queue
[2025-02-04T23:20:18.319+0000] {logging_mixin.py:190} INFO - [2025-02-04T23:20:18.319+0000] {dagbag.py:588} INFO - Filling up the DagBag from /home/airflow/.local/lib/python3.12/site-packages/airflow/example_dags/example_latest_only_with_trigger.py
[2025-02-04T23:20:18.327+0000] {processor.py:925} INFO - DAG(s) 'latest_only_with_trigger' retrieved from /home/airflow/.local/lib/python3.12/site-packages/airflow/example_dags/example_latest_only_with_trigger.py
[2025-02-04T23:20:18.350+0000] {logging_mixin.py:190} INFO - [2025-02-04T23:20:18.349+0000] {dag.py:3239} INFO - Sync 1 DAGs
[2025-02-04T23:20:18.374+0000] {logging_mixin.py:190} INFO - [2025-02-04T23:20:18.374+0000] {dag.py:4180} INFO - Setting next_dagrun for latest_only_with_trigger to 2025-02-04 16:00:00+00:00, run_after=2025-02-04 20:00:00+00:00
[2025-02-04T23:20:18.392+0000] {processor.py:208} INFO - Processing /home/airflow/.local/lib/python3.12/site-packages/airflow/example_dags/example_latest_only_with_trigger.py took 0.084 seconds
[2025-02-04T23:20:50.327+0000] {processor.py:186} INFO - Started process (PID=198) to work on /home/airflow/.local/lib/python3.12/site-packages/airflow/example_dags/example_latest_only_with_trigger.py
[2025-02-04T23:20:50.328+0000] {processor.py:914} INFO - Processing file /home/airflow/.local/lib/python3.12/site-packages/airflow/example_dags/example_latest_only_with_trigger.py for tasks to queue
[2025-02-04T23:20:50.330+0000] {logging_mixin.py:190} INFO - [2025-02-04T23:20:50.330+0000] {dagbag.py:588} INFO - Filling up the DagBag from /home/airflow/.local/lib/python3.12/site-packages/airflow/example_dags/example_latest_only_with_trigger.py
[2025-02-04T23:20:50.337+0000] {processor.py:925} INFO - DAG(s) 'latest_only_with_trigger' retrieved from /home/airflow/.local/lib/python3.12/site-packages/airflow/example_dags/example_latest_only_with_trigger.py
[2025-02-04T23:20:50.354+0000] {logging_mixin.py:190} INFO - [2025-02-04T23:20:50.354+0000] {dag.py:3239} INFO - Sync 1 DAGs
[2025-02-04T23:20:50.375+0000] {logging_mixin.py:190} INFO - [2025-02-04T23:20:50.374+0000] {dag.py:4180} INFO - Setting next_dagrun for latest_only_with_trigger to 2025-02-04 16:00:00+00:00, run_after=2025-02-04 20:00:00+00:00
[2025-02-04T23:20:50.392+0000] {processor.py:208} INFO - Processing /home/airflow/.local/lib/python3.12/site-packages/airflow/example_dags/example_latest_only_with_trigger.py took 0.072 seconds
