[2025-02-04T23:19:56.494+0000] {processor.py:186} INFO - Started process (PID=111) to work on /home/airflow/.local/lib/python3.12/site-packages/airflow/example_dags/example_params_trigger_ui.py
[2025-02-04T23:19:56.494+0000] {processor.py:914} INFO - Processing file /home/airflow/.local/lib/python3.12/site-packages/airflow/example_dags/example_params_trigger_ui.py for tasks to queue
[2025-02-04T23:19:56.496+0000] {logging_mixin.py:190} INFO - [2025-02-04T23:19:56.496+0000] {dagbag.py:588} INFO - Filling up the DagBag from /home/airflow/.local/lib/python3.12/site-packages/airflow/example_dags/example_params_trigger_ui.py
[2025-02-04T23:19:56.508+0000] {processor.py:925} INFO - DAG(s) 'example_params_trigger_ui' retrieved from /home/airflow/.local/lib/python3.12/site-packages/airflow/example_dags/example_params_trigger_ui.py
[2025-02-04T23:19:56.620+0000] {logging_mixin.py:190} INFO - [2025-02-04T23:19:56.618+0000] {override.py:1911} INFO - Created Permission View: can edit on DAG:example_params_trigger_ui
[2025-02-04T23:19:56.630+0000] {logging_mixin.py:190} INFO - [2025-02-04T23:19:56.630+0000] {override.py:1911} INFO - Created Permission View: can read on DAG:example_params_trigger_ui
[2025-02-04T23:19:56.638+0000] {logging_mixin.py:190} INFO - [2025-02-04T23:19:56.637+0000] {override.py:1911} INFO - Created Permission View: can delete on DAG:example_params_trigger_ui
[2025-02-04T23:19:56.648+0000] {logging_mixin.py:190} INFO - [2025-02-04T23:19:56.648+0000] {override.py:1911} INFO - Created Permission View: can delete on DAG Run:example_params_trigger_ui
[2025-02-04T23:19:56.656+0000] {logging_mixin.py:190} INFO - [2025-02-04T23:19:56.655+0000] {override.py:1911} INFO - Created Permission View: can read on DAG Run:example_params_trigger_ui
[2025-02-04T23:19:56.664+0000] {logging_mixin.py:190} INFO - [2025-02-04T23:19:56.663+0000] {override.py:1911} INFO - Created Permission View: can create on DAG Run:example_params_trigger_ui
[2025-02-04T23:19:56.673+0000] {logging_mixin.py:190} INFO - [2025-02-04T23:19:56.673+0000] {override.py:1911} INFO - Created Permission View: menu access on DAG Run:example_params_trigger_ui
[2025-02-04T23:19:56.674+0000] {logging_mixin.py:190} INFO - [2025-02-04T23:19:56.674+0000] {dag.py:3239} INFO - Sync 1 DAGs
[2025-02-04T23:19:56.685+0000] {logging_mixin.py:190} INFO - [2025-02-04T23:19:56.685+0000] {dag.py:3262} INFO - Creating ORM DAG for example_params_trigger_ui
[2025-02-04T23:19:56.686+0000] {logging_mixin.py:190} INFO - [2025-02-04T23:19:56.686+0000] {dag.py:4180} INFO - Setting next_dagrun for example_params_trigger_ui to None, run_after=None
[2025-02-04T23:19:56.703+0000] {processor.py:208} INFO - Processing /home/airflow/.local/lib/python3.12/site-packages/airflow/example_dags/example_params_trigger_ui.py took 0.215 seconds
[2025-02-04T23:20:28.266+0000] {processor.py:186} INFO - Started process (PID=174) to work on /home/airflow/.local/lib/python3.12/site-packages/airflow/example_dags/example_params_trigger_ui.py
[2025-02-04T23:20:28.267+0000] {processor.py:914} INFO - Processing file /home/airflow/.local/lib/python3.12/site-packages/airflow/example_dags/example_params_trigger_ui.py for tasks to queue
[2025-02-04T23:20:28.270+0000] {logging_mixin.py:190} INFO - [2025-02-04T23:20:28.269+0000] {dagbag.py:588} INFO - Filling up the DagBag from /home/airflow/.local/lib/python3.12/site-packages/airflow/example_dags/example_params_trigger_ui.py
[2025-02-04T23:20:28.282+0000] {processor.py:925} INFO - DAG(s) 'example_params_trigger_ui' retrieved from /home/airflow/.local/lib/python3.12/site-packages/airflow/example_dags/example_params_trigger_ui.py
[2025-02-04T23:20:28.329+0000] {logging_mixin.py:190} INFO - [2025-02-04T23:20:28.329+0000] {dag.py:3239} INFO - Sync 1 DAGs
[2025-02-04T23:20:28.350+0000] {logging_mixin.py:190} INFO - [2025-02-04T23:20:28.350+0000] {dag.py:4180} INFO - Setting next_dagrun for example_params_trigger_ui to None, run_after=None
[2025-02-04T23:20:28.375+0000] {processor.py:208} INFO - Processing /home/airflow/.local/lib/python3.12/site-packages/airflow/example_dags/example_params_trigger_ui.py took 0.115 seconds
