[2025-02-04T23:19:56.019+0000] {processor.py:186} INFO - Started process (PID=108) to work on /home/airflow/.local/lib/python3.12/site-packages/airflow/example_dags/example_task_group.py
[2025-02-04T23:19:56.020+0000] {processor.py:914} INFO - Processing file /home/airflow/.local/lib/python3.12/site-packages/airflow/example_dags/example_task_group.py for tasks to queue
[2025-02-04T23:19:56.023+0000] {logging_mixin.py:190} INFO - [2025-02-04T23:19:56.022+0000] {dagbag.py:588} INFO - Filling up the DagBag from /home/airflow/.local/lib/python3.12/site-packages/airflow/example_dags/example_task_group.py
[2025-02-04T23:19:56.033+0000] {processor.py:925} INFO - DAG(s) 'example_task_group' retrieved from /home/airflow/.local/lib/python3.12/site-packages/airflow/example_dags/example_task_group.py
[2025-02-04T23:19:56.141+0000] {logging_mixin.py:190} INFO - [2025-02-04T23:19:56.140+0000] {override.py:1911} INFO - Created Permission View: can edit on DAG:example_task_group
[2025-02-04T23:19:56.150+0000] {logging_mixin.py:190} INFO - [2025-02-04T23:19:56.150+0000] {override.py:1911} INFO - Created Permission View: can read on DAG:example_task_group
[2025-02-04T23:19:56.158+0000] {logging_mixin.py:190} INFO - [2025-02-04T23:19:56.157+0000] {override.py:1911} INFO - Created Permission View: can delete on DAG:example_task_group
[2025-02-04T23:19:56.169+0000] {logging_mixin.py:190} INFO - [2025-02-04T23:19:56.168+0000] {override.py:1911} INFO - Created Permission View: can delete on DAG Run:example_task_group
[2025-02-04T23:19:56.176+0000] {logging_mixin.py:190} INFO - [2025-02-04T23:19:56.175+0000] {override.py:1911} INFO - Created Permission View: can read on DAG Run:example_task_group
[2025-02-04T23:19:56.183+0000] {logging_mixin.py:190} INFO - [2025-02-04T23:19:56.183+0000] {override.py:1911} INFO - Created Permission View: can create on DAG Run:example_task_group
[2025-02-04T23:19:56.190+0000] {logging_mixin.py:190} INFO - [2025-02-04T23:19:56.190+0000] {override.py:1911} INFO - Created Permission View: menu access on DAG Run:example_task_group
[2025-02-04T23:19:56.190+0000] {logging_mixin.py:190} INFO - [2025-02-04T23:19:56.190+0000] {dag.py:3239} INFO - Sync 1 DAGs
[2025-02-04T23:19:56.202+0000] {logging_mixin.py:190} INFO - [2025-02-04T23:19:56.202+0000] {dag.py:3262} INFO - Creating ORM DAG for example_task_group
[2025-02-04T23:19:56.203+0000] {logging_mixin.py:190} INFO - [2025-02-04T23:19:56.202+0000] {dag.py:4180} INFO - Setting next_dagrun for example_task_group to None, run_after=None
[2025-02-04T23:19:56.218+0000] {processor.py:208} INFO - Processing /home/airflow/.local/lib/python3.12/site-packages/airflow/example_dags/example_task_group.py took 0.205 seconds
[2025-02-04T23:20:27.944+0000] {processor.py:186} INFO - Started process (PID=171) to work on /home/airflow/.local/lib/python3.12/site-packages/airflow/example_dags/example_task_group.py
[2025-02-04T23:20:27.945+0000] {processor.py:914} INFO - Processing file /home/airflow/.local/lib/python3.12/site-packages/airflow/example_dags/example_task_group.py for tasks to queue
[2025-02-04T23:20:27.947+0000] {logging_mixin.py:190} INFO - [2025-02-04T23:20:27.947+0000] {dagbag.py:588} INFO - Filling up the DagBag from /home/airflow/.local/lib/python3.12/site-packages/airflow/example_dags/example_task_group.py
[2025-02-04T23:20:27.956+0000] {processor.py:925} INFO - DAG(s) 'example_task_group' retrieved from /home/airflow/.local/lib/python3.12/site-packages/airflow/example_dags/example_task_group.py
[2025-02-04T23:20:27.977+0000] {logging_mixin.py:190} INFO - [2025-02-04T23:20:27.977+0000] {dag.py:3239} INFO - Sync 1 DAGs
[2025-02-04T23:20:27.991+0000] {logging_mixin.py:190} INFO - [2025-02-04T23:20:27.990+0000] {dag.py:4180} INFO - Setting next_dagrun for example_task_group to None, run_after=None
[2025-02-04T23:20:28.013+0000] {processor.py:208} INFO - Processing /home/airflow/.local/lib/python3.12/site-packages/airflow/example_dags/example_task_group.py took 0.075 seconds
