[2025-02-04T23:19:54.263+0000] {processor.py:186} INFO - Started process (PID=100) to work on /home/airflow/.local/lib/python3.12/site-packages/airflow/example_dags/example_dag_decorator.py
[2025-02-04T23:19:54.263+0000] {processor.py:914} INFO - Processing file /home/airflow/.local/lib/python3.12/site-packages/airflow/example_dags/example_dag_decorator.py for tasks to queue
[2025-02-04T23:19:54.266+0000] {logging_mixin.py:190} INFO - [2025-02-04T23:19:54.266+0000] {dagbag.py:588} INFO - Filling up the DagBag from /home/airflow/.local/lib/python3.12/site-packages/airflow/example_dags/example_dag_decorator.py
[2025-02-04T23:19:54.277+0000] {processor.py:925} INFO - DAG(s) 'example_dag_decorator' retrieved from /home/airflow/.local/lib/python3.12/site-packages/airflow/example_dags/example_dag_decorator.py
[2025-02-04T23:19:54.380+0000] {logging_mixin.py:190} INFO - [2025-02-04T23:19:54.379+0000] {override.py:1911} INFO - Created Permission View: can edit on DAG:example_dag_decorator
[2025-02-04T23:19:54.391+0000] {logging_mixin.py:190} INFO - [2025-02-04T23:19:54.391+0000] {override.py:1911} INFO - Created Permission View: can read on DAG:example_dag_decorator
[2025-02-04T23:19:54.399+0000] {logging_mixin.py:190} INFO - [2025-02-04T23:19:54.398+0000] {override.py:1911} INFO - Created Permission View: can delete on DAG:example_dag_decorator
[2025-02-04T23:19:54.412+0000] {logging_mixin.py:190} INFO - [2025-02-04T23:19:54.412+0000] {override.py:1911} INFO - Created Permission View: can delete on DAG Run:example_dag_decorator
[2025-02-04T23:19:54.419+0000] {logging_mixin.py:190} INFO - [2025-02-04T23:19:54.419+0000] {override.py:1911} INFO - Created Permission View: can read on DAG Run:example_dag_decorator
[2025-02-04T23:19:54.427+0000] {logging_mixin.py:190} INFO - [2025-02-04T23:19:54.426+0000] {override.py:1911} INFO - Created Permission View: can create on DAG Run:example_dag_decorator
[2025-02-04T23:19:54.434+0000] {logging_mixin.py:190} INFO - [2025-02-04T23:19:54.434+0000] {override.py:1911} INFO - Created Permission View: menu access on DAG Run:example_dag_decorator
[2025-02-04T23:19:54.434+0000] {logging_mixin.py:190} INFO - [2025-02-04T23:19:54.434+0000] {dag.py:3239} INFO - Sync 1 DAGs
[2025-02-04T23:19:54.446+0000] {logging_mixin.py:190} INFO - [2025-02-04T23:19:54.445+0000] {dag.py:3262} INFO - Creating ORM DAG for example_dag_decorator
[2025-02-04T23:19:54.446+0000] {logging_mixin.py:190} INFO - [2025-02-04T23:19:54.446+0000] {dag.py:4180} INFO - Setting next_dagrun for example_dag_decorator to None, run_after=None
[2025-02-04T23:19:54.463+0000] {processor.py:208} INFO - Processing /home/airflow/.local/lib/python3.12/site-packages/airflow/example_dags/example_dag_decorator.py took 0.206 seconds
[2025-02-04T23:20:25.396+0000] {processor.py:186} INFO - Started process (PID=163) to work on /home/airflow/.local/lib/python3.12/site-packages/airflow/example_dags/example_dag_decorator.py
[2025-02-04T23:20:25.397+0000] {processor.py:914} INFO - Processing file /home/airflow/.local/lib/python3.12/site-packages/airflow/example_dags/example_dag_decorator.py for tasks to queue
[2025-02-04T23:20:25.399+0000] {logging_mixin.py:190} INFO - [2025-02-04T23:20:25.399+0000] {dagbag.py:588} INFO - Filling up the DagBag from /home/airflow/.local/lib/python3.12/site-packages/airflow/example_dags/example_dag_decorator.py
[2025-02-04T23:20:25.407+0000] {processor.py:925} INFO - DAG(s) 'example_dag_decorator' retrieved from /home/airflow/.local/lib/python3.12/site-packages/airflow/example_dags/example_dag_decorator.py
[2025-02-04T23:20:25.429+0000] {logging_mixin.py:190} INFO - [2025-02-04T23:20:25.429+0000] {dag.py:3239} INFO - Sync 1 DAGs
[2025-02-04T23:20:25.439+0000] {logging_mixin.py:190} INFO - [2025-02-04T23:20:25.439+0000] {dag.py:4180} INFO - Setting next_dagrun for example_dag_decorator to None, run_after=None
[2025-02-04T23:20:25.454+0000] {processor.py:208} INFO - Processing /home/airflow/.local/lib/python3.12/site-packages/airflow/example_dags/example_dag_decorator.py took 0.062 seconds
[2025-02-04T23:20:56.192+0000] {processor.py:186} INFO - Started process (PID=226) to work on /home/airflow/.local/lib/python3.12/site-packages/airflow/example_dags/example_dag_decorator.py
[2025-02-04T23:20:56.193+0000] {processor.py:914} INFO - Processing file /home/airflow/.local/lib/python3.12/site-packages/airflow/example_dags/example_dag_decorator.py for tasks to queue
[2025-02-04T23:20:56.194+0000] {logging_mixin.py:190} INFO - [2025-02-04T23:20:56.194+0000] {dagbag.py:588} INFO - Filling up the DagBag from /home/airflow/.local/lib/python3.12/site-packages/airflow/example_dags/example_dag_decorator.py
[2025-02-04T23:20:56.203+0000] {processor.py:925} INFO - DAG(s) 'example_dag_decorator' retrieved from /home/airflow/.local/lib/python3.12/site-packages/airflow/example_dags/example_dag_decorator.py
[2025-02-04T23:20:56.218+0000] {logging_mixin.py:190} INFO - [2025-02-04T23:20:56.218+0000] {dag.py:3239} INFO - Sync 1 DAGs
[2025-02-04T23:20:56.227+0000] {logging_mixin.py:190} INFO - [2025-02-04T23:20:56.227+0000] {dag.py:4180} INFO - Setting next_dagrun for example_dag_decorator to None, run_after=None
[2025-02-04T23:20:56.243+0000] {processor.py:208} INFO - Processing /home/airflow/.local/lib/python3.12/site-packages/airflow/example_dags/example_dag_decorator.py took 0.055 seconds
