[2025-02-04T23:19:52.816+0000] {processor.py:186} INFO - Started process (PID=90) to work on /home/airflow/.local/lib/python3.12/site-packages/airflow/example_dags/example_subdag_operator.py
[2025-02-04T23:19:52.817+0000] {processor.py:914} INFO - Processing file /home/airflow/.local/lib/python3.12/site-packages/airflow/example_dags/example_subdag_operator.py for tasks to queue
[2025-02-04T23:19:52.819+0000] {logging_mixin.py:190} INFO - [2025-02-04T23:19:52.819+0000] {dagbag.py:588} INFO - Filling up the DagBag from /home/airflow/.local/lib/python3.12/site-packages/airflow/example_dags/example_subdag_operator.py
[2025-02-04T23:19:52.848+0000] {processor.py:925} INFO - DAG(s) 'example_subdag_operator.section-1', 'example_subdag_operator.section-2', 'example_subdag_operator' retrieved from /home/airflow/.local/lib/python3.12/site-packages/airflow/example_dags/example_subdag_operator.py
[2025-02-04T23:19:52.962+0000] {logging_mixin.py:190} INFO - [2025-02-04T23:19:52.961+0000] {override.py:1911} INFO - Created Permission View: can edit on DAG:example_subdag_operator
[2025-02-04T23:19:52.976+0000] {logging_mixin.py:190} INFO - [2025-02-04T23:19:52.976+0000] {override.py:1911} INFO - Created Permission View: can read on DAG:example_subdag_operator
[2025-02-04T23:19:52.989+0000] {logging_mixin.py:190} INFO - [2025-02-04T23:19:52.988+0000] {override.py:1911} INFO - Created Permission View: can delete on DAG:example_subdag_operator
[2025-02-04T23:19:53.004+0000] {logging_mixin.py:190} INFO - [2025-02-04T23:19:53.003+0000] {override.py:1911} INFO - Created Permission View: can delete on DAG Run:example_subdag_operator
[2025-02-04T23:19:53.013+0000] {logging_mixin.py:190} INFO - [2025-02-04T23:19:53.012+0000] {override.py:1911} INFO - Created Permission View: can read on DAG Run:example_subdag_operator
[2025-02-04T23:19:53.024+0000] {logging_mixin.py:190} INFO - [2025-02-04T23:19:53.024+0000] {override.py:1911} INFO - Created Permission View: can create on DAG Run:example_subdag_operator
[2025-02-04T23:19:53.034+0000] {logging_mixin.py:190} INFO - [2025-02-04T23:19:53.034+0000] {override.py:1911} INFO - Created Permission View: menu access on DAG Run:example_subdag_operator
[2025-02-04T23:19:53.035+0000] {logging_mixin.py:190} INFO - [2025-02-04T23:19:53.034+0000] {dag.py:3239} INFO - Sync 3 DAGs
[2025-02-04T23:19:53.047+0000] {logging_mixin.py:190} INFO - [2025-02-04T23:19:53.047+0000] {dag.py:3262} INFO - Creating ORM DAG for example_subdag_operator
[2025-02-04T23:19:53.048+0000] {logging_mixin.py:190} INFO - [2025-02-04T23:19:53.048+0000] {dag.py:3262} INFO - Creating ORM DAG for example_subdag_operator.section-2
[2025-02-04T23:19:53.048+0000] {logging_mixin.py:190} INFO - [2025-02-04T23:19:53.048+0000] {dag.py:3262} INFO - Creating ORM DAG for example_subdag_operator.section-1
[2025-02-04T23:19:53.057+0000] {logging_mixin.py:190} INFO - [2025-02-04T23:19:53.057+0000] {dag.py:4180} INFO - Setting next_dagrun for example_subdag_operator to 2022-01-01 00:00:00+00:00, run_after=2022-01-01 00:00:00+00:00
[2025-02-04T23:19:53.057+0000] {logging_mixin.py:190} INFO - [2025-02-04T23:19:53.057+0000] {dag.py:4180} INFO - Setting next_dagrun for example_subdag_operator.section-1 to None, run_after=None
[2025-02-04T23:19:53.058+0000] {logging_mixin.py:190} INFO - [2025-02-04T23:19:53.057+0000] {dag.py:4180} INFO - Setting next_dagrun for example_subdag_operator.section-2 to None, run_after=None
[2025-02-04T23:19:53.065+0000] {logging_mixin.py:190} INFO - [2025-02-04T23:19:53.065+0000] {dag.py:3239} INFO - Sync 2 DAGs
[2025-02-04T23:19:53.071+0000] {logging_mixin.py:190} INFO - [2025-02-04T23:19:53.071+0000] {dag.py:4180} INFO - Setting next_dagrun for example_subdag_operator.section-1 to None, run_after=None
[2025-02-04T23:19:53.074+0000] {logging_mixin.py:190} INFO - [2025-02-04T23:19:53.074+0000] {dag.py:4180} INFO - Setting next_dagrun for example_subdag_operator.section-2 to None, run_after=None
[2025-02-04T23:19:53.091+0000] {processor.py:208} INFO - Processing /home/airflow/.local/lib/python3.12/site-packages/airflow/example_dags/example_subdag_operator.py took 0.281 seconds
[2025-02-04T23:20:23.851+0000] {processor.py:186} INFO - Started process (PID=153) to work on /home/airflow/.local/lib/python3.12/site-packages/airflow/example_dags/example_subdag_operator.py
[2025-02-04T23:20:23.852+0000] {processor.py:914} INFO - Processing file /home/airflow/.local/lib/python3.12/site-packages/airflow/example_dags/example_subdag_operator.py for tasks to queue
[2025-02-04T23:20:23.854+0000] {logging_mixin.py:190} INFO - [2025-02-04T23:20:23.853+0000] {dagbag.py:588} INFO - Filling up the DagBag from /home/airflow/.local/lib/python3.12/site-packages/airflow/example_dags/example_subdag_operator.py
[2025-02-04T23:20:23.879+0000] {processor.py:925} INFO - DAG(s) 'example_subdag_operator.section-1', 'example_subdag_operator.section-2', 'example_subdag_operator' retrieved from /home/airflow/.local/lib/python3.12/site-packages/airflow/example_dags/example_subdag_operator.py
[2025-02-04T23:20:23.891+0000] {logging_mixin.py:190} INFO - [2025-02-04T23:20:23.891+0000] {dag.py:3239} INFO - Sync 3 DAGs
[2025-02-04T23:20:23.915+0000] {logging_mixin.py:190} INFO - [2025-02-04T23:20:23.915+0000] {dag.py:4180} INFO - Setting next_dagrun for example_subdag_operator to 2022-01-01 00:00:00+00:00, run_after=2022-01-01 00:00:00+00:00
[2025-02-04T23:20:23.919+0000] {logging_mixin.py:190} INFO - [2025-02-04T23:20:23.918+0000] {dag.py:4180} INFO - Setting next_dagrun for example_subdag_operator.section-1 to None, run_after=None
[2025-02-04T23:20:23.919+0000] {logging_mixin.py:190} INFO - [2025-02-04T23:20:23.919+0000] {dag.py:4180} INFO - Setting next_dagrun for example_subdag_operator.section-2 to None, run_after=None
[2025-02-04T23:20:23.925+0000] {logging_mixin.py:190} INFO - [2025-02-04T23:20:23.925+0000] {dag.py:3239} INFO - Sync 2 DAGs
[2025-02-04T23:20:23.929+0000] {logging_mixin.py:190} INFO - [2025-02-04T23:20:23.929+0000] {dag.py:4180} INFO - Setting next_dagrun for example_subdag_operator.section-1 to None, run_after=None
[2025-02-04T23:20:23.929+0000] {logging_mixin.py:190} INFO - [2025-02-04T23:20:23.929+0000] {dag.py:4180} INFO - Setting next_dagrun for example_subdag_operator.section-2 to None, run_after=None
[2025-02-04T23:20:23.941+0000] {processor.py:208} INFO - Processing /home/airflow/.local/lib/python3.12/site-packages/airflow/example_dags/example_subdag_operator.py took 0.096 seconds
[2025-02-04T23:20:54.643+0000] {processor.py:186} INFO - Started process (PID=210) to work on /home/airflow/.local/lib/python3.12/site-packages/airflow/example_dags/example_subdag_operator.py
[2025-02-04T23:20:54.644+0000] {processor.py:914} INFO - Processing file /home/airflow/.local/lib/python3.12/site-packages/airflow/example_dags/example_subdag_operator.py for tasks to queue
[2025-02-04T23:20:54.646+0000] {logging_mixin.py:190} INFO - [2025-02-04T23:20:54.646+0000] {dagbag.py:588} INFO - Filling up the DagBag from /home/airflow/.local/lib/python3.12/site-packages/airflow/example_dags/example_subdag_operator.py
[2025-02-04T23:20:54.668+0000] {processor.py:925} INFO - DAG(s) 'example_subdag_operator.section-1', 'example_subdag_operator.section-2', 'example_subdag_operator' retrieved from /home/airflow/.local/lib/python3.12/site-packages/airflow/example_dags/example_subdag_operator.py
[2025-02-04T23:20:54.681+0000] {logging_mixin.py:190} INFO - [2025-02-04T23:20:54.681+0000] {dag.py:3239} INFO - Sync 3 DAGs
[2025-02-04T23:20:54.703+0000] {logging_mixin.py:190} INFO - [2025-02-04T23:20:54.703+0000] {dag.py:4180} INFO - Setting next_dagrun for example_subdag_operator to 2022-01-01 00:00:00+00:00, run_after=2022-01-01 00:00:00+00:00
[2025-02-04T23:20:54.706+0000] {logging_mixin.py:190} INFO - [2025-02-04T23:20:54.706+0000] {dag.py:4180} INFO - Setting next_dagrun for example_subdag_operator.section-1 to None, run_after=None
[2025-02-04T23:20:54.708+0000] {logging_mixin.py:190} INFO - [2025-02-04T23:20:54.707+0000] {dag.py:4180} INFO - Setting next_dagrun for example_subdag_operator.section-2 to None, run_after=None
[2025-02-04T23:20:54.714+0000] {logging_mixin.py:190} INFO - [2025-02-04T23:20:54.714+0000] {dag.py:3239} INFO - Sync 2 DAGs
[2025-02-04T23:20:54.718+0000] {logging_mixin.py:190} INFO - [2025-02-04T23:20:54.718+0000] {dag.py:4180} INFO - Setting next_dagrun for example_subdag_operator.section-1 to None, run_after=None
[2025-02-04T23:20:54.719+0000] {logging_mixin.py:190} INFO - [2025-02-04T23:20:54.718+0000] {dag.py:4180} INFO - Setting next_dagrun for example_subdag_operator.section-2 to None, run_after=None
[2025-02-04T23:20:54.732+0000] {processor.py:208} INFO - Processing /home/airflow/.local/lib/python3.12/site-packages/airflow/example_dags/example_subdag_operator.py took 0.094 seconds
