[2025-02-04T23:19:57.790+0000] {processor.py:186} INFO - Started process (PID=123) to work on /home/airflow/.local/lib/python3.12/site-packages/airflow/example_dags/example_display_name.py
[2025-02-04T23:19:57.791+0000] {processor.py:914} INFO - Processing file /home/airflow/.local/lib/python3.12/site-packages/airflow/example_dags/example_display_name.py for tasks to queue
[2025-02-04T23:19:57.794+0000] {logging_mixin.py:190} INFO - [2025-02-04T23:19:57.794+0000] {dagbag.py:588} INFO - Filling up the DagBag from /home/airflow/.local/lib/python3.12/site-packages/airflow/example_dags/example_display_name.py
[2025-02-04T23:19:57.801+0000] {processor.py:925} INFO - DAG(s) 'example_display_name' retrieved from /home/airflow/.local/lib/python3.12/site-packages/airflow/example_dags/example_display_name.py
[2025-02-04T23:19:57.896+0000] {logging_mixin.py:190} INFO - [2025-02-04T23:19:57.895+0000] {override.py:1911} INFO - Created Permission View: can edit on DAG:example_display_name
[2025-02-04T23:19:57.906+0000] {logging_mixin.py:190} INFO - [2025-02-04T23:19:57.906+0000] {override.py:1911} INFO - Created Permission View: can read on DAG:example_display_name
[2025-02-04T23:19:57.913+0000] {logging_mixin.py:190} INFO - [2025-02-04T23:19:57.913+0000] {override.py:1911} INFO - Created Permission View: can delete on DAG:example_display_name
[2025-02-04T23:19:57.924+0000] {logging_mixin.py:190} INFO - [2025-02-04T23:19:57.924+0000] {override.py:1911} INFO - Created Permission View: can delete on DAG Run:example_display_name
[2025-02-04T23:19:57.935+0000] {logging_mixin.py:190} INFO - [2025-02-04T23:19:57.934+0000] {override.py:1911} INFO - Created Permission View: can read on DAG Run:example_display_name
[2025-02-04T23:19:57.942+0000] {logging_mixin.py:190} INFO - [2025-02-04T23:19:57.942+0000] {override.py:1911} INFO - Created Permission View: can create on DAG Run:example_display_name
[2025-02-04T23:19:57.950+0000] {logging_mixin.py:190} INFO - [2025-02-04T23:19:57.950+0000] {override.py:1911} INFO - Created Permission View: menu access on DAG Run:example_display_name
[2025-02-04T23:19:57.950+0000] {logging_mixin.py:190} INFO - [2025-02-04T23:19:57.950+0000] {dag.py:3239} INFO - Sync 1 DAGs
[2025-02-04T23:19:57.962+0000] {logging_mixin.py:190} INFO - [2025-02-04T23:19:57.961+0000] {dag.py:3262} INFO - Creating ORM DAG for example_display_name
[2025-02-04T23:19:57.962+0000] {logging_mixin.py:190} INFO - [2025-02-04T23:19:57.962+0000] {dag.py:4180} INFO - Setting next_dagrun for example_display_name to None, run_after=None
[2025-02-04T23:19:57.996+0000] {processor.py:208} INFO - Processing /home/airflow/.local/lib/python3.12/site-packages/airflow/example_dags/example_display_name.py took 0.211 seconds
[2025-02-04T23:20:28.922+0000] {processor.py:186} INFO - Started process (PID=186) to work on /home/airflow/.local/lib/python3.12/site-packages/airflow/example_dags/example_display_name.py
[2025-02-04T23:20:28.923+0000] {processor.py:914} INFO - Processing file /home/airflow/.local/lib/python3.12/site-packages/airflow/example_dags/example_display_name.py for tasks to queue
[2025-02-04T23:20:28.926+0000] {logging_mixin.py:190} INFO - [2025-02-04T23:20:28.926+0000] {dagbag.py:588} INFO - Filling up the DagBag from /home/airflow/.local/lib/python3.12/site-packages/airflow/example_dags/example_display_name.py
[2025-02-04T23:20:28.935+0000] {processor.py:925} INFO - DAG(s) 'example_display_name' retrieved from /home/airflow/.local/lib/python3.12/site-packages/airflow/example_dags/example_display_name.py
[2025-02-04T23:20:28.957+0000] {logging_mixin.py:190} INFO - [2025-02-04T23:20:28.957+0000] {dag.py:3239} INFO - Sync 1 DAGs
[2025-02-04T23:20:28.971+0000] {logging_mixin.py:190} INFO - [2025-02-04T23:20:28.971+0000] {dag.py:4180} INFO - Setting next_dagrun for example_display_name to None, run_after=None
[2025-02-04T23:20:28.993+0000] {processor.py:208} INFO - Processing /home/airflow/.local/lib/python3.12/site-packages/airflow/example_dags/example_display_name.py took 0.078 seconds
