[2025-02-04T23:19:53.412+0000] {processor.py:186} INFO - Started process (PID=93) to work on /home/airflow/.local/lib/python3.12/site-packages/airflow/example_dags/example_branch_day_of_week_operator.py
[2025-02-04T23:19:53.412+0000] {processor.py:914} INFO - Processing file /home/airflow/.local/lib/python3.12/site-packages/airflow/example_dags/example_branch_day_of_week_operator.py for tasks to queue
[2025-02-04T23:19:53.415+0000] {logging_mixin.py:190} INFO - [2025-02-04T23:19:53.414+0000] {dagbag.py:588} INFO - Filling up the DagBag from /home/airflow/.local/lib/python3.12/site-packages/airflow/example_dags/example_branch_day_of_week_operator.py
[2025-02-04T23:19:53.429+0000] {processor.py:925} INFO - DAG(s) 'example_weekday_branch_operator' retrieved from /home/airflow/.local/lib/python3.12/site-packages/airflow/example_dags/example_branch_day_of_week_operator.py
[2025-02-04T23:19:53.547+0000] {logging_mixin.py:190} INFO - [2025-02-04T23:19:53.546+0000] {override.py:1911} INFO - Created Permission View: can edit on DAG:example_weekday_branch_operator
[2025-02-04T23:19:53.561+0000] {logging_mixin.py:190} INFO - [2025-02-04T23:19:53.561+0000] {override.py:1911} INFO - Created Permission View: can read on DAG:example_weekday_branch_operator
[2025-02-04T23:19:53.572+0000] {logging_mixin.py:190} INFO - [2025-02-04T23:19:53.572+0000] {override.py:1911} INFO - Created Permission View: can delete on DAG:example_weekday_branch_operator
[2025-02-04T23:19:53.586+0000] {logging_mixin.py:190} INFO - [2025-02-04T23:19:53.585+0000] {override.py:1911} INFO - Created Permission View: can delete on DAG Run:example_weekday_branch_operator
[2025-02-04T23:19:53.596+0000] {logging_mixin.py:190} INFO - [2025-02-04T23:19:53.595+0000] {override.py:1911} INFO - Created Permission View: can read on DAG Run:example_weekday_branch_operator
[2025-02-04T23:19:53.607+0000] {logging_mixin.py:190} INFO - [2025-02-04T23:19:53.607+0000] {override.py:1911} INFO - Created Permission View: can create on DAG Run:example_weekday_branch_operator
[2025-02-04T23:19:53.617+0000] {logging_mixin.py:190} INFO - [2025-02-04T23:19:53.616+0000] {override.py:1911} INFO - Created Permission View: menu access on DAG Run:example_weekday_branch_operator
[2025-02-04T23:19:53.617+0000] {logging_mixin.py:190} INFO - [2025-02-04T23:19:53.617+0000] {dag.py:3239} INFO - Sync 1 DAGs
[2025-02-04T23:19:53.635+0000] {logging_mixin.py:190} INFO - [2025-02-04T23:19:53.634+0000] {dag.py:3262} INFO - Creating ORM DAG for example_weekday_branch_operator
[2025-02-04T23:19:53.647+0000] {logging_mixin.py:190} INFO - [2025-02-04T23:19:53.647+0000] {dag.py:4180} INFO - Setting next_dagrun for example_weekday_branch_operator to 2025-02-03 00:00:00+00:00, run_after=2025-02-04 00:00:00+00:00
[2025-02-04T23:19:53.669+0000] {processor.py:208} INFO - Processing /home/airflow/.local/lib/python3.12/site-packages/airflow/example_dags/example_branch_day_of_week_operator.py took 0.264 seconds
[2025-02-04T23:20:24.169+0000] {processor.py:186} INFO - Started process (PID=156) to work on /home/airflow/.local/lib/python3.12/site-packages/airflow/example_dags/example_branch_day_of_week_operator.py
[2025-02-04T23:20:24.170+0000] {processor.py:914} INFO - Processing file /home/airflow/.local/lib/python3.12/site-packages/airflow/example_dags/example_branch_day_of_week_operator.py for tasks to queue
[2025-02-04T23:20:24.172+0000] {logging_mixin.py:190} INFO - [2025-02-04T23:20:24.171+0000] {dagbag.py:588} INFO - Filling up the DagBag from /home/airflow/.local/lib/python3.12/site-packages/airflow/example_dags/example_branch_day_of_week_operator.py
[2025-02-04T23:20:24.179+0000] {processor.py:925} INFO - DAG(s) 'example_weekday_branch_operator' retrieved from /home/airflow/.local/lib/python3.12/site-packages/airflow/example_dags/example_branch_day_of_week_operator.py
[2025-02-04T23:20:24.193+0000] {logging_mixin.py:190} INFO - [2025-02-04T23:20:24.193+0000] {dag.py:3239} INFO - Sync 1 DAGs
[2025-02-04T23:20:24.210+0000] {logging_mixin.py:190} INFO - [2025-02-04T23:20:24.210+0000] {dag.py:4180} INFO - Setting next_dagrun for example_weekday_branch_operator to 2025-02-03 00:00:00+00:00, run_after=2025-02-04 00:00:00+00:00
[2025-02-04T23:20:24.225+0000] {processor.py:208} INFO - Processing /home/airflow/.local/lib/python3.12/site-packages/airflow/example_dags/example_branch_day_of_week_operator.py took 0.060 seconds
[2025-02-04T23:20:54.906+0000] {processor.py:186} INFO - Started process (PID=213) to work on /home/airflow/.local/lib/python3.12/site-packages/airflow/example_dags/example_branch_day_of_week_operator.py
[2025-02-04T23:20:54.907+0000] {processor.py:914} INFO - Processing file /home/airflow/.local/lib/python3.12/site-packages/airflow/example_dags/example_branch_day_of_week_operator.py for tasks to queue
[2025-02-04T23:20:54.909+0000] {logging_mixin.py:190} INFO - [2025-02-04T23:20:54.909+0000] {dagbag.py:588} INFO - Filling up the DagBag from /home/airflow/.local/lib/python3.12/site-packages/airflow/example_dags/example_branch_day_of_week_operator.py
[2025-02-04T23:20:54.917+0000] {processor.py:925} INFO - DAG(s) 'example_weekday_branch_operator' retrieved from /home/airflow/.local/lib/python3.12/site-packages/airflow/example_dags/example_branch_day_of_week_operator.py
[2025-02-04T23:20:54.935+0000] {logging_mixin.py:190} INFO - [2025-02-04T23:20:54.935+0000] {dag.py:3239} INFO - Sync 1 DAGs
[2025-02-04T23:20:54.954+0000] {logging_mixin.py:190} INFO - [2025-02-04T23:20:54.954+0000] {dag.py:4180} INFO - Setting next_dagrun for example_weekday_branch_operator to 2025-02-03 00:00:00+00:00, run_after=2025-02-04 00:00:00+00:00
[2025-02-04T23:20:54.972+0000] {processor.py:208} INFO - Processing /home/airflow/.local/lib/python3.12/site-packages/airflow/example_dags/example_branch_day_of_week_operator.py took 0.072 seconds
