[2025-02-04T23:19:46.782+0000] {processor.py:186} INFO - Started process (PID=67) to work on /home/airflow/.local/lib/python3.12/site-packages/airflow/example_dags/example_xcom.py
[2025-02-04T23:19:46.783+0000] {processor.py:914} INFO - Processing file /home/airflow/.local/lib/python3.12/site-packages/airflow/example_dags/example_xcom.py for tasks to queue
[2025-02-04T23:19:46.787+0000] {logging_mixin.py:190} INFO - [2025-02-04T23:19:46.787+0000] {dagbag.py:588} INFO - Filling up the DagBag from /home/airflow/.local/lib/python3.12/site-packages/airflow/example_dags/example_xcom.py
[2025-02-04T23:19:46.810+0000] {processor.py:925} INFO - DAG(s) 'example_xcom' retrieved from /home/airflow/.local/lib/python3.12/site-packages/airflow/example_dags/example_xcom.py
[2025-02-04T23:19:47.088+0000] {logging_mixin.py:190} INFO - [2025-02-04T23:19:47.086+0000] {override.py:1911} INFO - Created Permission View: can edit on DAG:example_xcom
[2025-02-04T23:19:47.100+0000] {logging_mixin.py:190} INFO - [2025-02-04T23:19:47.099+0000] {override.py:1911} INFO - Created Permission View: can read on DAG:example_xcom
[2025-02-04T23:19:47.109+0000] {logging_mixin.py:190} INFO - [2025-02-04T23:19:47.108+0000] {override.py:1911} INFO - Created Permission View: can delete on DAG:example_xcom
[2025-02-04T23:19:47.121+0000] {logging_mixin.py:190} INFO - [2025-02-04T23:19:47.121+0000] {override.py:1911} INFO - Created Permission View: can delete on DAG Run:example_xcom
[2025-02-04T23:19:47.129+0000] {logging_mixin.py:190} INFO - [2025-02-04T23:19:47.129+0000] {override.py:1911} INFO - Created Permission View: can read on DAG Run:example_xcom
[2025-02-04T23:19:47.137+0000] {logging_mixin.py:190} INFO - [2025-02-04T23:19:47.137+0000] {override.py:1911} INFO - Created Permission View: can create on DAG Run:example_xcom
[2025-02-04T23:19:47.145+0000] {logging_mixin.py:190} INFO - [2025-02-04T23:19:47.145+0000] {override.py:1911} INFO - Created Permission View: menu access on DAG Run:example_xcom
[2025-02-04T23:19:47.145+0000] {logging_mixin.py:190} INFO - [2025-02-04T23:19:47.145+0000] {dag.py:3239} INFO - Sync 1 DAGs
[2025-02-04T23:19:47.162+0000] {logging_mixin.py:190} INFO - [2025-02-04T23:19:47.162+0000] {dag.py:3262} INFO - Creating ORM DAG for example_xcom
[2025-02-04T23:19:47.175+0000] {logging_mixin.py:190} INFO - [2025-02-04T23:19:47.174+0000] {dag.py:4180} INFO - Setting next_dagrun for example_xcom to 2021-01-01 00:00:00+00:00, run_after=2021-01-01 00:00:00+00:00
[2025-02-04T23:19:47.198+0000] {processor.py:208} INFO - Processing /home/airflow/.local/lib/python3.12/site-packages/airflow/example_dags/example_xcom.py took 0.426 seconds
[2025-02-04T23:20:18.081+0000] {processor.py:186} INFO - Started process (PID=130) to work on /home/airflow/.local/lib/python3.12/site-packages/airflow/example_dags/example_xcom.py
[2025-02-04T23:20:18.083+0000] {processor.py:914} INFO - Processing file /home/airflow/.local/lib/python3.12/site-packages/airflow/example_dags/example_xcom.py for tasks to queue
[2025-02-04T23:20:18.085+0000] {logging_mixin.py:190} INFO - [2025-02-04T23:20:18.085+0000] {dagbag.py:588} INFO - Filling up the DagBag from /home/airflow/.local/lib/python3.12/site-packages/airflow/example_dags/example_xcom.py
[2025-02-04T23:20:18.091+0000] {processor.py:925} INFO - DAG(s) 'example_xcom' retrieved from /home/airflow/.local/lib/python3.12/site-packages/airflow/example_dags/example_xcom.py
[2025-02-04T23:20:18.107+0000] {logging_mixin.py:190} INFO - [2025-02-04T23:20:18.107+0000] {dag.py:3239} INFO - Sync 1 DAGs
[2025-02-04T23:20:18.121+0000] {logging_mixin.py:190} INFO - [2025-02-04T23:20:18.121+0000] {dag.py:4180} INFO - Setting next_dagrun for example_xcom to 2021-01-01 00:00:00+00:00, run_after=2021-01-01 00:00:00+00:00
[2025-02-04T23:20:18.136+0000] {processor.py:208} INFO - Processing /home/airflow/.local/lib/python3.12/site-packages/airflow/example_dags/example_xcom.py took 0.059 seconds
[2025-02-04T23:20:50.062+0000] {processor.py:186} INFO - Started process (PID=193) to work on /home/airflow/.local/lib/python3.12/site-packages/airflow/example_dags/example_xcom.py
[2025-02-04T23:20:50.063+0000] {processor.py:914} INFO - Processing file /home/airflow/.local/lib/python3.12/site-packages/airflow/example_dags/example_xcom.py for tasks to queue
[2025-02-04T23:20:50.066+0000] {logging_mixin.py:190} INFO - [2025-02-04T23:20:50.065+0000] {dagbag.py:588} INFO - Filling up the DagBag from /home/airflow/.local/lib/python3.12/site-packages/airflow/example_dags/example_xcom.py
[2025-02-04T23:20:50.075+0000] {processor.py:925} INFO - DAG(s) 'example_xcom' retrieved from /home/airflow/.local/lib/python3.12/site-packages/airflow/example_dags/example_xcom.py
[2025-02-04T23:20:50.095+0000] {logging_mixin.py:190} INFO - [2025-02-04T23:20:50.095+0000] {dag.py:3239} INFO - Sync 1 DAGs
[2025-02-04T23:20:50.114+0000] {logging_mixin.py:190} INFO - [2025-02-04T23:20:50.114+0000] {dag.py:4180} INFO - Setting next_dagrun for example_xcom to 2021-01-01 00:00:00+00:00, run_after=2021-01-01 00:00:00+00:00
[2025-02-04T23:20:50.132+0000] {processor.py:208} INFO - Processing /home/airflow/.local/lib/python3.12/site-packages/airflow/example_dags/example_xcom.py took 0.077 seconds
