[2025-02-04T23:19:47.954+0000] {processor.py:186} INFO - Started process (PID=73) to work on /home/airflow/.local/lib/python3.12/site-packages/airflow/example_dags/example_branch_operator.py
[2025-02-04T23:19:47.955+0000] {processor.py:914} INFO - Processing file /home/airflow/.local/lib/python3.12/site-packages/airflow/example_dags/example_branch_operator.py for tasks to queue
[2025-02-04T23:19:47.958+0000] {logging_mixin.py:190} INFO - [2025-02-04T23:19:47.958+0000] {dagbag.py:588} INFO - Filling up the DagBag from /home/airflow/.local/lib/python3.12/site-packages/airflow/example_dags/example_branch_operator.py
[2025-02-04T23:19:47.994+0000] {processor.py:925} INFO - DAG(s) 'example_branch_operator' retrieved from /home/airflow/.local/lib/python3.12/site-packages/airflow/example_dags/example_branch_operator.py
[2025-02-04T23:19:48.193+0000] {logging_mixin.py:190} INFO - [2025-02-04T23:19:48.192+0000] {override.py:1911} INFO - Created Permission View: can edit on DAG:example_branch_operator
[2025-02-04T23:19:48.207+0000] {logging_mixin.py:190} INFO - [2025-02-04T23:19:48.206+0000] {override.py:1911} INFO - Created Permission View: can read on DAG:example_branch_operator
[2025-02-04T23:19:48.217+0000] {logging_mixin.py:190} INFO - [2025-02-04T23:19:48.217+0000] {override.py:1911} INFO - Created Permission View: can delete on DAG:example_branch_operator
[2025-02-04T23:19:48.230+0000] {logging_mixin.py:190} INFO - [2025-02-04T23:19:48.230+0000] {override.py:1911} INFO - Created Permission View: can delete on DAG Run:example_branch_operator
[2025-02-04T23:19:48.240+0000] {logging_mixin.py:190} INFO - [2025-02-04T23:19:48.240+0000] {override.py:1911} INFO - Created Permission View: can read on DAG Run:example_branch_operator
[2025-02-04T23:19:48.251+0000] {logging_mixin.py:190} INFO - [2025-02-04T23:19:48.251+0000] {override.py:1911} INFO - Created Permission View: can create on DAG Run:example_branch_operator
[2025-02-04T23:19:48.263+0000] {logging_mixin.py:190} INFO - [2025-02-04T23:19:48.263+0000] {override.py:1911} INFO - Created Permission View: menu access on DAG Run:example_branch_operator
[2025-02-04T23:19:48.264+0000] {logging_mixin.py:190} INFO - [2025-02-04T23:19:48.264+0000] {dag.py:3239} INFO - Sync 1 DAGs
[2025-02-04T23:19:48.278+0000] {logging_mixin.py:190} INFO - [2025-02-04T23:19:48.278+0000] {dag.py:3262} INFO - Creating ORM DAG for example_branch_operator
[2025-02-04T23:19:48.292+0000] {logging_mixin.py:190} INFO - [2025-02-04T23:19:48.292+0000] {dag.py:4180} INFO - Setting next_dagrun for example_branch_operator to 2025-02-03 00:00:00+00:00, run_after=2025-02-04 00:00:00+00:00
[2025-02-04T23:19:48.317+0000] {processor.py:208} INFO - Processing /home/airflow/.local/lib/python3.12/site-packages/airflow/example_dags/example_branch_operator.py took 0.370 seconds
[2025-02-04T23:20:18.413+0000] {processor.py:186} INFO - Started process (PID=136) to work on /home/airflow/.local/lib/python3.12/site-packages/airflow/example_dags/example_branch_operator.py
[2025-02-04T23:20:18.414+0000] {processor.py:914} INFO - Processing file /home/airflow/.local/lib/python3.12/site-packages/airflow/example_dags/example_branch_operator.py for tasks to queue
[2025-02-04T23:20:18.417+0000] {logging_mixin.py:190} INFO - [2025-02-04T23:20:18.416+0000] {dagbag.py:588} INFO - Filling up the DagBag from /home/airflow/.local/lib/python3.12/site-packages/airflow/example_dags/example_branch_operator.py
[2025-02-04T23:20:18.432+0000] {processor.py:925} INFO - DAG(s) 'example_branch_operator' retrieved from /home/airflow/.local/lib/python3.12/site-packages/airflow/example_dags/example_branch_operator.py
[2025-02-04T23:20:18.452+0000] {logging_mixin.py:190} INFO - [2025-02-04T23:20:18.452+0000] {dag.py:3239} INFO - Sync 1 DAGs
[2025-02-04T23:20:18.468+0000] {logging_mixin.py:190} INFO - [2025-02-04T23:20:18.467+0000] {dag.py:4180} INFO - Setting next_dagrun for example_branch_operator to 2025-02-03 00:00:00+00:00, run_after=2025-02-04 00:00:00+00:00
[2025-02-04T23:20:18.481+0000] {processor.py:208} INFO - Processing /home/airflow/.local/lib/python3.12/site-packages/airflow/example_dags/example_branch_operator.py took 0.074 seconds
[2025-02-04T23:20:50.340+0000] {processor.py:186} INFO - Started process (PID=199) to work on /home/airflow/.local/lib/python3.12/site-packages/airflow/example_dags/example_branch_operator.py
[2025-02-04T23:20:50.341+0000] {processor.py:914} INFO - Processing file /home/airflow/.local/lib/python3.12/site-packages/airflow/example_dags/example_branch_operator.py for tasks to queue
[2025-02-04T23:20:50.343+0000] {logging_mixin.py:190} INFO - [2025-02-04T23:20:50.343+0000] {dagbag.py:588} INFO - Filling up the DagBag from /home/airflow/.local/lib/python3.12/site-packages/airflow/example_dags/example_branch_operator.py
[2025-02-04T23:20:50.359+0000] {processor.py:925} INFO - DAG(s) 'example_branch_operator' retrieved from /home/airflow/.local/lib/python3.12/site-packages/airflow/example_dags/example_branch_operator.py
[2025-02-04T23:20:50.384+0000] {logging_mixin.py:190} INFO - [2025-02-04T23:20:50.384+0000] {dag.py:3239} INFO - Sync 1 DAGs
[2025-02-04T23:20:50.406+0000] {logging_mixin.py:190} INFO - [2025-02-04T23:20:50.405+0000] {dag.py:4180} INFO - Setting next_dagrun for example_branch_operator to 2025-02-03 00:00:00+00:00, run_after=2025-02-04 00:00:00+00:00
[2025-02-04T23:20:50.423+0000] {processor.py:208} INFO - Processing /home/airflow/.local/lib/python3.12/site-packages/airflow/example_dags/example_branch_operator.py took 0.090 seconds
