[2025-02-04T23:19:57.295+0000] {processor.py:186} INFO - Started process (PID=118) to work on /home/airflow/.local/lib/python3.12/site-packages/airflow/example_dags/example_branch_labels.py
[2025-02-04T23:19:57.296+0000] {processor.py:914} INFO - Processing file /home/airflow/.local/lib/python3.12/site-packages/airflow/example_dags/example_branch_labels.py for tasks to queue
[2025-02-04T23:19:57.298+0000] {logging_mixin.py:190} INFO - [2025-02-04T23:19:57.298+0000] {dagbag.py:588} INFO - Filling up the DagBag from /home/airflow/.local/lib/python3.12/site-packages/airflow/example_dags/example_branch_labels.py
[2025-02-04T23:19:57.310+0000] {processor.py:925} INFO - DAG(s) 'example_branch_labels' retrieved from /home/airflow/.local/lib/python3.12/site-packages/airflow/example_dags/example_branch_labels.py
[2025-02-04T23:19:57.424+0000] {logging_mixin.py:190} INFO - [2025-02-04T23:19:57.424+0000] {override.py:1911} INFO - Created Permission View: can edit on DAG:example_branch_labels
[2025-02-04T23:19:57.435+0000] {logging_mixin.py:190} INFO - [2025-02-04T23:19:57.435+0000] {override.py:1911} INFO - Created Permission View: can read on DAG:example_branch_labels
[2025-02-04T23:19:57.443+0000] {logging_mixin.py:190} INFO - [2025-02-04T23:19:57.442+0000] {override.py:1911} INFO - Created Permission View: can delete on DAG:example_branch_labels
[2025-02-04T23:19:57.453+0000] {logging_mixin.py:190} INFO - [2025-02-04T23:19:57.453+0000] {override.py:1911} INFO - Created Permission View: can delete on DAG Run:example_branch_labels
[2025-02-04T23:19:57.461+0000] {logging_mixin.py:190} INFO - [2025-02-04T23:19:57.460+0000] {override.py:1911} INFO - Created Permission View: can read on DAG Run:example_branch_labels
[2025-02-04T23:19:57.468+0000] {logging_mixin.py:190} INFO - [2025-02-04T23:19:57.467+0000] {override.py:1911} INFO - Created Permission View: can create on DAG Run:example_branch_labels
[2025-02-04T23:19:57.475+0000] {logging_mixin.py:190} INFO - [2025-02-04T23:19:57.475+0000] {override.py:1911} INFO - Created Permission View: menu access on DAG Run:example_branch_labels
[2025-02-04T23:19:57.475+0000] {logging_mixin.py:190} INFO - [2025-02-04T23:19:57.475+0000] {dag.py:3239} INFO - Sync 1 DAGs
[2025-02-04T23:19:57.485+0000] {logging_mixin.py:190} INFO - [2025-02-04T23:19:57.485+0000] {dag.py:3262} INFO - Creating ORM DAG for example_branch_labels
[2025-02-04T23:19:57.493+0000] {logging_mixin.py:190} INFO - [2025-02-04T23:19:57.493+0000] {dag.py:4180} INFO - Setting next_dagrun for example_branch_labels to 2025-02-03 00:00:00+00:00, run_after=2025-02-04 00:00:00+00:00
[2025-02-04T23:19:57.508+0000] {processor.py:208} INFO - Processing /home/airflow/.local/lib/python3.12/site-packages/airflow/example_dags/example_branch_labels.py took 0.220 seconds
[2025-02-04T23:20:28.632+0000] {processor.py:186} INFO - Started process (PID=181) to work on /home/airflow/.local/lib/python3.12/site-packages/airflow/example_dags/example_branch_labels.py
[2025-02-04T23:20:28.634+0000] {processor.py:914} INFO - Processing file /home/airflow/.local/lib/python3.12/site-packages/airflow/example_dags/example_branch_labels.py for tasks to queue
[2025-02-04T23:20:28.636+0000] {logging_mixin.py:190} INFO - [2025-02-04T23:20:28.636+0000] {dagbag.py:588} INFO - Filling up the DagBag from /home/airflow/.local/lib/python3.12/site-packages/airflow/example_dags/example_branch_labels.py
[2025-02-04T23:20:28.647+0000] {processor.py:925} INFO - DAG(s) 'example_branch_labels' retrieved from /home/airflow/.local/lib/python3.12/site-packages/airflow/example_dags/example_branch_labels.py
[2025-02-04T23:20:28.668+0000] {logging_mixin.py:190} INFO - [2025-02-04T23:20:28.667+0000] {dag.py:3239} INFO - Sync 1 DAGs
[2025-02-04T23:20:28.693+0000] {logging_mixin.py:190} INFO - [2025-02-04T23:20:28.693+0000] {dag.py:4180} INFO - Setting next_dagrun for example_branch_labels to 2025-02-03 00:00:00+00:00, run_after=2025-02-04 00:00:00+00:00
[2025-02-04T23:20:28.714+0000] {processor.py:208} INFO - Processing /home/airflow/.local/lib/python3.12/site-packages/airflow/example_dags/example_branch_labels.py took 0.087 seconds
