[2025-02-04T23:19:51.586+0000] {processor.py:186} INFO - Started process (PID=84) to work on /home/airflow/.local/lib/python3.12/site-packages/airflow/example_dags/example_dataset_alias.py
[2025-02-04T23:19:51.587+0000] {processor.py:914} INFO - Processing file /home/airflow/.local/lib/python3.12/site-packages/airflow/example_dags/example_dataset_alias.py for tasks to queue
[2025-02-04T23:19:51.595+0000] {logging_mixin.py:190} INFO - [2025-02-04T23:19:51.595+0000] {dagbag.py:588} INFO - Filling up the DagBag from /home/airflow/.local/lib/python3.12/site-packages/airflow/example_dags/example_dataset_alias.py
[2025-02-04T23:19:52.367+0000] {processor.py:925} INFO - DAG(s) 'dataset_s3_bucket_producer', 'dataset_s3_bucket_consumer', 'dataset_alias_example_alias_producer', 'dataset_alias_example_alias_consumer' retrieved from /home/airflow/.local/lib/python3.12/site-packages/airflow/example_dags/example_dataset_alias.py
[2025-02-04T23:19:52.459+0000] {logging_mixin.py:190} INFO - [2025-02-04T23:19:52.458+0000] {override.py:1911} INFO - Created Permission View: can edit on DAG:dataset_s3_bucket_producer
[2025-02-04T23:19:52.472+0000] {logging_mixin.py:190} INFO - [2025-02-04T23:19:52.472+0000] {override.py:1911} INFO - Created Permission View: can read on DAG:dataset_s3_bucket_producer
[2025-02-04T23:19:52.483+0000] {logging_mixin.py:190} INFO - [2025-02-04T23:19:52.482+0000] {override.py:1911} INFO - Created Permission View: can delete on DAG:dataset_s3_bucket_producer
[2025-02-04T23:19:52.498+0000] {logging_mixin.py:190} INFO - [2025-02-04T23:19:52.497+0000] {override.py:1911} INFO - Created Permission View: can delete on DAG Run:dataset_s3_bucket_producer
[2025-02-04T23:19:52.507+0000] {logging_mixin.py:190} INFO - [2025-02-04T23:19:52.506+0000] {override.py:1911} INFO - Created Permission View: can read on DAG Run:dataset_s3_bucket_producer
[2025-02-04T23:19:52.515+0000] {logging_mixin.py:190} INFO - [2025-02-04T23:19:52.515+0000] {override.py:1911} INFO - Created Permission View: can create on DAG Run:dataset_s3_bucket_producer
[2025-02-04T23:19:52.525+0000] {logging_mixin.py:190} INFO - [2025-02-04T23:19:52.524+0000] {override.py:1911} INFO - Created Permission View: menu access on DAG Run:dataset_s3_bucket_producer
[2025-02-04T23:19:52.540+0000] {logging_mixin.py:190} INFO - [2025-02-04T23:19:52.540+0000] {override.py:1911} INFO - Created Permission View: can edit on DAG:dataset_s3_bucket_consumer
[2025-02-04T23:19:52.549+0000] {logging_mixin.py:190} INFO - [2025-02-04T23:19:52.549+0000] {override.py:1911} INFO - Created Permission View: can read on DAG:dataset_s3_bucket_consumer
[2025-02-04T23:19:52.557+0000] {logging_mixin.py:190} INFO - [2025-02-04T23:19:52.557+0000] {override.py:1911} INFO - Created Permission View: can delete on DAG:dataset_s3_bucket_consumer
[2025-02-04T23:19:52.569+0000] {logging_mixin.py:190} INFO - [2025-02-04T23:19:52.568+0000] {override.py:1911} INFO - Created Permission View: can delete on DAG Run:dataset_s3_bucket_consumer
[2025-02-04T23:19:52.577+0000] {logging_mixin.py:190} INFO - [2025-02-04T23:19:52.577+0000] {override.py:1911} INFO - Created Permission View: can read on DAG Run:dataset_s3_bucket_consumer
[2025-02-04T23:19:52.585+0000] {logging_mixin.py:190} INFO - [2025-02-04T23:19:52.585+0000] {override.py:1911} INFO - Created Permission View: can create on DAG Run:dataset_s3_bucket_consumer
[2025-02-04T23:19:52.593+0000] {logging_mixin.py:190} INFO - [2025-02-04T23:19:52.593+0000] {override.py:1911} INFO - Created Permission View: menu access on DAG Run:dataset_s3_bucket_consumer
[2025-02-04T23:19:52.611+0000] {logging_mixin.py:190} INFO - [2025-02-04T23:19:52.610+0000] {override.py:1911} INFO - Created Permission View: can edit on DAG:dataset_alias_example_alias_producer
[2025-02-04T23:19:52.619+0000] {logging_mixin.py:190} INFO - [2025-02-04T23:19:52.618+0000] {override.py:1911} INFO - Created Permission View: can read on DAG:dataset_alias_example_alias_producer
[2025-02-04T23:19:52.627+0000] {logging_mixin.py:190} INFO - [2025-02-04T23:19:52.626+0000] {override.py:1911} INFO - Created Permission View: can delete on DAG:dataset_alias_example_alias_producer
[2025-02-04T23:19:52.639+0000] {logging_mixin.py:190} INFO - [2025-02-04T23:19:52.639+0000] {override.py:1911} INFO - Created Permission View: can delete on DAG Run:dataset_alias_example_alias_producer
[2025-02-04T23:19:52.648+0000] {logging_mixin.py:190} INFO - [2025-02-04T23:19:52.647+0000] {override.py:1911} INFO - Created Permission View: can read on DAG Run:dataset_alias_example_alias_producer
[2025-02-04T23:19:52.657+0000] {logging_mixin.py:190} INFO - [2025-02-04T23:19:52.656+0000] {override.py:1911} INFO - Created Permission View: can create on DAG Run:dataset_alias_example_alias_producer
[2025-02-04T23:19:52.666+0000] {logging_mixin.py:190} INFO - [2025-02-04T23:19:52.666+0000] {override.py:1911} INFO - Created Permission View: menu access on DAG Run:dataset_alias_example_alias_producer
[2025-02-04T23:19:52.682+0000] {logging_mixin.py:190} INFO - [2025-02-04T23:19:52.682+0000] {override.py:1911} INFO - Created Permission View: can edit on DAG:dataset_alias_example_alias_consumer
[2025-02-04T23:19:52.690+0000] {logging_mixin.py:190} INFO - [2025-02-04T23:19:52.689+0000] {override.py:1911} INFO - Created Permission View: can read on DAG:dataset_alias_example_alias_consumer
[2025-02-04T23:19:52.698+0000] {logging_mixin.py:190} INFO - [2025-02-04T23:19:52.697+0000] {override.py:1911} INFO - Created Permission View: can delete on DAG:dataset_alias_example_alias_consumer
[2025-02-04T23:19:52.711+0000] {logging_mixin.py:190} INFO - [2025-02-04T23:19:52.710+0000] {override.py:1911} INFO - Created Permission View: can delete on DAG Run:dataset_alias_example_alias_consumer
[2025-02-04T23:19:52.718+0000] {logging_mixin.py:190} INFO - [2025-02-04T23:19:52.718+0000] {override.py:1911} INFO - Created Permission View: can read on DAG Run:dataset_alias_example_alias_consumer
[2025-02-04T23:19:52.726+0000] {logging_mixin.py:190} INFO - [2025-02-04T23:19:52.726+0000] {override.py:1911} INFO - Created Permission View: can create on DAG Run:dataset_alias_example_alias_consumer
[2025-02-04T23:19:52.734+0000] {logging_mixin.py:190} INFO - [2025-02-04T23:19:52.734+0000] {override.py:1911} INFO - Created Permission View: menu access on DAG Run:dataset_alias_example_alias_consumer
[2025-02-04T23:19:52.735+0000] {logging_mixin.py:190} INFO - [2025-02-04T23:19:52.734+0000] {dag.py:3239} INFO - Sync 4 DAGs
[2025-02-04T23:19:52.745+0000] {logging_mixin.py:190} INFO - [2025-02-04T23:19:52.745+0000] {dag.py:3262} INFO - Creating ORM DAG for dataset_s3_bucket_producer
[2025-02-04T23:19:52.746+0000] {logging_mixin.py:190} INFO - [2025-02-04T23:19:52.746+0000] {dag.py:3262} INFO - Creating ORM DAG for dataset_s3_bucket_consumer
[2025-02-04T23:19:52.747+0000] {logging_mixin.py:190} INFO - [2025-02-04T23:19:52.746+0000] {dag.py:3262} INFO - Creating ORM DAG for dataset_alias_example_alias_producer
[2025-02-04T23:19:52.747+0000] {logging_mixin.py:190} INFO - [2025-02-04T23:19:52.747+0000] {dag.py:3262} INFO - Creating ORM DAG for dataset_alias_example_alias_consumer
[2025-02-04T23:19:52.755+0000] {logging_mixin.py:190} INFO - [2025-02-04T23:19:52.755+0000] {dag.py:4180} INFO - Setting next_dagrun for dataset_alias_example_alias_consumer to None, run_after=None
[2025-02-04T23:19:52.755+0000] {logging_mixin.py:190} INFO - [2025-02-04T23:19:52.755+0000] {dag.py:4180} INFO - Setting next_dagrun for dataset_alias_example_alias_producer to None, run_after=None
[2025-02-04T23:19:52.756+0000] {logging_mixin.py:190} INFO - [2025-02-04T23:19:52.756+0000] {dag.py:4180} INFO - Setting next_dagrun for dataset_s3_bucket_consumer to None, run_after=None
[2025-02-04T23:19:52.756+0000] {logging_mixin.py:190} INFO - [2025-02-04T23:19:52.756+0000] {dag.py:4180} INFO - Setting next_dagrun for dataset_s3_bucket_producer to None, run_after=None
[2025-02-04T23:19:52.784+0000] {processor.py:208} INFO - Processing /home/airflow/.local/lib/python3.12/site-packages/airflow/example_dags/example_dataset_alias.py took 1.210 seconds
[2025-02-04T23:20:23.512+0000] {processor.py:186} INFO - Started process (PID=149) to work on /home/airflow/.local/lib/python3.12/site-packages/airflow/example_dags/example_dataset_alias.py
[2025-02-04T23:20:23.513+0000] {processor.py:914} INFO - Processing file /home/airflow/.local/lib/python3.12/site-packages/airflow/example_dags/example_dataset_alias.py for tasks to queue
[2025-02-04T23:20:23.515+0000] {logging_mixin.py:190} INFO - [2025-02-04T23:20:23.515+0000] {dagbag.py:588} INFO - Filling up the DagBag from /home/airflow/.local/lib/python3.12/site-packages/airflow/example_dags/example_dataset_alias.py
[2025-02-04T23:20:24.087+0000] {processor.py:925} INFO - DAG(s) 'dataset_alias_example_alias_producer', 'dataset_s3_bucket_consumer', 'dataset_alias_example_alias_consumer', 'dataset_s3_bucket_producer' retrieved from /home/airflow/.local/lib/python3.12/site-packages/airflow/example_dags/example_dataset_alias.py
[2025-02-04T23:20:24.104+0000] {logging_mixin.py:190} INFO - [2025-02-04T23:20:24.103+0000] {dag.py:3239} INFO - Sync 4 DAGs
[2025-02-04T23:20:24.121+0000] {logging_mixin.py:190} INFO - [2025-02-04T23:20:24.120+0000] {dag.py:4180} INFO - Setting next_dagrun for dataset_alias_example_alias_consumer to None, run_after=None
[2025-02-04T23:20:24.123+0000] {logging_mixin.py:190} INFO - [2025-02-04T23:20:24.123+0000] {dag.py:4180} INFO - Setting next_dagrun for dataset_alias_example_alias_producer to None, run_after=None
[2025-02-04T23:20:24.124+0000] {logging_mixin.py:190} INFO - [2025-02-04T23:20:24.124+0000] {dag.py:4180} INFO - Setting next_dagrun for dataset_s3_bucket_consumer to None, run_after=None
[2025-02-04T23:20:24.125+0000] {logging_mixin.py:190} INFO - [2025-02-04T23:20:24.125+0000] {dag.py:4180} INFO - Setting next_dagrun for dataset_s3_bucket_producer to None, run_after=None
[2025-02-04T23:20:24.146+0000] {processor.py:208} INFO - Processing /home/airflow/.local/lib/python3.12/site-packages/airflow/example_dags/example_dataset_alias.py took 0.638 seconds
[2025-02-04T23:20:54.261+0000] {processor.py:186} INFO - Started process (PID=205) to work on /home/airflow/.local/lib/python3.12/site-packages/airflow/example_dags/example_dataset_alias.py
[2025-02-04T23:20:54.263+0000] {processor.py:914} INFO - Processing file /home/airflow/.local/lib/python3.12/site-packages/airflow/example_dags/example_dataset_alias.py for tasks to queue
[2025-02-04T23:20:54.265+0000] {logging_mixin.py:190} INFO - [2025-02-04T23:20:54.265+0000] {dagbag.py:588} INFO - Filling up the DagBag from /home/airflow/.local/lib/python3.12/site-packages/airflow/example_dags/example_dataset_alias.py
[2025-02-04T23:20:54.810+0000] {processor.py:925} INFO - DAG(s) 'dataset_s3_bucket_consumer', 'dataset_alias_example_alias_consumer', 'dataset_alias_example_alias_producer', 'dataset_s3_bucket_producer' retrieved from /home/airflow/.local/lib/python3.12/site-packages/airflow/example_dags/example_dataset_alias.py
[2025-02-04T23:20:54.830+0000] {logging_mixin.py:190} INFO - [2025-02-04T23:20:54.830+0000] {dag.py:3239} INFO - Sync 4 DAGs
[2025-02-04T23:20:54.853+0000] {logging_mixin.py:190} INFO - [2025-02-04T23:20:54.853+0000] {dag.py:4180} INFO - Setting next_dagrun for dataset_alias_example_alias_consumer to None, run_after=None
[2025-02-04T23:20:54.855+0000] {logging_mixin.py:190} INFO - [2025-02-04T23:20:54.855+0000] {dag.py:4180} INFO - Setting next_dagrun for dataset_alias_example_alias_producer to None, run_after=None
[2025-02-04T23:20:54.857+0000] {logging_mixin.py:190} INFO - [2025-02-04T23:20:54.857+0000] {dag.py:4180} INFO - Setting next_dagrun for dataset_s3_bucket_consumer to None, run_after=None
[2025-02-04T23:20:54.858+0000] {logging_mixin.py:190} INFO - [2025-02-04T23:20:54.858+0000] {dag.py:4180} INFO - Setting next_dagrun for dataset_s3_bucket_producer to None, run_after=None
[2025-02-04T23:20:54.880+0000] {processor.py:208} INFO - Processing /home/airflow/.local/lib/python3.12/site-packages/airflow/example_dags/example_dataset_alias.py took 0.624 seconds
