[2025-02-04T23:19:47.223+0000] {processor.py:186} INFO - Started process (PID=69) to work on /home/airflow/.local/lib/python3.12/site-packages/airflow/example_dags/example_bash_decorator.py
[2025-02-04T23:19:47.224+0000] {processor.py:914} INFO - Processing file /home/airflow/.local/lib/python3.12/site-packages/airflow/example_dags/example_bash_decorator.py for tasks to queue
[2025-02-04T23:19:47.227+0000] {logging_mixin.py:190} INFO - [2025-02-04T23:19:47.226+0000] {dagbag.py:588} INFO - Filling up the DagBag from /home/airflow/.local/lib/python3.12/site-packages/airflow/example_dags/example_bash_decorator.py
[2025-02-04T23:19:47.255+0000] {processor.py:925} INFO - DAG(s) 'example_bash_decorator' retrieved from /home/airflow/.local/lib/python3.12/site-packages/airflow/example_dags/example_bash_decorator.py
[2025-02-04T23:19:47.378+0000] {logging_mixin.py:190} INFO - [2025-02-04T23:19:47.377+0000] {override.py:1911} INFO - Created Permission View: can edit on DAG:example_bash_decorator
[2025-02-04T23:19:47.390+0000] {logging_mixin.py:190} INFO - [2025-02-04T23:19:47.390+0000] {override.py:1911} INFO - Created Permission View: can read on DAG:example_bash_decorator
[2025-02-04T23:19:47.399+0000] {logging_mixin.py:190} INFO - [2025-02-04T23:19:47.399+0000] {override.py:1911} INFO - Created Permission View: can delete on DAG:example_bash_decorator
[2025-02-04T23:19:47.411+0000] {logging_mixin.py:190} INFO - [2025-02-04T23:19:47.410+0000] {override.py:1911} INFO - Created Permission View: can delete on DAG Run:example_bash_decorator
[2025-02-04T23:19:47.419+0000] {logging_mixin.py:190} INFO - [2025-02-04T23:19:47.419+0000] {override.py:1911} INFO - Created Permission View: can read on DAG Run:example_bash_decorator
[2025-02-04T23:19:47.427+0000] {logging_mixin.py:190} INFO - [2025-02-04T23:19:47.427+0000] {override.py:1911} INFO - Created Permission View: can create on DAG Run:example_bash_decorator
[2025-02-04T23:19:47.436+0000] {logging_mixin.py:190} INFO - [2025-02-04T23:19:47.436+0000] {override.py:1911} INFO - Created Permission View: menu access on DAG Run:example_bash_decorator
[2025-02-04T23:19:47.437+0000] {logging_mixin.py:190} INFO - [2025-02-04T23:19:47.437+0000] {dag.py:3239} INFO - Sync 1 DAGs
[2025-02-04T23:19:47.453+0000] {logging_mixin.py:190} INFO - [2025-02-04T23:19:47.453+0000] {dag.py:3262} INFO - Creating ORM DAG for example_bash_decorator
[2025-02-04T23:19:47.454+0000] {logging_mixin.py:190} INFO - [2025-02-04T23:19:47.454+0000] {dag.py:4180} INFO - Setting next_dagrun for example_bash_decorator to None, run_after=None
[2025-02-04T23:19:47.474+0000] {processor.py:208} INFO - Processing /home/airflow/.local/lib/python3.12/site-packages/airflow/example_dags/example_bash_decorator.py took 0.259 seconds
[2025-02-04T23:20:18.150+0000] {processor.py:186} INFO - Started process (PID=132) to work on /home/airflow/.local/lib/python3.12/site-packages/airflow/example_dags/example_bash_decorator.py
[2025-02-04T23:20:18.151+0000] {processor.py:914} INFO - Processing file /home/airflow/.local/lib/python3.12/site-packages/airflow/example_dags/example_bash_decorator.py for tasks to queue
[2025-02-04T23:20:18.152+0000] {logging_mixin.py:190} INFO - [2025-02-04T23:20:18.152+0000] {dagbag.py:588} INFO - Filling up the DagBag from /home/airflow/.local/lib/python3.12/site-packages/airflow/example_dags/example_bash_decorator.py
[2025-02-04T23:20:18.162+0000] {processor.py:925} INFO - DAG(s) 'example_bash_decorator' retrieved from /home/airflow/.local/lib/python3.12/site-packages/airflow/example_dags/example_bash_decorator.py
[2025-02-04T23:20:18.179+0000] {logging_mixin.py:190} INFO - [2025-02-04T23:20:18.179+0000] {dag.py:3239} INFO - Sync 1 DAGs
[2025-02-04T23:20:18.188+0000] {logging_mixin.py:190} INFO - [2025-02-04T23:20:18.188+0000] {dag.py:4180} INFO - Setting next_dagrun for example_bash_decorator to None, run_after=None
[2025-02-04T23:20:18.202+0000] {processor.py:208} INFO - Processing /home/airflow/.local/lib/python3.12/site-packages/airflow/example_dags/example_bash_decorator.py took 0.056 seconds
[2025-02-04T23:20:50.145+0000] {processor.py:186} INFO - Started process (PID=195) to work on /home/airflow/.local/lib/python3.12/site-packages/airflow/example_dags/example_bash_decorator.py
[2025-02-04T23:20:50.146+0000] {processor.py:914} INFO - Processing file /home/airflow/.local/lib/python3.12/site-packages/airflow/example_dags/example_bash_decorator.py for tasks to queue
[2025-02-04T23:20:50.148+0000] {logging_mixin.py:190} INFO - [2025-02-04T23:20:50.148+0000] {dagbag.py:588} INFO - Filling up the DagBag from /home/airflow/.local/lib/python3.12/site-packages/airflow/example_dags/example_bash_decorator.py
[2025-02-04T23:20:50.160+0000] {processor.py:925} INFO - DAG(s) 'example_bash_decorator' retrieved from /home/airflow/.local/lib/python3.12/site-packages/airflow/example_dags/example_bash_decorator.py
[2025-02-04T23:20:50.179+0000] {logging_mixin.py:190} INFO - [2025-02-04T23:20:50.179+0000] {dag.py:3239} INFO - Sync 1 DAGs
[2025-02-04T23:20:50.191+0000] {logging_mixin.py:190} INFO - [2025-02-04T23:20:50.190+0000] {dag.py:4180} INFO - Setting next_dagrun for example_bash_decorator to None, run_after=None
[2025-02-04T23:20:50.209+0000] {processor.py:208} INFO - Processing /home/airflow/.local/lib/python3.12/site-packages/airflow/example_dags/example_bash_decorator.py took 0.069 seconds
