[2025-02-04T23:19:52.759+0000] {processor.py:186} INFO - Started process (PID=89) to work on /home/airflow/.local/lib/python3.12/site-packages/airflow/example_dags/example_branch_datetime_operator.py
[2025-02-04T23:19:52.760+0000] {processor.py:914} INFO - Processing file /home/airflow/.local/lib/python3.12/site-packages/airflow/example_dags/example_branch_datetime_operator.py for tasks to queue
[2025-02-04T23:19:52.762+0000] {logging_mixin.py:190} INFO - [2025-02-04T23:19:52.762+0000] {dagbag.py:588} INFO - Filling up the DagBag from /home/airflow/.local/lib/python3.12/site-packages/airflow/example_dags/example_branch_datetime_operator.py
[2025-02-04T23:19:52.775+0000] {processor.py:925} INFO - DAG(s) 'example_branch_datetime_operator_3', 'example_branch_datetime_operator', 'example_branch_datetime_operator_2' retrieved from /home/airflow/.local/lib/python3.12/site-packages/airflow/example_dags/example_branch_datetime_operator.py
[2025-02-04T23:19:52.895+0000] {logging_mixin.py:190} INFO - [2025-02-04T23:19:52.894+0000] {override.py:1911} INFO - Created Permission View: can edit on DAG:example_branch_datetime_operator_3
[2025-02-04T23:19:52.907+0000] {logging_mixin.py:190} INFO - [2025-02-04T23:19:52.906+0000] {override.py:1911} INFO - Created Permission View: can read on DAG:example_branch_datetime_operator_3
[2025-02-04T23:19:52.918+0000] {logging_mixin.py:190} INFO - [2025-02-04T23:19:52.918+0000] {override.py:1911} INFO - Created Permission View: can delete on DAG:example_branch_datetime_operator_3
[2025-02-04T23:19:52.934+0000] {logging_mixin.py:190} INFO - [2025-02-04T23:19:52.934+0000] {override.py:1911} INFO - Created Permission View: can delete on DAG Run:example_branch_datetime_operator_3
[2025-02-04T23:19:52.945+0000] {logging_mixin.py:190} INFO - [2025-02-04T23:19:52.944+0000] {override.py:1911} INFO - Created Permission View: can read on DAG Run:example_branch_datetime_operator_3
[2025-02-04T23:19:52.958+0000] {logging_mixin.py:190} INFO - [2025-02-04T23:19:52.958+0000] {override.py:1911} INFO - Created Permission View: can create on DAG Run:example_branch_datetime_operator_3
[2025-02-04T23:19:52.971+0000] {logging_mixin.py:190} INFO - [2025-02-04T23:19:52.970+0000] {override.py:1911} INFO - Created Permission View: menu access on DAG Run:example_branch_datetime_operator_3
[2025-02-04T23:19:52.991+0000] {logging_mixin.py:190} INFO - [2025-02-04T23:19:52.991+0000] {override.py:1911} INFO - Created Permission View: can edit on DAG:example_branch_datetime_operator
[2025-02-04T23:19:53.001+0000] {logging_mixin.py:190} INFO - [2025-02-04T23:19:53.000+0000] {override.py:1911} INFO - Created Permission View: can read on DAG:example_branch_datetime_operator
[2025-02-04T23:19:53.009+0000] {logging_mixin.py:190} INFO - [2025-02-04T23:19:53.009+0000] {override.py:1911} INFO - Created Permission View: can delete on DAG:example_branch_datetime_operator
[2025-02-04T23:19:53.021+0000] {logging_mixin.py:190} INFO - [2025-02-04T23:19:53.021+0000] {override.py:1911} INFO - Created Permission View: can delete on DAG Run:example_branch_datetime_operator
[2025-02-04T23:19:53.030+0000] {logging_mixin.py:190} INFO - [2025-02-04T23:19:53.030+0000] {override.py:1911} INFO - Created Permission View: can read on DAG Run:example_branch_datetime_operator
[2025-02-04T23:19:53.039+0000] {logging_mixin.py:190} INFO - [2025-02-04T23:19:53.038+0000] {override.py:1911} INFO - Created Permission View: can create on DAG Run:example_branch_datetime_operator
[2025-02-04T23:19:53.047+0000] {logging_mixin.py:190} INFO - [2025-02-04T23:19:53.047+0000] {override.py:1911} INFO - Created Permission View: menu access on DAG Run:example_branch_datetime_operator
[2025-02-04T23:19:53.063+0000] {logging_mixin.py:190} INFO - [2025-02-04T23:19:53.063+0000] {override.py:1911} INFO - Created Permission View: can edit on DAG:example_branch_datetime_operator_2
[2025-02-04T23:19:53.072+0000] {logging_mixin.py:190} INFO - [2025-02-04T23:19:53.072+0000] {override.py:1911} INFO - Created Permission View: can read on DAG:example_branch_datetime_operator_2
[2025-02-04T23:19:53.081+0000] {logging_mixin.py:190} INFO - [2025-02-04T23:19:53.081+0000] {override.py:1911} INFO - Created Permission View: can delete on DAG:example_branch_datetime_operator_2
[2025-02-04T23:19:53.093+0000] {logging_mixin.py:190} INFO - [2025-02-04T23:19:53.092+0000] {override.py:1911} INFO - Created Permission View: can delete on DAG Run:example_branch_datetime_operator_2
[2025-02-04T23:19:53.101+0000] {logging_mixin.py:190} INFO - [2025-02-04T23:19:53.101+0000] {override.py:1911} INFO - Created Permission View: can read on DAG Run:example_branch_datetime_operator_2
[2025-02-04T23:19:53.110+0000] {logging_mixin.py:190} INFO - [2025-02-04T23:19:53.109+0000] {override.py:1911} INFO - Created Permission View: can create on DAG Run:example_branch_datetime_operator_2
[2025-02-04T23:19:53.119+0000] {logging_mixin.py:190} INFO - [2025-02-04T23:19:53.119+0000] {override.py:1911} INFO - Created Permission View: menu access on DAG Run:example_branch_datetime_operator_2
[2025-02-04T23:19:53.119+0000] {logging_mixin.py:190} INFO - [2025-02-04T23:19:53.119+0000] {dag.py:3239} INFO - Sync 3 DAGs
[2025-02-04T23:19:53.132+0000] {logging_mixin.py:190} INFO - [2025-02-04T23:19:53.132+0000] {dag.py:3262} INFO - Creating ORM DAG for example_branch_datetime_operator_2
[2025-02-04T23:19:53.133+0000] {logging_mixin.py:190} INFO - [2025-02-04T23:19:53.133+0000] {dag.py:3262} INFO - Creating ORM DAG for example_branch_datetime_operator
[2025-02-04T23:19:53.134+0000] {logging_mixin.py:190} INFO - [2025-02-04T23:19:53.134+0000] {dag.py:3262} INFO - Creating ORM DAG for example_branch_datetime_operator_3
[2025-02-04T23:19:53.144+0000] {logging_mixin.py:190} INFO - [2025-02-04T23:19:53.144+0000] {dag.py:4180} INFO - Setting next_dagrun for example_branch_datetime_operator to 2025-02-03 00:00:00+00:00, run_after=2025-02-04 00:00:00+00:00
[2025-02-04T23:19:53.146+0000] {logging_mixin.py:190} INFO - [2025-02-04T23:19:53.145+0000] {dag.py:4180} INFO - Setting next_dagrun for example_branch_datetime_operator_2 to 2025-02-03 00:00:00+00:00, run_after=2025-02-04 00:00:00+00:00
[2025-02-04T23:19:53.147+0000] {logging_mixin.py:190} INFO - [2025-02-04T23:19:53.147+0000] {dag.py:4180} INFO - Setting next_dagrun for example_branch_datetime_operator_3 to 2025-02-03 00:00:00+00:00, run_after=2025-02-04 00:00:00+00:00
[2025-02-04T23:19:53.169+0000] {processor.py:208} INFO - Processing /home/airflow/.local/lib/python3.12/site-packages/airflow/example_dags/example_branch_datetime_operator.py took 0.415 seconds
[2025-02-04T23:20:23.736+0000] {processor.py:186} INFO - Started process (PID=152) to work on /home/airflow/.local/lib/python3.12/site-packages/airflow/example_dags/example_branch_datetime_operator.py
[2025-02-04T23:20:23.737+0000] {processor.py:914} INFO - Processing file /home/airflow/.local/lib/python3.12/site-packages/airflow/example_dags/example_branch_datetime_operator.py for tasks to queue
[2025-02-04T23:20:23.739+0000] {logging_mixin.py:190} INFO - [2025-02-04T23:20:23.739+0000] {dagbag.py:588} INFO - Filling up the DagBag from /home/airflow/.local/lib/python3.12/site-packages/airflow/example_dags/example_branch_datetime_operator.py
[2025-02-04T23:20:23.752+0000] {processor.py:925} INFO - DAG(s) 'example_branch_datetime_operator_3', 'example_branch_datetime_operator', 'example_branch_datetime_operator_2' retrieved from /home/airflow/.local/lib/python3.12/site-packages/airflow/example_dags/example_branch_datetime_operator.py
[2025-02-04T23:20:23.780+0000] {logging_mixin.py:190} INFO - [2025-02-04T23:20:23.779+0000] {dag.py:3239} INFO - Sync 3 DAGs
[2025-02-04T23:20:23.805+0000] {logging_mixin.py:190} INFO - [2025-02-04T23:20:23.805+0000] {dag.py:4180} INFO - Setting next_dagrun for example_branch_datetime_operator to 2025-02-03 00:00:00+00:00, run_after=2025-02-04 00:00:00+00:00
[2025-02-04T23:20:23.810+0000] {logging_mixin.py:190} INFO - [2025-02-04T23:20:23.810+0000] {dag.py:4180} INFO - Setting next_dagrun for example_branch_datetime_operator_2 to 2025-02-03 00:00:00+00:00, run_after=2025-02-04 00:00:00+00:00
[2025-02-04T23:20:23.812+0000] {logging_mixin.py:190} INFO - [2025-02-04T23:20:23.812+0000] {dag.py:4180} INFO - Setting next_dagrun for example_branch_datetime_operator_3 to 2025-02-03 00:00:00+00:00, run_after=2025-02-04 00:00:00+00:00
[2025-02-04T23:20:23.830+0000] {processor.py:208} INFO - Processing /home/airflow/.local/lib/python3.12/site-packages/airflow/example_dags/example_branch_datetime_operator.py took 0.100 seconds
[2025-02-04T23:20:54.536+0000] {processor.py:186} INFO - Started process (PID=209) to work on /home/airflow/.local/lib/python3.12/site-packages/airflow/example_dags/example_branch_datetime_operator.py
[2025-02-04T23:20:54.537+0000] {processor.py:914} INFO - Processing file /home/airflow/.local/lib/python3.12/site-packages/airflow/example_dags/example_branch_datetime_operator.py for tasks to queue
[2025-02-04T23:20:54.539+0000] {logging_mixin.py:190} INFO - [2025-02-04T23:20:54.539+0000] {dagbag.py:588} INFO - Filling up the DagBag from /home/airflow/.local/lib/python3.12/site-packages/airflow/example_dags/example_branch_datetime_operator.py
[2025-02-04T23:20:54.550+0000] {processor.py:925} INFO - DAG(s) 'example_branch_datetime_operator', 'example_branch_datetime_operator_3', 'example_branch_datetime_operator_2' retrieved from /home/airflow/.local/lib/python3.12/site-packages/airflow/example_dags/example_branch_datetime_operator.py
[2025-02-04T23:20:54.574+0000] {logging_mixin.py:190} INFO - [2025-02-04T23:20:54.574+0000] {dag.py:3239} INFO - Sync 3 DAGs
[2025-02-04T23:20:54.597+0000] {logging_mixin.py:190} INFO - [2025-02-04T23:20:54.597+0000] {dag.py:4180} INFO - Setting next_dagrun for example_branch_datetime_operator to 2025-02-03 00:00:00+00:00, run_after=2025-02-04 00:00:00+00:00
[2025-02-04T23:20:54.601+0000] {logging_mixin.py:190} INFO - [2025-02-04T23:20:54.601+0000] {dag.py:4180} INFO - Setting next_dagrun for example_branch_datetime_operator_2 to 2025-02-03 00:00:00+00:00, run_after=2025-02-04 00:00:00+00:00
[2025-02-04T23:20:54.603+0000] {logging_mixin.py:190} INFO - [2025-02-04T23:20:54.603+0000] {dag.py:4180} INFO - Setting next_dagrun for example_branch_datetime_operator_3 to 2025-02-03 00:00:00+00:00, run_after=2025-02-04 00:00:00+00:00
[2025-02-04T23:20:54.621+0000] {processor.py:208} INFO - Processing /home/airflow/.local/lib/python3.12/site-packages/airflow/example_dags/example_branch_datetime_operator.py took 0.091 seconds
