[2025-02-04T23:19:51.679+0000] {processor.py:186} INFO - Started process (PID=85) to work on /home/airflow/.local/lib/python3.12/site-packages/airflow/example_dags/example_dynamic_task_mapping.py
[2025-02-04T23:19:51.680+0000] {processor.py:914} INFO - Processing file /home/airflow/.local/lib/python3.12/site-packages/airflow/example_dags/example_dynamic_task_mapping.py for tasks to queue
[2025-02-04T23:19:51.692+0000] {logging_mixin.py:190} INFO - [2025-02-04T23:19:51.692+0000] {dagbag.py:588} INFO - Filling up the DagBag from /home/airflow/.local/lib/python3.12/site-packages/airflow/example_dags/example_dynamic_task_mapping.py
[2025-02-04T23:19:51.708+0000] {processor.py:925} INFO - DAG(s) 'example_dynamic_task_mapping' retrieved from /home/airflow/.local/lib/python3.12/site-packages/airflow/example_dags/example_dynamic_task_mapping.py
[2025-02-04T23:19:51.862+0000] {logging_mixin.py:190} INFO - [2025-02-04T23:19:51.861+0000] {override.py:1911} INFO - Created Permission View: can edit on DAG:example_dynamic_task_mapping
[2025-02-04T23:19:51.879+0000] {logging_mixin.py:190} INFO - [2025-02-04T23:19:51.878+0000] {override.py:1911} INFO - Created Permission View: can read on DAG:example_dynamic_task_mapping
[2025-02-04T23:19:51.890+0000] {logging_mixin.py:190} INFO - [2025-02-04T23:19:51.889+0000] {override.py:1911} INFO - Created Permission View: can delete on DAG:example_dynamic_task_mapping
[2025-02-04T23:19:51.903+0000] {logging_mixin.py:190} INFO - [2025-02-04T23:19:51.903+0000] {override.py:1911} INFO - Created Permission View: can delete on DAG Run:example_dynamic_task_mapping
[2025-02-04T23:19:51.914+0000] {logging_mixin.py:190} INFO - [2025-02-04T23:19:51.913+0000] {override.py:1911} INFO - Created Permission View: can read on DAG Run:example_dynamic_task_mapping
[2025-02-04T23:19:51.924+0000] {logging_mixin.py:190} INFO - [2025-02-04T23:19:51.924+0000] {override.py:1911} INFO - Created Permission View: can create on DAG Run:example_dynamic_task_mapping
[2025-02-04T23:19:51.934+0000] {logging_mixin.py:190} INFO - [2025-02-04T23:19:51.934+0000] {override.py:1911} INFO - Created Permission View: menu access on DAG Run:example_dynamic_task_mapping
[2025-02-04T23:19:51.935+0000] {logging_mixin.py:190} INFO - [2025-02-04T23:19:51.934+0000] {dag.py:3239} INFO - Sync 1 DAGs
[2025-02-04T23:19:51.954+0000] {logging_mixin.py:190} INFO - [2025-02-04T23:19:51.953+0000] {dag.py:3262} INFO - Creating ORM DAG for example_dynamic_task_mapping
[2025-02-04T23:19:51.955+0000] {logging_mixin.py:190} INFO - [2025-02-04T23:19:51.954+0000] {dag.py:4180} INFO - Setting next_dagrun for example_dynamic_task_mapping to None, run_after=None
[2025-02-04T23:19:51.978+0000] {processor.py:208} INFO - Processing /home/airflow/.local/lib/python3.12/site-packages/airflow/example_dags/example_dynamic_task_mapping.py took 0.309 seconds
[2025-02-04T23:20:23.428+0000] {processor.py:186} INFO - Started process (PID=147) to work on /home/airflow/.local/lib/python3.12/site-packages/airflow/example_dags/example_dynamic_task_mapping.py
[2025-02-04T23:20:23.429+0000] {processor.py:914} INFO - Processing file /home/airflow/.local/lib/python3.12/site-packages/airflow/example_dags/example_dynamic_task_mapping.py for tasks to queue
[2025-02-04T23:20:23.431+0000] {logging_mixin.py:190} INFO - [2025-02-04T23:20:23.431+0000] {dagbag.py:588} INFO - Filling up the DagBag from /home/airflow/.local/lib/python3.12/site-packages/airflow/example_dags/example_dynamic_task_mapping.py
[2025-02-04T23:20:23.438+0000] {processor.py:925} INFO - DAG(s) 'example_dynamic_task_mapping' retrieved from /home/airflow/.local/lib/python3.12/site-packages/airflow/example_dags/example_dynamic_task_mapping.py
[2025-02-04T23:20:23.458+0000] {logging_mixin.py:190} INFO - [2025-02-04T23:20:23.458+0000] {dag.py:3239} INFO - Sync 1 DAGs
[2025-02-04T23:20:23.472+0000] {logging_mixin.py:190} INFO - [2025-02-04T23:20:23.472+0000] {dag.py:4180} INFO - Setting next_dagrun for example_dynamic_task_mapping to None, run_after=None
[2025-02-04T23:20:23.492+0000] {processor.py:208} INFO - Processing /home/airflow/.local/lib/python3.12/site-packages/airflow/example_dags/example_dynamic_task_mapping.py took 0.069 seconds
[2025-02-04T23:20:54.170+0000] {processor.py:186} INFO - Started process (PID=204) to work on /home/airflow/.local/lib/python3.12/site-packages/airflow/example_dags/example_dynamic_task_mapping.py
[2025-02-04T23:20:54.172+0000] {processor.py:914} INFO - Processing file /home/airflow/.local/lib/python3.12/site-packages/airflow/example_dags/example_dynamic_task_mapping.py for tasks to queue
[2025-02-04T23:20:54.175+0000] {logging_mixin.py:190} INFO - [2025-02-04T23:20:54.175+0000] {dagbag.py:588} INFO - Filling up the DagBag from /home/airflow/.local/lib/python3.12/site-packages/airflow/example_dags/example_dynamic_task_mapping.py
[2025-02-04T23:20:54.184+0000] {processor.py:925} INFO - DAG(s) 'example_dynamic_task_mapping' retrieved from /home/airflow/.local/lib/python3.12/site-packages/airflow/example_dags/example_dynamic_task_mapping.py
[2025-02-04T23:20:54.206+0000] {logging_mixin.py:190} INFO - [2025-02-04T23:20:54.206+0000] {dag.py:3239} INFO - Sync 1 DAGs
[2025-02-04T23:20:54.219+0000] {logging_mixin.py:190} INFO - [2025-02-04T23:20:54.219+0000] {dag.py:4180} INFO - Setting next_dagrun for example_dynamic_task_mapping to None, run_after=None
[2025-02-04T23:20:54.240+0000] {processor.py:208} INFO - Processing /home/airflow/.local/lib/python3.12/site-packages/airflow/example_dags/example_dynamic_task_mapping.py took 0.077 seconds
