[2025-02-04T23:19:56.575+0000] {processor.py:186} INFO - Started process (PID=112) to work on /home/airflow/.local/lib/python3.12/site-packages/airflow/example_dags/tutorial_objectstorage.py
[2025-02-04T23:19:56.575+0000] {processor.py:914} INFO - Processing file /home/airflow/.local/lib/python3.12/site-packages/airflow/example_dags/tutorial_objectstorage.py for tasks to queue
[2025-02-04T23:19:56.578+0000] {logging_mixin.py:190} INFO - [2025-02-04T23:19:56.577+0000] {dagbag.py:588} INFO - Filling up the DagBag from /home/airflow/.local/lib/python3.12/site-packages/airflow/example_dags/tutorial_objectstorage.py
[2025-02-04T23:19:56.589+0000] {processor.py:925} INFO - DAG(s) 'tutorial_objectstorage' retrieved from /home/airflow/.local/lib/python3.12/site-packages/airflow/example_dags/tutorial_objectstorage.py
[2025-02-04T23:19:56.695+0000] {logging_mixin.py:190} INFO - [2025-02-04T23:19:56.694+0000] {override.py:1911} INFO - Created Permission View: can edit on DAG:tutorial_objectstorage
[2025-02-04T23:19:56.706+0000] {logging_mixin.py:190} INFO - [2025-02-04T23:19:56.706+0000] {override.py:1911} INFO - Created Permission View: can read on DAG:tutorial_objectstorage
[2025-02-04T23:19:56.714+0000] {logging_mixin.py:190} INFO - [2025-02-04T23:19:56.714+0000] {override.py:1911} INFO - Created Permission View: can delete on DAG:tutorial_objectstorage
[2025-02-04T23:19:56.726+0000] {logging_mixin.py:190} INFO - [2025-02-04T23:19:56.725+0000] {override.py:1911} INFO - Created Permission View: can delete on DAG Run:tutorial_objectstorage
[2025-02-04T23:19:56.734+0000] {logging_mixin.py:190} INFO - [2025-02-04T23:19:56.733+0000] {override.py:1911} INFO - Created Permission View: can read on DAG Run:tutorial_objectstorage
[2025-02-04T23:19:56.742+0000] {logging_mixin.py:190} INFO - [2025-02-04T23:19:56.741+0000] {override.py:1911} INFO - Created Permission View: can create on DAG Run:tutorial_objectstorage
[2025-02-04T23:19:56.750+0000] {logging_mixin.py:190} INFO - [2025-02-04T23:19:56.749+0000] {override.py:1911} INFO - Created Permission View: menu access on DAG Run:tutorial_objectstorage
[2025-02-04T23:19:56.750+0000] {logging_mixin.py:190} INFO - [2025-02-04T23:19:56.750+0000] {dag.py:3239} INFO - Sync 1 DAGs
[2025-02-04T23:19:56.761+0000] {logging_mixin.py:190} INFO - [2025-02-04T23:19:56.760+0000] {dag.py:3262} INFO - Creating ORM DAG for tutorial_objectstorage
[2025-02-04T23:19:56.761+0000] {logging_mixin.py:190} INFO - [2025-02-04T23:19:56.761+0000] {dag.py:4180} INFO - Setting next_dagrun for tutorial_objectstorage to None, run_after=None
[2025-02-04T23:19:56.776+0000] {processor.py:208} INFO - Processing /home/airflow/.local/lib/python3.12/site-packages/airflow/example_dags/tutorial_objectstorage.py took 0.208 seconds
[2025-02-04T23:20:28.273+0000] {processor.py:186} INFO - Started process (PID=175) to work on /home/airflow/.local/lib/python3.12/site-packages/airflow/example_dags/tutorial_objectstorage.py
[2025-02-04T23:20:28.274+0000] {processor.py:914} INFO - Processing file /home/airflow/.local/lib/python3.12/site-packages/airflow/example_dags/tutorial_objectstorage.py for tasks to queue
[2025-02-04T23:20:28.277+0000] {logging_mixin.py:190} INFO - [2025-02-04T23:20:28.276+0000] {dagbag.py:588} INFO - Filling up the DagBag from /home/airflow/.local/lib/python3.12/site-packages/airflow/example_dags/tutorial_objectstorage.py
[2025-02-04T23:20:28.287+0000] {processor.py:925} INFO - DAG(s) 'tutorial_objectstorage' retrieved from /home/airflow/.local/lib/python3.12/site-packages/airflow/example_dags/tutorial_objectstorage.py
[2025-02-04T23:20:28.310+0000] {logging_mixin.py:190} INFO - [2025-02-04T23:20:28.310+0000] {dag.py:3239} INFO - Sync 1 DAGs
[2025-02-04T23:20:28.329+0000] {logging_mixin.py:190} INFO - [2025-02-04T23:20:28.329+0000] {dag.py:4180} INFO - Setting next_dagrun for tutorial_objectstorage to None, run_after=None
[2025-02-04T23:20:28.353+0000] {processor.py:208} INFO - Processing /home/airflow/.local/lib/python3.12/site-packages/airflow/example_dags/tutorial_objectstorage.py took 0.086 seconds
