[2025-02-04T23:19:54.712+0000] {processor.py:186} INFO - Started process (PID=104) to work on /home/airflow/.local/lib/python3.12/site-packages/airflow/example_dags/tutorial.py
[2025-02-04T23:19:54.713+0000] {processor.py:914} INFO - Processing file /home/airflow/.local/lib/python3.12/site-packages/airflow/example_dags/tutorial.py for tasks to queue
[2025-02-04T23:19:54.715+0000] {logging_mixin.py:190} INFO - [2025-02-04T23:19:54.715+0000] {dagbag.py:588} INFO - Filling up the DagBag from /home/airflow/.local/lib/python3.12/site-packages/airflow/example_dags/tutorial.py
[2025-02-04T23:19:54.723+0000] {processor.py:925} INFO - DAG(s) 'tutorial' retrieved from /home/airflow/.local/lib/python3.12/site-packages/airflow/example_dags/tutorial.py
[2025-02-04T23:19:54.822+0000] {logging_mixin.py:190} INFO - [2025-02-04T23:19:54.822+0000] {override.py:1911} INFO - Created Permission View: can edit on DAG:tutorial
[2025-02-04T23:19:54.833+0000] {logging_mixin.py:190} INFO - [2025-02-04T23:19:54.833+0000] {override.py:1911} INFO - Created Permission View: can read on DAG:tutorial
[2025-02-04T23:19:54.841+0000] {logging_mixin.py:190} INFO - [2025-02-04T23:19:54.841+0000] {override.py:1911} INFO - Created Permission View: can delete on DAG:tutorial
[2025-02-04T23:19:54.852+0000] {logging_mixin.py:190} INFO - [2025-02-04T23:19:54.852+0000] {override.py:1911} INFO - Created Permission View: can delete on DAG Run:tutorial
[2025-02-04T23:19:54.859+0000] {logging_mixin.py:190} INFO - [2025-02-04T23:19:54.859+0000] {override.py:1911} INFO - Created Permission View: can read on DAG Run:tutorial
[2025-02-04T23:19:54.866+0000] {logging_mixin.py:190} INFO - [2025-02-04T23:19:54.866+0000] {override.py:1911} INFO - Created Permission View: can create on DAG Run:tutorial
[2025-02-04T23:19:54.874+0000] {logging_mixin.py:190} INFO - [2025-02-04T23:19:54.874+0000] {override.py:1911} INFO - Created Permission View: menu access on DAG Run:tutorial
[2025-02-04T23:19:54.874+0000] {logging_mixin.py:190} INFO - [2025-02-04T23:19:54.874+0000] {dag.py:3239} INFO - Sync 1 DAGs
[2025-02-04T23:19:54.885+0000] {logging_mixin.py:190} INFO - [2025-02-04T23:19:54.884+0000] {dag.py:3262} INFO - Creating ORM DAG for tutorial
[2025-02-04T23:19:54.894+0000] {logging_mixin.py:190} INFO - [2025-02-04T23:19:54.894+0000] {dag.py:4180} INFO - Setting next_dagrun for tutorial to 2025-02-03 00:00:00+00:00, run_after=2025-02-04 00:00:00+00:00
[2025-02-04T23:19:54.909+0000] {processor.py:208} INFO - Processing /home/airflow/.local/lib/python3.12/site-packages/airflow/example_dags/tutorial.py took 0.202 seconds
[2025-02-04T23:20:25.565+0000] {processor.py:186} INFO - Started process (PID=167) to work on /home/airflow/.local/lib/python3.12/site-packages/airflow/example_dags/tutorial.py
[2025-02-04T23:20:25.566+0000] {processor.py:914} INFO - Processing file /home/airflow/.local/lib/python3.12/site-packages/airflow/example_dags/tutorial.py for tasks to queue
[2025-02-04T23:20:25.569+0000] {logging_mixin.py:190} INFO - [2025-02-04T23:20:25.569+0000] {dagbag.py:588} INFO - Filling up the DagBag from /home/airflow/.local/lib/python3.12/site-packages/airflow/example_dags/tutorial.py
[2025-02-04T23:20:25.578+0000] {processor.py:925} INFO - DAG(s) 'tutorial' retrieved from /home/airflow/.local/lib/python3.12/site-packages/airflow/example_dags/tutorial.py
[2025-02-04T23:20:25.598+0000] {logging_mixin.py:190} INFO - [2025-02-04T23:20:25.598+0000] {dag.py:3239} INFO - Sync 1 DAGs
[2025-02-04T23:20:25.615+0000] {logging_mixin.py:190} INFO - [2025-02-04T23:20:25.615+0000] {dag.py:4180} INFO - Setting next_dagrun for tutorial to 2025-02-03 00:00:00+00:00, run_after=2025-02-04 00:00:00+00:00
[2025-02-04T23:20:25.631+0000] {processor.py:208} INFO - Processing /home/airflow/.local/lib/python3.12/site-packages/airflow/example_dags/tutorial.py took 0.072 seconds
[2025-02-04T23:20:56.424+0000] {processor.py:186} INFO - Started process (PID=230) to work on /home/airflow/.local/lib/python3.12/site-packages/airflow/example_dags/tutorial.py
[2025-02-04T23:20:56.426+0000] {processor.py:914} INFO - Processing file /home/airflow/.local/lib/python3.12/site-packages/airflow/example_dags/tutorial.py for tasks to queue
[2025-02-04T23:20:56.427+0000] {logging_mixin.py:190} INFO - [2025-02-04T23:20:56.427+0000] {dagbag.py:588} INFO - Filling up the DagBag from /home/airflow/.local/lib/python3.12/site-packages/airflow/example_dags/tutorial.py
[2025-02-04T23:20:56.433+0000] {processor.py:925} INFO - DAG(s) 'tutorial' retrieved from /home/airflow/.local/lib/python3.12/site-packages/airflow/example_dags/tutorial.py
[2025-02-04T23:20:56.447+0000] {logging_mixin.py:190} INFO - [2025-02-04T23:20:56.447+0000] {dag.py:3239} INFO - Sync 1 DAGs
[2025-02-04T23:20:56.464+0000] {logging_mixin.py:190} INFO - [2025-02-04T23:20:56.464+0000] {dag.py:4180} INFO - Setting next_dagrun for tutorial to 2025-02-03 00:00:00+00:00, run_after=2025-02-04 00:00:00+00:00
[2025-02-04T23:20:56.481+0000] {processor.py:208} INFO - Processing /home/airflow/.local/lib/python3.12/site-packages/airflow/example_dags/tutorial.py took 0.061 seconds
