[2025-02-04T23:19:54.487+0000] {processor.py:186} INFO - Started process (PID=102) to work on /home/airflow/.local/lib/python3.12/site-packages/airflow/example_dags/tutorial_taskflow_templates.py
[2025-02-04T23:19:54.488+0000] {processor.py:914} INFO - Processing file /home/airflow/.local/lib/python3.12/site-packages/airflow/example_dags/tutorial_taskflow_templates.py for tasks to queue
[2025-02-04T23:19:54.490+0000] {logging_mixin.py:190} INFO - [2025-02-04T23:19:54.490+0000] {dagbag.py:588} INFO - Filling up the DagBag from /home/airflow/.local/lib/python3.12/site-packages/airflow/example_dags/tutorial_taskflow_templates.py
[2025-02-04T23:19:54.502+0000] {processor.py:925} INFO - DAG(s) 'tutorial_taskflow_templates' retrieved from /home/airflow/.local/lib/python3.12/site-packages/airflow/example_dags/tutorial_taskflow_templates.py
[2025-02-04T23:19:54.603+0000] {logging_mixin.py:190} INFO - [2025-02-04T23:19:54.602+0000] {override.py:1911} INFO - Created Permission View: can edit on DAG:tutorial_taskflow_templates
[2025-02-04T23:19:54.613+0000] {logging_mixin.py:190} INFO - [2025-02-04T23:19:54.613+0000] {override.py:1911} INFO - Created Permission View: can read on DAG:tutorial_taskflow_templates
[2025-02-04T23:19:54.620+0000] {logging_mixin.py:190} INFO - [2025-02-04T23:19:54.620+0000] {override.py:1911} INFO - Created Permission View: can delete on DAG:tutorial_taskflow_templates
[2025-02-04T23:19:54.631+0000] {logging_mixin.py:190} INFO - [2025-02-04T23:19:54.631+0000] {override.py:1911} INFO - Created Permission View: can delete on DAG Run:tutorial_taskflow_templates
[2025-02-04T23:19:54.639+0000] {logging_mixin.py:190} INFO - [2025-02-04T23:19:54.639+0000] {override.py:1911} INFO - Created Permission View: can read on DAG Run:tutorial_taskflow_templates
[2025-02-04T23:19:54.646+0000] {logging_mixin.py:190} INFO - [2025-02-04T23:19:54.645+0000] {override.py:1911} INFO - Created Permission View: can create on DAG Run:tutorial_taskflow_templates
[2025-02-04T23:19:54.654+0000] {logging_mixin.py:190} INFO - [2025-02-04T23:19:54.653+0000] {override.py:1911} INFO - Created Permission View: menu access on DAG Run:tutorial_taskflow_templates
[2025-02-04T23:19:54.654+0000] {logging_mixin.py:190} INFO - [2025-02-04T23:19:54.654+0000] {dag.py:3239} INFO - Sync 1 DAGs
[2025-02-04T23:19:54.664+0000] {logging_mixin.py:190} INFO - [2025-02-04T23:19:54.664+0000] {dag.py:3262} INFO - Creating ORM DAG for tutorial_taskflow_templates
[2025-02-04T23:19:54.672+0000] {logging_mixin.py:190} INFO - [2025-02-04T23:19:54.672+0000] {dag.py:4180} INFO - Setting next_dagrun for tutorial_taskflow_templates to 2025-02-03 00:00:00+00:00, run_after=2025-02-04 00:00:00+00:00
[2025-02-04T23:19:54.689+0000] {processor.py:208} INFO - Processing /home/airflow/.local/lib/python3.12/site-packages/airflow/example_dags/tutorial_taskflow_templates.py took 0.207 seconds
[2025-02-04T23:20:25.476+0000] {processor.py:186} INFO - Started process (PID=165) to work on /home/airflow/.local/lib/python3.12/site-packages/airflow/example_dags/tutorial_taskflow_templates.py
[2025-02-04T23:20:25.478+0000] {processor.py:914} INFO - Processing file /home/airflow/.local/lib/python3.12/site-packages/airflow/example_dags/tutorial_taskflow_templates.py for tasks to queue
[2025-02-04T23:20:25.480+0000] {logging_mixin.py:190} INFO - [2025-02-04T23:20:25.479+0000] {dagbag.py:588} INFO - Filling up the DagBag from /home/airflow/.local/lib/python3.12/site-packages/airflow/example_dags/tutorial_taskflow_templates.py
[2025-02-04T23:20:25.490+0000] {processor.py:925} INFO - DAG(s) 'tutorial_taskflow_templates' retrieved from /home/airflow/.local/lib/python3.12/site-packages/airflow/example_dags/tutorial_taskflow_templates.py
[2025-02-04T23:20:25.509+0000] {logging_mixin.py:190} INFO - [2025-02-04T23:20:25.509+0000] {dag.py:3239} INFO - Sync 1 DAGs
[2025-02-04T23:20:25.528+0000] {logging_mixin.py:190} INFO - [2025-02-04T23:20:25.527+0000] {dag.py:4180} INFO - Setting next_dagrun for tutorial_taskflow_templates to 2025-02-03 00:00:00+00:00, run_after=2025-02-04 00:00:00+00:00
[2025-02-04T23:20:25.544+0000] {processor.py:208} INFO - Processing /home/airflow/.local/lib/python3.12/site-packages/airflow/example_dags/tutorial_taskflow_templates.py took 0.073 seconds
[2025-02-04T23:20:56.339+0000] {processor.py:186} INFO - Started process (PID=228) to work on /home/airflow/.local/lib/python3.12/site-packages/airflow/example_dags/tutorial_taskflow_templates.py
[2025-02-04T23:20:56.340+0000] {processor.py:914} INFO - Processing file /home/airflow/.local/lib/python3.12/site-packages/airflow/example_dags/tutorial_taskflow_templates.py for tasks to queue
[2025-02-04T23:20:56.342+0000] {logging_mixin.py:190} INFO - [2025-02-04T23:20:56.342+0000] {dagbag.py:588} INFO - Filling up the DagBag from /home/airflow/.local/lib/python3.12/site-packages/airflow/example_dags/tutorial_taskflow_templates.py
[2025-02-04T23:20:56.352+0000] {processor.py:925} INFO - DAG(s) 'tutorial_taskflow_templates' retrieved from /home/airflow/.local/lib/python3.12/site-packages/airflow/example_dags/tutorial_taskflow_templates.py
[2025-02-04T23:20:56.370+0000] {logging_mixin.py:190} INFO - [2025-02-04T23:20:56.370+0000] {dag.py:3239} INFO - Sync 1 DAGs
[2025-02-04T23:20:56.388+0000] {logging_mixin.py:190} INFO - [2025-02-04T23:20:56.388+0000] {dag.py:4180} INFO - Setting next_dagrun for tutorial_taskflow_templates to 2025-02-03 00:00:00+00:00, run_after=2025-02-04 00:00:00+00:00
[2025-02-04T23:20:56.405+0000] {processor.py:208} INFO - Processing /home/airflow/.local/lib/python3.12/site-packages/airflow/example_dags/tutorial_taskflow_templates.py took 0.071 seconds
