[2025-02-04T23:19:46.791+0000] {processor.py:186} INFO - Started process (PID=68) to work on /home/airflow/.local/lib/python3.12/site-packages/airflow/example_dags/tutorial_dag.py
[2025-02-04T23:19:46.792+0000] {processor.py:914} INFO - Processing file /home/airflow/.local/lib/python3.12/site-packages/airflow/example_dags/tutorial_dag.py for tasks to queue
[2025-02-04T23:19:46.796+0000] {logging_mixin.py:190} INFO - [2025-02-04T23:19:46.795+0000] {dagbag.py:588} INFO - Filling up the DagBag from /home/airflow/.local/lib/python3.12/site-packages/airflow/example_dags/tutorial_dag.py
[2025-02-04T23:19:46.809+0000] {processor.py:925} INFO - DAG(s) 'tutorial_dag' retrieved from /home/airflow/.local/lib/python3.12/site-packages/airflow/example_dags/tutorial_dag.py
[2025-02-04T23:19:47.090+0000] {logging_mixin.py:190} INFO - [2025-02-04T23:19:47.090+0000] {override.py:1911} INFO - Created Permission View: can edit on DAG:tutorial_dag
[2025-02-04T23:19:47.103+0000] {logging_mixin.py:190} INFO - [2025-02-04T23:19:47.102+0000] {override.py:1911} INFO - Created Permission View: can read on DAG:tutorial_dag
[2025-02-04T23:19:47.112+0000] {logging_mixin.py:190} INFO - [2025-02-04T23:19:47.111+0000] {override.py:1911} INFO - Created Permission View: can delete on DAG:tutorial_dag
[2025-02-04T23:19:47.124+0000] {logging_mixin.py:190} INFO - [2025-02-04T23:19:47.124+0000] {override.py:1911} INFO - Created Permission View: can delete on DAG Run:tutorial_dag
[2025-02-04T23:19:47.132+0000] {logging_mixin.py:190} INFO - [2025-02-04T23:19:47.132+0000] {override.py:1911} INFO - Created Permission View: can read on DAG Run:tutorial_dag
[2025-02-04T23:19:47.140+0000] {logging_mixin.py:190} INFO - [2025-02-04T23:19:47.140+0000] {override.py:1911} INFO - Created Permission View: can create on DAG Run:tutorial_dag
[2025-02-04T23:19:47.148+0000] {logging_mixin.py:190} INFO - [2025-02-04T23:19:47.147+0000] {override.py:1911} INFO - Created Permission View: menu access on DAG Run:tutorial_dag
[2025-02-04T23:19:47.148+0000] {logging_mixin.py:190} INFO - [2025-02-04T23:19:47.148+0000] {dag.py:3239} INFO - Sync 1 DAGs
[2025-02-04T23:19:47.163+0000] {logging_mixin.py:190} INFO - [2025-02-04T23:19:47.163+0000] {dag.py:3262} INFO - Creating ORM DAG for tutorial_dag
[2025-02-04T23:19:47.164+0000] {logging_mixin.py:190} INFO - [2025-02-04T23:19:47.164+0000] {dag.py:4180} INFO - Setting next_dagrun for tutorial_dag to None, run_after=None
[2025-02-04T23:19:47.188+0000] {processor.py:208} INFO - Processing /home/airflow/.local/lib/python3.12/site-packages/airflow/example_dags/tutorial_dag.py took 0.407 seconds
[2025-02-04T23:20:18.086+0000] {processor.py:186} INFO - Started process (PID=131) to work on /home/airflow/.local/lib/python3.12/site-packages/airflow/example_dags/tutorial_dag.py
[2025-02-04T23:20:18.086+0000] {processor.py:914} INFO - Processing file /home/airflow/.local/lib/python3.12/site-packages/airflow/example_dags/tutorial_dag.py for tasks to queue
[2025-02-04T23:20:18.088+0000] {logging_mixin.py:190} INFO - [2025-02-04T23:20:18.088+0000] {dagbag.py:588} INFO - Filling up the DagBag from /home/airflow/.local/lib/python3.12/site-packages/airflow/example_dags/tutorial_dag.py
[2025-02-04T23:20:18.092+0000] {processor.py:925} INFO - DAG(s) 'tutorial_dag' retrieved from /home/airflow/.local/lib/python3.12/site-packages/airflow/example_dags/tutorial_dag.py
[2025-02-04T23:20:18.106+0000] {logging_mixin.py:190} INFO - [2025-02-04T23:20:18.106+0000] {dag.py:3239} INFO - Sync 1 DAGs
[2025-02-04T23:20:18.116+0000] {logging_mixin.py:190} INFO - [2025-02-04T23:20:18.116+0000] {dag.py:4180} INFO - Setting next_dagrun for tutorial_dag to None, run_after=None
[2025-02-04T23:20:18.132+0000] {processor.py:208} INFO - Processing /home/airflow/.local/lib/python3.12/site-packages/airflow/example_dags/tutorial_dag.py took 0.050 seconds
[2025-02-04T23:20:50.065+0000] {processor.py:186} INFO - Started process (PID=194) to work on /home/airflow/.local/lib/python3.12/site-packages/airflow/example_dags/tutorial_dag.py
[2025-02-04T23:20:50.067+0000] {processor.py:914} INFO - Processing file /home/airflow/.local/lib/python3.12/site-packages/airflow/example_dags/tutorial_dag.py for tasks to queue
[2025-02-04T23:20:50.070+0000] {logging_mixin.py:190} INFO - [2025-02-04T23:20:50.069+0000] {dagbag.py:588} INFO - Filling up the DagBag from /home/airflow/.local/lib/python3.12/site-packages/airflow/example_dags/tutorial_dag.py
[2025-02-04T23:20:50.077+0000] {processor.py:925} INFO - DAG(s) 'tutorial_dag' retrieved from /home/airflow/.local/lib/python3.12/site-packages/airflow/example_dags/tutorial_dag.py
[2025-02-04T23:20:50.096+0000] {logging_mixin.py:190} INFO - [2025-02-04T23:20:50.096+0000] {dag.py:3239} INFO - Sync 1 DAGs
[2025-02-04T23:20:50.108+0000] {logging_mixin.py:190} INFO - [2025-02-04T23:20:50.108+0000] {dag.py:4180} INFO - Setting next_dagrun for tutorial_dag to None, run_after=None
[2025-02-04T23:20:50.126+0000] {processor.py:208} INFO - Processing /home/airflow/.local/lib/python3.12/site-packages/airflow/example_dags/tutorial_dag.py took 0.066 seconds
