[2025-02-04T23:19:57.528+0000] {processor.py:186} INFO - Started process (PID=120) to work on /home/airflow/.local/lib/python3.12/site-packages/airflow/example_dags/tutorial_taskflow_api_virtualenv.py
[2025-02-04T23:19:57.528+0000] {processor.py:914} INFO - Processing file /home/airflow/.local/lib/python3.12/site-packages/airflow/example_dags/tutorial_taskflow_api_virtualenv.py for tasks to queue
[2025-02-04T23:19:57.531+0000] {logging_mixin.py:190} INFO - [2025-02-04T23:19:57.531+0000] {dagbag.py:588} INFO - Filling up the DagBag from /home/airflow/.local/lib/python3.12/site-packages/airflow/example_dags/tutorial_taskflow_api_virtualenv.py
[2025-02-04T23:19:57.542+0000] {processor.py:925} INFO - DAG(s) 'tutorial_taskflow_api_virtualenv' retrieved from /home/airflow/.local/lib/python3.12/site-packages/airflow/example_dags/tutorial_taskflow_api_virtualenv.py
[2025-02-04T23:19:57.629+0000] {logging_mixin.py:190} INFO - [2025-02-04T23:19:57.628+0000] {override.py:1911} INFO - Created Permission View: can edit on DAG:tutorial_taskflow_api_virtualenv
[2025-02-04T23:19:57.640+0000] {logging_mixin.py:190} INFO - [2025-02-04T23:19:57.639+0000] {override.py:1911} INFO - Created Permission View: can read on DAG:tutorial_taskflow_api_virtualenv
[2025-02-04T23:19:57.647+0000] {logging_mixin.py:190} INFO - [2025-02-04T23:19:57.647+0000] {override.py:1911} INFO - Created Permission View: can delete on DAG:tutorial_taskflow_api_virtualenv
[2025-02-04T23:19:57.657+0000] {logging_mixin.py:190} INFO - [2025-02-04T23:19:57.657+0000] {override.py:1911} INFO - Created Permission View: can delete on DAG Run:tutorial_taskflow_api_virtualenv
[2025-02-04T23:19:57.665+0000] {logging_mixin.py:190} INFO - [2025-02-04T23:19:57.665+0000] {override.py:1911} INFO - Created Permission View: can read on DAG Run:tutorial_taskflow_api_virtualenv
[2025-02-04T23:19:57.674+0000] {logging_mixin.py:190} INFO - [2025-02-04T23:19:57.674+0000] {override.py:1911} INFO - Created Permission View: can create on DAG Run:tutorial_taskflow_api_virtualenv
[2025-02-04T23:19:57.684+0000] {logging_mixin.py:190} INFO - [2025-02-04T23:19:57.684+0000] {override.py:1911} INFO - Created Permission View: menu access on DAG Run:tutorial_taskflow_api_virtualenv
[2025-02-04T23:19:57.685+0000] {logging_mixin.py:190} INFO - [2025-02-04T23:19:57.685+0000] {dag.py:3239} INFO - Sync 1 DAGs
[2025-02-04T23:19:57.698+0000] {logging_mixin.py:190} INFO - [2025-02-04T23:19:57.698+0000] {dag.py:3262} INFO - Creating ORM DAG for tutorial_taskflow_api_virtualenv
[2025-02-04T23:19:57.699+0000] {logging_mixin.py:190} INFO - [2025-02-04T23:19:57.699+0000] {dag.py:4180} INFO - Setting next_dagrun for tutorial_taskflow_api_virtualenv to None, run_after=None
[2025-02-04T23:19:57.718+0000] {processor.py:208} INFO - Processing /home/airflow/.local/lib/python3.12/site-packages/airflow/example_dags/tutorial_taskflow_api_virtualenv.py took 0.195 seconds
[2025-02-04T23:20:28.739+0000] {processor.py:186} INFO - Started process (PID=183) to work on /home/airflow/.local/lib/python3.12/site-packages/airflow/example_dags/tutorial_taskflow_api_virtualenv.py
[2025-02-04T23:20:28.740+0000] {processor.py:914} INFO - Processing file /home/airflow/.local/lib/python3.12/site-packages/airflow/example_dags/tutorial_taskflow_api_virtualenv.py for tasks to queue
[2025-02-04T23:20:28.743+0000] {logging_mixin.py:190} INFO - [2025-02-04T23:20:28.743+0000] {dagbag.py:588} INFO - Filling up the DagBag from /home/airflow/.local/lib/python3.12/site-packages/airflow/example_dags/tutorial_taskflow_api_virtualenv.py
[2025-02-04T23:20:28.756+0000] {processor.py:925} INFO - DAG(s) 'tutorial_taskflow_api_virtualenv' retrieved from /home/airflow/.local/lib/python3.12/site-packages/airflow/example_dags/tutorial_taskflow_api_virtualenv.py
[2025-02-04T23:20:28.777+0000] {logging_mixin.py:190} INFO - [2025-02-04T23:20:28.776+0000] {dag.py:3239} INFO - Sync 1 DAGs
[2025-02-04T23:20:28.790+0000] {logging_mixin.py:190} INFO - [2025-02-04T23:20:28.790+0000] {dag.py:4180} INFO - Setting next_dagrun for tutorial_taskflow_api_virtualenv to None, run_after=None
[2025-02-04T23:20:28.813+0000] {processor.py:208} INFO - Processing /home/airflow/.local/lib/python3.12/site-packages/airflow/example_dags/tutorial_taskflow_api_virtualenv.py took 0.081 seconds
